============================= test session starts ==============================
platform darwin -- Python 3.12.7, pytest-9.1.1, pluggy-1.6.0
rootdir: /Users/demouser/Desktop/HYBA_FULLSTACK
configfile: pyproject.toml
testpaths: tests, additional_tests, hyba_intelligence_tests, hyba_quantum_scaling_benchmark_tests
plugins: anyio-4.14.0, asyncio-1.4.0, hypothesis-6.155.6
asyncio: mode=Mode.STRICT, debug=False, asyncio_default_fixture_loop_scope=None, asyncio_default_test_loop_scope=function
collected 2628 items / 31 errors

<Dir HYBA_FULLSTACK>
  <Dir tests>
    <Module test_a_priori_being.py>
      <UnitTestCase TestAPrioriBeing>
        <TestCaseFunction test_manifold_curvature_positivity>
        <TestCaseFunction test_phi_resonance_invariants>
        <TestCaseFunction test_recursive_closure_safety>
      <UnitTestCase TestAPrioriBeingExtended>
        <TestCaseFunction test_compression_ratio_bounded>
        <TestCaseFunction test_elegance_score_bounded>
        <TestCaseFunction test_entropy_bounds>
        <TestCaseFunction test_euler_characteristic_integer>
        <TestCaseFunction test_governance_tag_in_expected_set>
        <TestCaseFunction test_predictive_free_energy_non_negative>
        <TestCaseFunction test_ricci_flow_curvature_non_negative>
        <TestCaseFunction test_topological_genus_proxy_integer>
    <Module test_absolute_completion.py>
      <UnitTestCase AbsoluteCompletionTests>
        <TestCaseFunction test_explainer_integrity_rejects_brittle_or_unbounded_proposals>
        <TestCaseFunction test_final_audit_seal_is_absolute_with_complete_measured_invariants>
        <TestCaseFunction test_final_audit_seal_is_partial_without_measured_invariants>
        <TestCaseFunction test_heartbeat_runs_single_explicit_pulse>
        <TestCaseFunction test_manifold_recovery_keeps_volume_open>
        <TestCaseFunction test_perelman_proxy_preserves_positive_volume_bias>
    <Module test_absolute_intelligence.py>
      <UnitTestCase AbsoluteIntelligenceTests>
        <TestCaseFunction test_manifold_engine_compatibility_methods>
        <TestCaseFunction test_phi_bounds_and_entropy_aliases>
        <TestCaseFunction test_recursive_evolution_compatibility_constructor>
        <TestCaseFunction test_reflexive_step_absolute_telemetry>
    <Module test_adaptive_behavior_deep_analysis.py>
      <UnitTestCase TestAdaptiveBehaviorDeepAnalysis>
        <TestCaseFunction test_01_feedback_loops>
        <TestCaseFunction test_02_parameter_optimization>
        <TestCaseFunction test_03_memory_accumulation>
        <TestCaseFunction test_04_self_modification_sites>
        <TestCaseFunction test_05_adaptive_behavior_verdict>
    <Module test_adaptive_capability_registry.py>
      <Function test_registry_has_expected_capability_ids>
      <Function test_each_capability_has_required_evidence_fields>
      <Function test_registry_referenced_tests_exist>
      <Function test_registry_preserves_claim_boundary_language>
      <Function test_status_values_are_from_declared_vocabulary>
    <Module test_adaptive_science_claim_gate.py>
      <Function test_feedback_detector_catches_controlled_state_update>
      <Function test_memory_and_optimization_detectors_are_distinct>
      <Function test_controlled_science_program_preserves_proof_ladder>
      <Function test_adaptive_artifact_claim_boundary_when_present>
    <Module test_after_quantum_trifecta.py>
      <Function test_after_quantum_trifecta_reports_are_bounded>
      <Function test_global_formalism_efficiency_index_covers_all_domains>
      <Function test_global_formalism_efficiency_index_script_outputs_json>
    <Module test_agent1_core_mining_engine.py>
      <Function test_unified_mining_engine_initialization_default_config>
      <Function test_unified_mining_engine_initialization_with_custom_capacity>
      <Function test_engine_lifecycle_startup_shutdown_records_backend>
      <Function test_strategy_selection_based_on_high_coherence>
      <Function test_strategy_selection_thresholds[0.55-60.0-True]>
      <Function test_strategy_selection_thresholds[0.1-120.0-False]>
      <Function test_search_updates_state_metrics>
      <Function test_autonomic_event_when_healing_needed>
      <Function test_autonomous_failure_opens_degraded_path_without_blocking_search>
      <Function test_coherence_for_next_search_initializes_missing_measurement>
      <Function test_verify_batch_records_hashrate_and_batch_size>
      <Function test_submit_candidate_records_candidate_validity>
      <Function test_share_acceptance_ratio_tracking_counts_accepted_and_rejected>
      <Function test_analyze_nonce_resonance_uses_float_nonce_payload>
      <Function test_benchmark_passes_measured_and_baseline_values>
      <Function test_autonomous_control_methods_delegate_to_controller>
      <Function test_autonomy_status_level_and_decision_history>
      <Function test_phi_config_validation_bounds_checking>
      <Function test_phi_config_loading_from_environment>
      <Function test_environment_variable_precedence_blocks_dev_fixtures_in_live_mode>
      <Function test_production_secret_gate_accepts_secure_values>
      <Function test_orchestrator_requires_at_least_one_pool>
      <Function test_orchestrator_initializes_pool_health>
      <Function test_pool_health_updates_reset_consecutive_failures>
      <Function test_pool_failure_thresholds_progress_to_degraded>
      <Function test_pool_failure_can_mark_offline_without_degraded_reset>
      <Function test_orchestrator_job_dispatch_uses_priority_order>
      <Function test_share_collection_records_acceptance_and_rejection>
      <Function test_hashrate_acceptance_ratio_tracking_in_mining_stats>
      <Function test_orchestrator_failover_skips_rejected_first_pool>
      <Function test_multi_pool_submission_collects_only_share_results>
      <Function test_get_next_job_updates_job_metadata>
      <Function test_start_stop_manage_background_tasks>
    <Module test_agent2_pool_stratum.py>
      <Function test_pool_profile_masks_credentials_by_default>
      <Function test_pool_profile_extracts_inline_credentials_and_sanitizes_url>
      <Function test_build_profile_uses_inline_credentials_when_fields_empty>
      <Function test_validate_pool_url_rejects_invalid_or_mismatched_urls[http://host:3333]>
      <Function test_validate_pool_url_rejects_invalid_or_mismatched_urls[stratum+tcp://host]>
      <Function test_validate_pool_url_rejects_invalid_or_mismatched_urls[stratum+tcp://host:3336]>
      <Function test_validate_pool_url_enforces_tls_requirement>
      <Function test_validate_profile_normalizes_url_credentials>
      <Function test_validate_profile_rejects_required_field_errors[kwargs0]>
      <Function test_validate_profile_rejects_required_field_errors[kwargs1]>
      <Function test_validate_profile_rejects_required_field_errors[kwargs2]>
      <Function test_validate_profile_rejects_required_field_errors[kwargs3]>
      <Function test_validate_profile_rejects_required_field_errors[kwargs4]>
      <Function test_pool_credential_config_resolves_ckpool_and_nicehash_usernames>
      <Function test_pool_config_to_dict_redacts_runtime_secrets>
      <Function test_order_profiles_sorts_by_priority_then_pool_id>
      <Function test_default_pool_config_reads_env_priority>
      <Function test_load_runtime_pool_configs_env_takes_precedence_over_file>
      <Function test_save_runtime_pool_config_writes_0600_and_load_pool_profiles>
      <Function test_validate_pool_config_rejects_missing_credentials>
      <Function test_parse_endpoint_recognizes_tls_and_ports[stratum+tcp://host:3333-False]>
      <Function test_parse_endpoint_recognizes_tls_and_ports[stratum+ssl://host:443-True]>
      <Function test_parse_endpoint_recognizes_tls_and_ports[stratum2+tls://host:3336-True]>
      <Function test_parse_endpoint_rejects_unsupported_scheme_and_missing_host>
      <Function test_transport_send_line_appends_newline_and_requires_connection>
      <Function test_transport_read_line_decodes_and_detects_closed_stream>
      <Function test_json_rpc_submit_formatting_and_hex_normalization>
      <Function test_malformed_json_and_protocol_messages_raise[not-json]>
      <Function test_malformed_json_and_protocol_messages_raise[[]]>
      <Function test_malformed_json_and_protocol_messages_raise[{"method": "mining.notify", "params": []}]>
      <Function test_parse_subscribe_result_falls_back_empty_extranonce_and_limits_size>
      <Function test_live_session_connection_handshake_ignores_interleaved_notifications>
      <Function test_live_session_authentication_failure_raises>
      <Function test_live_session_read_event_skips_responses_by_default>
      <Function test_live_session_submit_share_requires_authorization_and_records_rejection>
      <Function test_live_session_close_delegates_to_transport>
      <Function test_difficulty_to_target_rejects_zero_and_decreases_with_difficulty>
      <Function test_client_backoff_is_deterministic_and_capped>
      <Function test_client_circuit_breaker_opens_and_half_opens_after_timeout>
      <Function test_client_pool_response_validation[response0]>
      <Function test_client_pool_response_validation[response1]>
      <Function test_client_pool_response_validation[response2]>
      <Function test_client_pool_response_validation[response3]>
      <Function test_client_poll_live_event_records_difficulty>
      <Function test_client_poll_live_event_adds_notify_job_and_marks_clean_jobs_stale>
      <Function test_client_poll_live_event_handles_extranonce_and_unknown_events>
      <Function test_client_poll_live_event_timeout_returns_none_and_checks_stale>
      <Function test_client_health_score_penalizes_failures_latency_rejections_and_stale_jobs>
      <Function test_client_status_reports_precise_last_job_reason>
      <Function test_client_disconnect_closes_live_session_and_records_state>
      <Function test_client_production_requires_credentials>
      <Function test_dev_fixture_job_injection_disabled_in_production>
      <Function test_pool_manager_selects_current_healthy_pool>
      <Function test_pool_manager_fails_over_to_secondary>
      <Function test_pool_manager_raises_when_all_pools_offline>
      <Function test_pool_manager_status_marks_active_pool>
    <Module test_agent3_quantum_solvers.py>
      <Function test_dodecahedral_quantum_solver_initialization>
      <Function test_basis_states_generation_correctness>
      <Function test_phi_phase_alignment_computation>
      <Function test_solver_configuration_idempotence>
      <Function test_grover_superposition_creation_probability_normalizes>
      <Function test_grover_oracle_phase_flip_amplifies_marked_state>
      <Function test_grover_diffusion_operator_preserves_norm>
      <Function test_grover_amplitude_amplification_returns_normalized_state>
      <Function test_grover_measurement_probability_distribution_bounds>
      <Function test_nonce_generation_correctness>
      <Function test_nonce_range_boundary_handling>
      <Function test_nonce_uniqueness_guarantee_for_full_basis_window>
      <Function test_search_space_coverage_across_multiple_ranges>
      <Function test_marked_state_identification_is_stable>
      <Function test_refractory_period_enforcement_attenuates_fault>
      <Function test_lindblad_decay_operator_preserves_density_invariants>
      <Function test_module_recovery_from_injury_increases_target_fidelity>
      <Function test_regeneration_stabilization_duration_records_window>
      <Function test_classical_fallback_activation_when_no_marked_states>
      <Function test_classical_brute_force_correctness_sets_solution_metadata>
      <Function test_fallback_determinism_for_fresh_solvers>
      <Function test_classical_timeout_handling>
      <Function test_solver_hashrate_calculation_is_capped>
      <Function test_entropy_measurement_uniform_state>
      <Function test_coherence_scoring_range>
      <Function test_solver_health_check_and_restart>
      <Function test_grover_iteration_count_is_bounded_by_max_iterations>
      <Function test_first_hit_latency_is_recorded_for_solve>
      <Function test_solver_throughput_under_small_load_completes_quickly>
      <Function test_memory_efficiency_for_basis_state_size>
      <Function test_complex_amplitude_normalization>
      <Function test_phase_accumulation_accuracy_for_fault_operator_unitary>
      <Function test_floating_point_precision_handling_rejects_nan_entropy>
      <Function test_norme_computation_stability_for_joint_states>
      <Function test_zero_marked_states_handling>
      <Function test_singular_matrix_recovery_via_invalid_density_matrix>
      <Function test_maximum_iteration_limits_are_validated>
      <Function test_missing_context_raises_innervation_failure>
      <Function test_hardware_speedup_stub_remains_unimplemented>
    <Module test_agent4_data_storage_knowledge.py>
      <Class TestAgent4PhiFoldingCompression>
        <Function test_phi_folding_compression_ratio_reduces_working_set>
        <Function test_phi_folding_reversibility_guarantee_for_dense_payload>
        <Function test_phi_folding_reports_matrix_error_bounds>
        <Function test_phi_folding_sparse_payload_uses_sparse_strategy>
        <Function test_phi_folding_recursive_depth_changes_fold_count>
      <Class TestAgent4CompressionEngine>
        <Function test_compression_engine_initialization_rejects_invalid_config[kwargs0-tolerance]>
        <Function test_compression_engine_initialization_rejects_invalid_config[kwargs1-fold_depth]>
        <Function test_compression_engine_initialization_rejects_invalid_config[kwargs2-sparse_skip_threshold]>
        <Function test_compression_result_as_dict_omits_large_arrays>
        <Function test_unfold_reconstruction_returns_copy_not_internal_state>
        <Function test_kernel_storage_efficiency_tracks_retained_bytes>
        <Function test_stream_compression_consistency_across_chunks>
      <Class TestAgent4Proofs>
        <Function test_lane_surface_coverage_proof_is_complete>
        <Function test_compression_reversibility_proof_is_deterministic>
        <Function test_proof_mathematical_soundness_verifies_inverse>
        <Function test_memory_compression_gate_closes>
      <Class TestAgent4PhiScaling>
        <Function test_phi_scaled_ensemble_initialization_respects_memory_limit_alias>
        <Function test_phi_harmonized_weight_calculation_normalizes_weights>
        <Function test_golden_ratio_resonance_detection_identifies_fibonacci_like_series>
        <Function test_phi_scaling_robustness_returns_conservative_mode_for_spoofed_stream>
        <Function test_phi_scaling_performance_impact_uses_measured_input_only_when_supplied>
      <Class TestAgent4KnowledgeBase>
        <Function test_success_criteria_evaluation_scores_optimal_metrics>
        <Function test_pitfall_detection_accuracy_for_hot_low_hashrate_state>
        <Function test_mining_rules_compliance_checking_exposes_mandatory_rules>
        <Function test_operational_expectations_validation_reports_warnings_and_critical_alerts>
        <Function test_knowledge_base_consistency_and_overall_assessment>
      <Class TestAgent4Integration>
        <Function test_knowledge_informed_mining_decisions_feed_phi_scaling>
        <Function test_compressed_state_and_proof_agree_on_retained_dimensions>
        <Function test_phi_feature_extraction_and_performance_summary_are_bounded>
    <Module test_ai_capability_benchmarks.py>
      <Function test_ai_capability_benchmark_suite>
    <Module test_ai_orchestration_layer.py>
      <Class TestAIStage>
        <Function test_ai_stage_values>
      <Class TestAIPoweredInitialization>
        <Function test_initialization_initialization>
        <Function test_analyze_system_capabilities>
        <Function test_generate_initial_configuration>
        <Function test_initialization_history>
        <Function test_get_initialization_summary>
      <Class TestAIDecisionMaker>
        <Function test_decision_maker_initialization>
        <Function test_analyze_performance_metrics>
        <Function test_make_parameter_adjustment_decision>
        <Function test_parameter_adjustment_low_performance>
        <Function test_parameter_adjustment_high_performance>
        <Function test_make_nonce_generation_decision>
        <Function test_nonce_generation_low_success_rate>
        <Function test_nonce_generation_high_success_rate>
        <Function test_get_decision_summary>
      <Class TestAIOptimizedShareSubmission>
        <Function test_submission_initialization>
        <Function test_analyze_submission_timing_empty>
        <Function test_analyze_submission_timing_with_data>
        <Function test_make_submission_decision>
        <Function test_submission_decision_batched>
        <Function test_get_submission_summary>
      <Class TestAIAdvisorySystem>
        <Function test_advisory_initialization>
        <Function test_generate_advisory_critical_temperature>
        <Function test_generate_advisory_high_error_rate>
        <Function test_generate_advisory_low_hashrate>
        <Function test_generate_advisory_normal_operation>
        <Function test_detect_anomalies>
        <Function test_detect_anomalies_normal>
        <Function test_get_advisory_summary>
      <Class TestUnifiedAIOrchestrationLayer>
        <Function test_orchestration_initialization>
        <Function test_initialize_system>
        <Function test_make_pipeline_decision>
        <Function test_optimize_share_submission>
        <Function test_generate_advisory>
        <Function test_get_comprehensive_summary>
        <Function test_enable_disable_ai_stage>
    <Module test_apple_silicon_metal_gate.py>
      <Function test_probe_reports_unavailable_without_apple_silicon>
      <Function test_probe_verifies_fake_mlx_gpu_cpu_paths>
      <Function test_probe_is_replay_stable_except_timing>
    <Module test_audit_escalation_behavioral.py>
      <Function test_audit_journal_append_and_query>
      <Function test_audit_journal_chain_integrity_clean>
      <Function test_audit_journal_count_filtered>
      <Function test_autonomous_audit_logger_startup_self_healing_writes_entry>
      <Function test_escalation_advisory_to_supervised_fires_when_thresholds_met>
      <Function test_escalation_does_not_fire_below_phi_threshold>
      <Function test_escalation_respects_cooldown>
      <Function test_degradation_fires_on_consecutive_failures>
      <Function test_recovery_escalates_after_enough_successes>
    <Module test_auth_jwt_contracts.py>
      <Function test_credential_entries_preserve_argon2_commas>
      <Function test_credential_entries_support_semicolon_delimited_argon2_records>
      <Function test_allowed_operator_hashes_parse_roles>
      <Function test_sha256_operator_hashes_are_rejected_in_production>
      <Function test_sha256_operator_hashes_remain_dev_only_compatibility>
      <Function test_jwt_manager_create_verify_and_revoke_token>
      <Function test_get_jwt_manager_requires_secret_in_production>
      <Function test_get_jwt_manager_generates_process_local_dev_secret>
      <Function test_api_key_manager_parses_and_compares_keys>
    <Module test_autonomous_controller.py>
      <Class TestAuditLog>
        <Function test_audit_log_initialization>
        <Function test_audit_record>
        <Function test_audit_recent>
        <Function test_audit_recent_filtered>
        <Function test_audit_count_by_subsystem>
      <Class TestAutonomousHealer>
        <Function test_healer_initialization>
        <Function test_healer_register_module>
        <Function test_healer_monitor_tick>
        <Function test_healer_innervation_failure>
      <Class TestAutonomousOptimizer>
        <Function test_optimizer_initialization>
        <Function test_optimizer_register_target>
        <Function test_optimizer_tick>
        <Function test_optimizer_bounds_clamp>
        <Function test_optimizer_rollback>
        <Function test_optimizer_get_history>
      <Class TestMiningCircuitBreaker>
        <Function test_breaker_initialization>
        <Function test_breaker_gate_ungated_action>
        <Function test_breaker_gate_gated_action>
        <Function test_breaker_cooldown>
        <Function test_breaker_status>
        <Function test_breaker_ungated_status>
      <Class TestAutonomousMiner>
        <Function test_miner_initialization>
        <Function test_miner_tick_ungated>
        <Function test_miner_tick_gated_blocked>
        <Function test_miner_execute_action_not_implemented>
      <Class TestAutonomousMetaController>
        <Function test_meta_controller_initialization>
        <Function test_meta_controller_attach_miner>
        <Function test_meta_controller_tick_all>
        <Function test_meta_controller_get_audit_summary>
        <Function test_meta_controller_get_breaker_status>
        <Function test_meta_controller_without_miner>
      <Class TestBreakerState>
        <Function test_breaker_state_initialization>
        <Function test_breaker_state_check_and_record>
        <Function test_breaker_state_rate_limit>
        <Function test_breaker_state_window_expiration>
        <Function test_breaker_state_remaining_cooldown>
        <Function test_breaker_state_window_count>
    <Module test_autonomous_mining_advanced_autonomy.py>
      <Class TestContinuousHealthLoop>
        <Coroutine test_hashrate_dip_triggers_degradation_handler>
        <Coroutine test_error_rate_climbing_triggers_recalibration>
        <Coroutine test_start_continuous_monitor_prevents_double_start>
        <Coroutine test_stop_continuous_monitor_cancels_cleanly>
        <Coroutine test_continuous_monitor_records_autonomy_event>
      <Class TestDynamicResourceScaling>
        <Coroutine test_high_cpu_load_triggers_throttle>
        <Coroutine test_exactly_90_percent_cpu_does_not_throttle>
        <Coroutine test_low_cpu_load_triggers_expansion>
        <Coroutine test_exactly_40_percent_cpu_does_not_expand>
        <Coroutine test_moderate_cpu_load_does_nothing>
        <Function test_platform_interface_falls_back_to_simulated_load>
        <Coroutine test_adjust_intensity_scales_engine_parameters>
        <Coroutine test_resource_awareness_records_journal_event>
      <Class TestCircuitBreakerPattern>
        <Coroutine test_excessive_heal_attempts_triggers_failover>
        <Coroutine test_exactly_five_heal_attempts_does_not_trigger_failover>
        <Coroutine test_few_heal_attempts_proceeds_normally>
        <Coroutine test_heal_attempt_window_prunes_old_entries>
        <Coroutine test_switch_to_backup_resets_consecutive_failures>
        <Coroutine test_circuit_breaker_records_autonomy_event>
      <Class TestAutonomyJournal>
        <Function test_journal_bounded_to_1000_entries>
        <Function test_journal_returns_most_recent_first>
        <Function test_journal_limit_parameter>
        <Function test_calculate_optimization_delta_returns_zero_for_no_baseline>
        <Function test_calculate_optimization_delta_positive_improvement>
        <Coroutine test_performance_degradation_records_journal_event>
        <Coroutine test_parameter_recalibration_records_journal_event>
    <Module test_autonomous_mining_adversarial.py>
      <Function test_adversarial_negative_difficulty>
      <Function test_adversarial_extreme_response_time>
      <Function test_adversarial_future_timestamp>
      <Function test_adversarial_corrupted_state_file>
      <Function test_adversarial_mismatched_checksum>
      <Function test_adversarial_schema_version_downgrade>
      <Function test_adversarial_hermiticity_violation>
      <Function test_adversarial_energy_conservation_violation>
      <Function test_adversarial_metrics_cache_poisoning>
      <Function test_adversarial_dos_rapid_circuit_resets>
      <Function test_adversarial_dos_state_save_spam>
      <Function test_adversarial_timestamp_rollback>
    <Module test_autonomous_mining_controller.py>
      <UnitTestCase TestAutonomousMiningController>
        <TestCaseFunction test_apply_self_optimization_coherence_threshold>
        <TestCaseFunction test_apply_self_optimization_compression>
        <TestCaseFunction test_apply_self_optimization_idempotent>
        <TestCaseFunction test_apply_self_optimization_phi_scaling>
        <TestCaseFunction test_apply_self_optimization_search_depth>
        <TestCaseFunction test_autonomous_mining_disabled_defaults_startup_to_advisory>
        <TestCaseFunction test_autonomous_mining_enabled_defaults_startup_to_autonomous>
        <TestCaseFunction test_autonomy_level_advisory>
        <TestCaseFunction test_autonomy_level_autonomous>
        <TestCaseFunction test_autonomy_level_manual>
        <TestCaseFunction test_autonomy_level_supervised>
        <TestCaseFunction test_autonomy_status_includes_reflexive_metrics>
        <TestCaseFunction test_build_codebase_surroundings>
        <TestCaseFunction test_circuit_breaker_opens_and_degrades_after_repeated_failures>
        <TestCaseFunction test_compression_drive_default>
        <TestCaseFunction test_compression_seeking_evolution>
        <TestCaseFunction test_constraint_violations_block_execution>
        <TestCaseFunction test_controller_initialization>
        <TestCaseFunction test_decision_id_generation>
        <TestCaseFunction test_decision_log_size_limit>
        <TestCaseFunction test_decision_logging>
        <TestCaseFunction test_deterministic_target_selection_explores_bounded_bandits>
        <TestCaseFunction test_emergency_shutdown>
        <TestCaseFunction test_energy_conservation_constraint>
        <TestCaseFunction test_explicit_autonomy_level_overrides_startup_default>
        <TestCaseFunction test_generate_counterfactual_coherence_threshold>
        <TestCaseFunction test_generate_counterfactual_compression>
        <TestCaseFunction test_generate_counterfactual_default>
        <TestCaseFunction test_generate_counterfactual_phi_scaling>
        <TestCaseFunction test_generate_counterfactual_search_depth>
        <TestCaseFunction test_get_autonomy_status>
        <TestCaseFunction test_get_codebase_surroundings>
        <TestCaseFunction test_get_current_efficiency>
        <TestCaseFunction test_get_decision_history>
        <TestCaseFunction test_get_knowledge_substrate>
        <TestCaseFunction test_get_phi_density_initial>
        <TestCaseFunction test_get_phi_density_with_knowledge>
        <TestCaseFunction test_get_proposal_history>
        <TestCaseFunction test_hermiticity_constraint>
        <TestCaseFunction test_hermiticity_constraint_complex_values>
        <TestCaseFunction test_information_integrity_constraint>
        <TestCaseFunction test_information_integrity_phi_scaling>
        <TestCaseFunction test_invalid_environment_values_fall_back_to_safe_defaults>
        <TestCaseFunction test_legacy_boolean_operator_approval_is_normalized_for_audit>
        <TestCaseFunction test_manual_circuit_breaker_reset_clears_open_state>
        <TestCaseFunction test_natural_scaling_coherence_threshold>
        <TestCaseFunction test_natural_scaling_constraint>
        <TestCaseFunction test_natural_scaling_phi_scaling>
        <TestCaseFunction test_natural_scaling_search_depth>
        <TestCaseFunction test_operator_approval_callback_invocation>
        <TestCaseFunction test_operator_approval_required>
        <TestCaseFunction test_operator_override_blocks_execution>
        <TestCaseFunction test_optimize_compression_ratio>
        <TestCaseFunction test_optimize_hashrate_decrease>
        <TestCaseFunction test_optimize_hashrate_increase>
        <TestCaseFunction test_optimize_search_strategy_high_coherence>
        <TestCaseFunction test_optimize_search_strategy_low_coherence>
        <TestCaseFunction test_optimize_search_strategy_medium_coherence>
        <TestCaseFunction test_pool_response_bounded_history>
        <TestCaseFunction test_pool_response_exponential_weighting_recent_samples_dominate>
        <TestCaseFunction test_pool_response_feedback_error_codes>
        <TestCaseFunction test_pool_response_updates_target_bandit_and_virtual_feedback>
        <TestCaseFunction test_prometheus_metrics_cache_invalidation_on_failure>
        <TestCaseFunction test_prometheus_metrics_structure_and_low_cardinality>
        <TestCaseFunction test_psd_constraint>
        <TestCaseFunction test_psd_constraint_excessive_scaling>
        <TestCaseFunction test_psd_constraint_high_compression>
        <TestCaseFunction test_recent_state_lock_blocks_persist_without_deadlock>
        <TestCaseFunction test_safety_constraint_checking>
        <TestCaseFunction test_seek_improvement_cycle>
        <TestCaseFunction test_seek_improvement_disabled>
        <TestCaseFunction test_seek_improvement_multiple_epochs>
        <TestCaseFunction test_set_operator_approval_callback>
        <TestCaseFunction test_stale_state_lock_is_reclaimed_before_persisting>
        <TestCaseFunction test_state_backup_rotation_is_bounded>
        <TestCaseFunction test_structured_operator_approval_is_written_to_decision_audit_shape>
        <TestCaseFunction test_thompson_deterministic_selection>
        <TestCaseFunction test_thompson_evidence_persistence>
        <TestCaseFunction test_validate_constraints_low_consistency>
        <TestCaseFunction test_validate_constraints_missing_hermiticity>
        <TestCaseFunction test_validate_constraints_valid_proposal>
        <TestCaseFunction test_validate_constraints_violated>
        <TestCaseFunction test_virtual_mining_simulation>
        <TestCaseFunction test_virtual_mining_with_violations>
      <UnitTestCase TestAutonomousMiningControllerIntegration>
        <TestCaseFunction test_get_autonomous_decision_history_via_engine>
        <TestCaseFunction test_get_autonomy_status_via_engine>
        <TestCaseFunction test_seek_improvement_via_controller>
        <TestCaseFunction test_set_autonomy_level_via_engine>
        <TestCaseFunction test_unified_engine_has_autonomous_controller>
      <UnitTestCase TestAutonomousMiningControllerOperationalHardening>
        <TestCaseFunction test_autonomous_circuit_breaker_opens_and_cools_down>
        <TestCaseFunction test_cached_prometheus_metrics_reuses_snapshot_until_ttl_expires>
        <TestCaseFunction test_constraint_violation_invalidates_cached_prometheus_metrics>
        <TestCaseFunction test_emergency_bypass_source_is_isolated_from_verification_firewall>
        <TestCaseFunction test_emergency_operator_bypass_requires_configured_operator_and_reason>
        <TestCaseFunction test_guarded_decision_fails_closed_without_approval_callback>
        <TestCaseFunction test_manual_circuit_reset_captures_before_after_state>
        <TestCaseFunction test_operator_approval_structured_response_is_audited>
        <TestCaseFunction test_operator_approval_timeout_rejects>
        <TestCaseFunction test_pool_feedback_and_target_evidence_survive_restart>
        <TestCaseFunction test_pool_feedback_window_preserves_first_class_pool_signals>
        <TestCaseFunction test_prometheus_metrics_include_alerting_series>
        <TestCaseFunction test_reflexive_state_is_atomic_checksumed_and_restorable>
        <TestCaseFunction test_stale_state_lock_is_removed_before_save>
        <TestCaseFunction test_stale_state_lock_recovery_is_exported_as_prometheus_counter>
    <Module test_autonomous_mining_expanded_property_adversarial.py>
      <Function test_property_target_bandit_counts_track_pool_response_sequence>
      <Function test_property_unknown_pool_targets_fall_back_to_safe_compression_bandit>
      <Function test_property_metrics_remain_bounded_and_numeric_after_mixed_events>
      <Function test_property_autonomy_degradation_never_drops_below_manual_or_invalid_level>
      <Function test_property_pool_response_window_preserves_recent_tail>
      <Function test_adversarial_prometheus_does_not_leak_hostile_pool_strings>
      <Function test_adversarial_non_finite_pool_telemetry_does_not_poison_metrics[inf]>
      <Function test_adversarial_non_finite_pool_telemetry_does_not_poison_metrics[-inf]>
      <Function test_adversarial_non_finite_pool_telemetry_does_not_poison_metrics[nan]>
      <Function test_adversarial_non_finite_pool_telemetry_does_not_poison_metrics[1000000000000000000000000000000000000000000000000000000000000000000000000000000000000000000000000000000000000000000000000000000000000000000000000000000000000000000000000000000000000000000000000000000000000000000000000000000000000000000000000000000000000000000000000000000000000000000000000000000000000000000000]>
      <Function test_adversarial_non_finite_pool_telemetry_does_not_poison_metrics[-1000000000000000000000000000000000000000000000000000000000000000000000000000000000000000000000000000000000000000000000000000000000000000000000000000000000000000000000000000000000000000000000000000000000000000000000000000000000000000000000000000000000000000000000000000000000000000000000000000000000000000000000]>
      <Function test_adversarial_operator_approval_dict_extra_fields_cannot_escalate_source>
      <Function test_adversarial_operator_callback_exception_fails_closed>
      <Function test_adversarial_metrics_cache_invalidates_after_hostile_feedback_burst>
      <Function test_adversarial_persistence_roundtrip_after_large_hostile_response_window>
      <Function test_adversarial_negative_latency_is_clamped_or_rejected>
    <Module test_autonomous_mining_operator_control.py>
      <UnitTestCase TestAutonomousMiningOperatorControl>
        <TestCaseFunction test_reset_circuit_flags_repeated_reset_within_cooldown>
    <Module test_autonomous_mining_properties.py>
      <Function test_property_thompson_posterior_bounded>
      <Function test_property_thompson_monotonicity>
      <Function test_property_recency_weight_bounded>
      <Function test_property_recency_weight_monotonic>
      <Function test_property_circuit_breaker_threshold>
      <Function test_property_circuit_breaker_success_resets>
      <Function test_property_pool_history_bounded>
      <Function test_property_evidence_reflects_accept_rate>
      <Function test_property_hermiticity_symmetric>
      <Function test_property_natural_scaling_positive>
      <Function test_property_metrics_accumulation>
    <Module test_autonomous_mining_stress.py>
      <Function test_stress_high_frequency_pool_responses>
      <Coroutine test_stress_rapid_reflexive_cycles>
      <Function test_stress_circuit_breaker_saturation>
      <Function test_stress_state_persistence_rapid_saves>
      <Function test_stress_memory_bounded_growth>
      <Coroutine test_stress_concurrent_operations>
      <Function test_stress_prometheus_metrics_high_cardinality>
    <Module test_autonomous_searching_system.py>
      <Class TestGroverAmplifier>
        <Function test_amplify_candidates_returns_ranked>
        <Function test_amplify_empty_candidates>
        <Function test_amplify_single_candidate>
        <Function test_quantum_walk_on_manifold>
        <Function test_quantum_walk_empty>
      <Class TestStructurePrior>
        <Function test_prior_with_evidence>
        <Function test_prior_without_evidence>
        <Function test_compute_nonce_prior_weights>
        <Function test_compute_weights_without_evidence>
        <Function test_prior_weights_deterministic>
      <Class TestMemoryCompressor>
        <Function test_compress_surface_32_lanes>
        <Function test_compress_score_vector>
        <Function test_compression_factor>
        <Function test_compress_empty>
      <Class TestPhiScaler>
        <Function test_score_candidates_by_phi_harmony>
        <Function test_phi_harmony_empty>
        <Function test_phi_harmony_deterministic>
        <Function test_verify_authenticity>
        <Function test_detect_phi_resonance>
      <Class TestManifoldRouter>
        <Function test_node_for_nonce>
        <Function test_adjacency_map>
        <Function test_node_type>
        <Function test_redundancy_proof>
        <Function test_healing_candidates>
        <Function test_nonce_range>
      <Class TestHealingCoordinator>
        <Function test_ingest_telemetry>
        <Function test_heartbeat_no_healing>
        <Function test_reset_healing_count>
      <Class TestAutonomousSearchSystem>
        <Function test_create_system_defaults>
        <Function test_create_system_no_healing>
        <Function test_create_system_with_evidence>
        <Function test_build_seed>
        <Function test_build_seed_different_context>
        <Function test_search_structured_mode>
        <Function test_search_grover_mode>
        <Function test_search_quantum_walk_mode>
        <Function test_search_hybrid_mode>
        <Function test_search_no_evidence>
        <Function test_search_empty_candidates>
        <Function test_search_deterministic>
        <Function test_search_with_custom_verifier>
        <Function test_get_system_diagnostics>
        <Function test_reset>
        <Function test_analyse_structure_pattern>
        <Function test_analyse_structure_pattern_too_few>
        <Function test_unified_search_result_to_dict>
        <Function test_search_benchmark_result_to_dict>
      <Class TestCreateAutonomousSearchSystem>
        <Function test_create_with_evidence_object>
        <Function test_create_without_evidence>
        <Function test_create_with_healing_disabled>
        <Function test_create_with_fold_depth>
      <Function test_benchmark_all_modes>
      <Class TestEdgeCases>
        <Function test_very_large_candidate_set>
        <Function test_extremely_sparse_candidates>
        <Function test_single_candidate_solution>
        <Function test_no_solution_in_candidates>
        <Function test_rapid_consecutive_searches>
    <Module test_backend_workflows.py>
      <UnitTestCase MIDASProductionControlTests>
        <TestCaseFunction test_midas_accepts_only_canonical_production_path>
        <TestCaseFunction test_midas_backpressure_fails_closed_when_capacity_is_exhausted>
        <TestCaseFunction test_midas_rate_limit_is_retryable_and_observable>
        <TestCaseFunction test_midas_rejects_invalid_transitions_and_missing_request_id>
        <TestCaseFunction test_midas_transition_guard_is_atomic_under_concurrent_calls>
        <TestCaseFunction test_mining_request_tracker_cleanup_keeps_maps_consistent>
        <TestCaseFunction test_mining_request_tracker_failed_boundary_is_retryable>
        <TestCaseFunction test_mining_request_tracker_is_atomic_for_duplicate_creates>
      <UnitTestCase SubstrateUnitTests>
        <TestCaseFunction test_pulvini_execute_returns_normalized_real_operations>
        <TestCaseFunction test_substrate_initialization_is_deterministic_and_json_serializable>
      <UnitTestCase MiningPropertyAndIntegrationTests>
        <TestCaseFunction test_configure_search_records_exact_multi_range_search_space>
        <TestCaseFunction test_configured_solver_projects_nonce_inside_declared_ranges>
        <TestCaseFunction test_connect_search_submit_smoke_uses_validation_before_accounting>
        <TestCaseFunction test_dodecahedral_basis_has_twenty_normalized_finite_states>
        <TestCaseFunction test_entropy_property_is_bounded_for_random_complex_amplitudes>
        <TestCaseFunction test_live_stratum_mode_uses_session_handshake_not_fixture_auth>
        <TestCaseFunction test_live_stratum_v2_setup_connection_uses_binary_handshake>
        <TestCaseFunction test_pool_manager_raises_when_all_pools_fail>
        <TestCaseFunction test_quantum_solver_capacity_is_not_reported_without_configuration>
        <TestCaseFunction test_quantum_solver_configured_capacity_is_monotonic_by_power_scale>
        <TestCaseFunction test_solve_updates_telemetry_and_projects_nonce_inside_range>
        <TestCaseFunction test_validation_primitives_build_80_byte_header_and_target>
      <UnitTestCase AdversarialValidationTests>
        <TestCaseFunction test_power_scale_rejects_negative_and_extreme_values>
        <TestCaseFunction test_prediction_rejects_non_positive_difficulty>
        <TestCaseFunction test_production_requires_external_pool_configuration_and_blocks_fixtures>
        <TestCaseFunction test_shield_strength_rejects_out_of_range_values>
        <TestCaseFunction test_solver_rejects_invalid_targets_and_nonce_ranges>
        <TestCaseFunction test_solver_returns_none_for_timeout_without_crashing>
    <Module test_bitcoin_deployment_gate.py>
      <Function test_bitcoin_rc_gate_excludes_research_only_blockers>
      <Function test_rc_mode_is_bitcoin_release_candidate_gate>
      <Function test_research_gate_keeps_frontier_and_adaptive_science_evidence>
      <Function test_package_scripts_expose_bitcoin_and_research_gates>
    <Module test_bitcoin_header.py>
      <Function test_header_length>
      <Function test_hash_is_integer>
    <Module test_boot_self_heal_behavioral.py>
      <Coroutine test_boot_self_heal_returns_required_keys>
      <Coroutine test_boot_self_heal_duration_is_positive>
      <Coroutine test_boot_self_heal_reflexive_report_shape>
      <Coroutine test_seek_improvement_returns_before_timeout>
      <Function test_clean_stale_lock_removes_dead_pid_lock>
      <Function test_clean_stale_lock_preserves_live_pid_lock>
      <Function test_clean_stale_lock_handles_corrupt_lock_file>
    <Module test_causal_attribution.py>
      <Class TestCausalHotspot>
        <Function test_hotspot_creation>
        <Function test_hotspot_invalid_score_raises_error>
        <Function test_hotspot_negative_score_raises_error>
        <Function test_hotspot_to_dict>
      <Class TestCounterfactualResult>
        <Function test_counterfactual_creation>
        <Function test_counterfactual_invalid_ratio_raises_error>
        <Function test_counterfactual_to_dict>
      <Class TestFabricGraph>
        <Function test_graph_creation>
        <Function test_graph_invalid_edge_source_raises_error>
        <Function test_graph_invalid_edge_target_raises_error>
        <Function test_nodes_touched_by_event_default>
        <Function test_causal_impact_default>
        <Function test_get_node_type>
        <Function test_get_node_metadata>
      <Class TestCausalAttributionEngine>
        <Function test_engine_creation>
        <Function test_engine_custom_coverage_threshold>
        <Function test_engine_invalid_coverage_threshold_raises_error>
        <Function test_rank_hotspots>
        <Function test_explain>
        <Function test_explain_low_confidence_annotation>
        <Function test_verify_explanation_completeness>
        <Function test_verify_explanation_completeness_custom_threshold>
      <Class TestSecuritySwarmGraph>
        <Function test_security_graph_mode_transition_nodes>
        <Function test_security_graph_intrusion_detection_nodes>
        <Function test_security_graph_causal_impact>
      <Class TestMiningGraph>
        <Function test_mining_graph_nonce_found_nodes>
        <Function test_mining_graph_share_submission_nodes>
        <Function test_mining_graph_causal_impact>
      <Class TestCausalHotspotProperties>
        <Function test_property_hotspot_score_in_range>
        <Function test_property_hotspot_serialization_preserves_data>
      <Class TestCounterfactualResultProperties>
        <Function test_property_coverage_ratio_in_range>
        <Function test_property_total_nodes_matches_sum>
      <Class TestCausalAttributionEngineProperties>
        <Function test_property_hotspot_ranking_deterministic>
        <Function test_property_hotspot_scores_normalized>
        <Function test_property_coverage_threshold_valid>
      <Class TestCausalAttributionIntegration>
        <Function test_explanation_to_dict>
        <Function test_explanation_timestamp_monotonic>
        <Function test_security_mining_graph_isolation>
    <Module test_circuit_breaker_and_monitor_behavioral.py>
      <Coroutine test_circuit_breaker_triggers_at_6_heal_attempts>
      <Coroutine test_circuit_breaker_does_not_trigger_at_5_heal_attempts>
      <Coroutine test_circuit_breaker_reset_after_window_expires>
      <Coroutine test_circuit_breaker_fires_backup_infrastructure_event>
      <Coroutine test_monitor_survives_exception_in_one_iteration>
      <Coroutine test_monitor_double_start_is_no_op>
      <Coroutine test_monitor_stop_does_not_leak_cancelled_error>
      <Coroutine test_resource_awareness_throttles_above_90_percent>
      <Coroutine test_resource_awareness_expands_below_40_percent>
      <Coroutine test_resource_awareness_neutral_band_no_event>
      <Coroutine test_resource_awareness_does_not_exceed_intensity_floor>
      <Coroutine test_resource_awareness_does_not_exceed_intensity_ceiling>
      <Function test_cpu_load_psutil_branch>
      <Function test_audit_journal_init_loads_only_recent_segments>
      <Function test_audit_journal_flush_prunes_old_segments_on_disk>
    <Module test_claim_evidence_manifest.py>
      <Function test_claim_evidence_manifest_is_complete_and_points_to_existing_files>
      <Function test_claim_manifest_keeps_extraordinary_claim_boundaries_explicit>
    <Module test_consciousness_evidence_packet.py>
      <Function test_consciousness_iit_packet_is_deterministic>
      <Function test_consciousness_iit_packet_contains_elevation_controls>
      <Function test_evidence_points_are_bounded[disconnected_ablation]>
      <Function test_evidence_points_are_bounded[strong_integration_candidate]>
      <Function test_evidence_points_are_bounded[fragmented_control]>
      <Function test_connectivity_matrices_preserve_expected_order>
      <Function test_stronger_connectivity_dominates_weak_control>
      <Function test_packet_writer_emits_manifest_and_packet>
    <Module test_counterfactual_phi_reflection.py>
      <Function test_counterfactual_reflection_increases_phi_prior_when_alternative_improves_block_margin>
      <Function test_counterfactual_reflection_penalizes_when_alternative_has_worse_block_margin>
      <Function test_counterfactual_reflection_does_not_update_share_difficulty_prior>
      <Function test_counterfactual_reflection_preserves_claim_boundary>
      <Function test_counterfactual_reflection_rejects_share_margin_update>
      <Function test_reflection_episode_id_is_present_and_deterministic>
      <Function test_reflection_episode_id_differs_from_session_event_id>
      <Function test_reflection_episode_id_can_be_overridden>
      <Function test_reflection_episode_id_reproducible_from_pair>
    <Module test_create_mining_env_cli.py>
      <Function test_build_env_sets_required_clean_run_secrets>
      <Function test_write_env_uses_private_permissions>
      <Function test_validator_accepts_cli_viabtc_numeric_pool_password>
    <Module test_ctd_formalism.py>
      <Function test_hilbert_state_born_density_and_unitary_invariants>
      <Function test_invalid_non_unitary_evolution_is_rejected>
      <Function test_pulvini_phi_ctd_experiment_compresses_and_keeps_claim_boundary>
      <Function test_claim_review_recommendation_fails_when_unproven_claims_are_enabled>
      <Function test_golden_phase_state_property_invariants>
      <Function test_ctd_formalism_microbenchmark_is_bounded_and_replayable>
      <Function test_deutsch_pulvini_benchmark_validates_exponential_wall_not_breakthrough>
      <Function test_phi_bond_dimension_scales_logarithmically_for_structured_subset>
    <Module test_deutsch_pulvini_claim_boundary.py>
      <Function test_deutsch_memory_scaling_records_exponential_state_size>
      <Function test_tensor_network_efficiency_is_structured_state_evidence_only>
      <Function test_deutsch_prediction_separates_structured_from_unstructured_states>
      <Function test_pulvini_phi_folding_is_lossless_but_not_exponential>
      <Function test_pulvini_plus_tensor_network_is_low_entanglement_structured_compression>
      <Function test_pulvini_does_not_eliminate_deutsch_wall_for_unstructured_states>
    <Module test_emergent_complexity_iit.py>
      <UnitTestCase TestEmergentComplexityIIT>
        <TestCaseFunction test_00_baseline_comparisons>
        <TestCaseFunction test_01_information_integration_phi>
        <TestCaseFunction test_02_causal_autonomy>
        <TestCaseFunction test_03_state_irreducibility>
        <TestCaseFunction test_04_emergent_intelligence_verdict>
        <TestCaseFunction test_05_mining_performance_correlation_disclaimer>
    <Module test_emergent_hotspots_analysis.py>
      <UnitTestCase TestEmergentHotspotsAnalysis>
        <TestCaseFunction test_01_computational_complexity_hotspots>
        <TestCaseFunction test_02_consciousness_patterns>
        <TestCaseFunction test_03_autonomic_behavior>
        <TestCaseFunction test_04_interaction_complexity>
        <TestCaseFunction test_05_emergent_hotspot_verdict>
    <Module test_enhanced_deutsch.py>
      <UnitTestCase TestEnhancedDeutsch>
        <TestCaseFunction test_backward_compatibility>
        <TestCaseFunction test_context_aware_modeling>
        <TestCaseFunction test_enhanced_counterfactual_simulation>
        <TestCaseFunction test_enhanced_explanation_generation>
        <TestCaseFunction test_enhanced_failure_analysis>
    <Module test_enhanced_iit4.py>
      <UnitTestCase TestEnhancedIIT4>
        <TestCaseFunction test_backward_compatibility>
        <TestCaseFunction test_cause_effect_structure>
        <TestCaseFunction test_enhanced_partitioning_enabled>
        <TestCaseFunction test_phi_max_approximation_large_system>
        <TestCaseFunction test_phi_max_calculation_small_system>
    <Module test_enhanced_penrose_or.py>
      <UnitTestCase TestEnhancedPenroseOR>
        <TestCaseFunction test_backward_compatibility>
        <TestCaseFunction test_enhanced_gravity_model_enabled>
        <TestCaseFunction test_metrics_include_enhanced_mode>
        <TestCaseFunction test_operational_proxy_mode>
    <Module test_evidence_boundary_report.py>
      <Function test_evidence_boundary_reports_no_go_without_acceptance_marker>
      <Function test_evidence_boundary_reports_go_with_acceptance_and_clean_gate>
      <Function test_evidence_boundary_fails_when_clean_gate_failed_even_with_acceptance>
    <Module test_executive_integration.py>
      <Class TestExecutiveIntegration>
        <Function test_sensory_reality_verification>
        <Function test_immune_phi_floor_enforcement>
        <Function test_immune_lane_quarantine>
        <Function test_cognitive_conjecture_generation>
        <Function test_cognitive_conjecture_application>
        <Function test_metabolic_flux_measurement>
        <Function test_metabolic_adjustment>
        <Coroutine test_executive_ignition_with_high_phi>
        <Coroutine test_executive_ignition_blocked_by_low_phi>
        <Coroutine test_executive_ignition_blocked_by_stasis>
        <Coroutine test_executive_quiescence>
        <Coroutine test_executive_telemetry>
        <Coroutine test_ignition_to_regeneration_workflow>
        <Function test_consciousness_inseparability_index>
        <Function test_substrate_integration>
    <Module test_fault_tolerant_quantum.py>
      <Class TestFaultTolerantCore>
        <Function test_logical_error_suppression>
        <Function test_logical_qubit_initialization>
        <Function test_syndrome_measurement>
        <Function test_error_correction>
        <Function test_logical_gates>
        <Function test_logical_measurement>
        <Function test_error_threshold>
      <Class TestAutonomousMiner>
        <Function test_miner_initialization>
        <Function test_superposition_preparation>
        <Function test_phi_oracle>
        <Function test_grover_diffusion>
        <Function test_search_iteration>
        <Function test_nonce_measurement>
      <Class TestMiningCycle>
        <Function test_full_cycle>
        <Function test_phi_resonance_seeding>
      <Class TestController>
        <Function test_controller_initialization>
        <Function test_start_autonomous_mining>
        <Function test_process_mining_job>
        <Function test_error_correction_stats>
        <Function test_stop>
    <Module test_frontier_experiment_1_qmc.py>
      <Function test_phi_lcg_sampler_deterministic>
      <Function test_phi_lcg_sampler_different_outputs>
      <Function test_convergence_rate_fitting>
      <Function test_convergence_rate_mcmc_simulation>
      <Function test_measure_convergence_phi_lcg>
      <Function test_measure_convergence_prng>
      <Function test_comparative_benchmark_runs>
      <Function test_experiment_metadata>
      <Function test_convergence_metrics_properties>
    <Module test_frontier_experiment_2_qfi.py>
      <Function test_sld_sensitivity_normalization>
      <Function test_sld_sensitivity_deterministic>
      <Function test_qfi_adaptive_truncation>
      <Function test_standard_svd_truncation>
      <Function test_compress_mps_standard>
      <Function test_compress_mps_qfi_adaptive>
      <Function test_measure_ground_state_energy>
      <Function test_measure_total_entanglement>
      <Function test_compute_fidelity_identity>
      <Function test_compute_fidelity_range>
      <Function test_comparative_truncation_benchmark>
      <Function test_experiment_metadata>
      <Function test_truncation_metrics_properties>
    <Module test_frontier_experiment_3_topo.py>
      <Function test_winding_number_is_integer>
      <Function test_winding_number_deterministic>
      <Function test_topological_charge_density_finite>
      <Function test_topological_charge_deterministic>
      <Function test_transition_sharpness_constant>
      <Function test_transition_sharpness_perfect_steps>
      <Function test_transition_sharpness_noisy>
      <Function test_transition_sharpness_range>
      <Function test_topological_correlation_measurement_phi>
      <Function test_topological_correlation_measurement_random>
      <Function test_topological_metrics_structure>
      <Function test_experiment_metadata>
      <Function test_winding_number_bounded>
    <Module test_frontier_experiment_4_golden_sld.py>
      <Class TestGoldenSLDExperiment>
        <Function test_phi_lcg_sequence_generation>
        <Function test_random_sequence_deterministic_with_seed>
        <Function test_adversarial_sequence_clustered>
        <Function test_star_discrepancy_bounded>
        <Function test_phi_lcg_optimal_discrepancy>
        <Function test_density_matrix_properties>
        <Function test_qfi_computation_positive>
        <Function test_qfi_pure_vs_mixed_state>
        <Function test_optimal_sequence_higher_qfi>
      <Class TestGoldenSLDCorrelation>
        <Function test_experiment_runs_successfully>
        <Function test_data_points_structure>
        <Function test_correlation_metrics_bounded>
        <Function test_breakthrough_threshold_logic>
        <Function test_execution_time_reasonable>
    <Module test_frontier_latency_profiler.py>
      <Class TestLatencyProfiler>
        <Function test_amdahl_law_bounds>
        <Function test_amdahl_law_zero_fraction>
        <Function test_amdahl_law_full_fraction>
        <Function test_bottleneck_classification>
        <Function test_latency_statistics_sanity>
        <Function test_percentile_ordering>
      <Class TestLatencyProfilerIntegration>
        <Function test_full_profiling_pipeline>
        <Function test_bottleneck_category_aggregation>
      <Function test_amdahl_law_monotonicity>
      <Function test_amdahl_law_speedup_scaling>
      <Function test_percentile_properties>
      <Class TestLatencyProfilerBenchmarks>
        <Function test_profiler_overhead>
        <Function test_amdahl_computation_speed>
      <Class TestLatencyProfilerRegression>
        <Function test_known_amdahl_values>
        <Function test_classification_regression>
      <Class TestLatencyProfilerEdgeCases>
        <Function test_single_sample_profiling>
        <Function test_zero_bottleneck_fraction>
        <Function test_infinite_speedup_factor>
        <Function test_classification_with_empty_string>
    <Module test_frontier_manifold_stress.py>
      <Class TestManifoldStressAnalyzer>
        <Function test_qfi_matrix_symmetry>
        <Function test_qfi_matrix_positive_semidefinite>
        <Function test_ricci_curvature_bounds>
        <Function test_geometric_stability_range>
        <Function test_compression_efficiency_near_golden_ratio>
        <Function test_pure_state_low_ricci>
        <Function test_maximally_mixed_high_stability>
      <Class TestManifoldStressIntegration>
        <Function test_stress_pipeline_small_dimensions>
        <Function test_collapse_detection>
      <Function test_qfi_eigenvalues_nonnegative>
      <Function test_stability_idempotent>
      <Function test_qfi_scaling_invariance>
      <Class TestManifoldStressBenchmarks>
        <Function test_qfi_computation_speed>
        <Function test_ricci_computation_speed>
        <Function test_stability_computation_speed>
        <Function test_full_stress_analysis_speed>
      <Class TestManifoldStressRegression>
        <Function test_known_pure_state_metrics>
        <Function test_known_mixed_state_metrics>
      <Class TestManifoldStressEdgeCases>
        <Function test_single_qubit_density_matrix>
        <Function test_high_entropy_rate>
        <Function test_zero_entropy_rate>
    <Module test_frontier_quantum_adversary.py>
      <Class TestCoxeterTopology>
        <Function test_initial_group_order>
        <Function test_canonical_map_shape>
        <Function test_orbit_structure>
        <Function test_density_state_hermitian>
        <Function test_density_state_trace_one>
        <Function test_density_state_positive_semidefinite>
      <Class TestPostQuantumPassport>
        <Function test_initial_validity>
        <Function test_bures_certificate_structure>
        <Function test_verification_status_structure>
      <Class TestQuantumAdversary>
        <Function test_adversary_initialization>
        <Function test_entropy_level_bounds>
        <Function test_invalid_entropy_level>
        <Function test_attack_types>
        <Function test_attack_history_tracking>
      <Class TestPassportDefender>
        <Function test_defender_initialization>
        <Function test_detect_no_violation_initially>
      <Class TestQuantumAdversaryIntegration>
        <Function test_full_attack_repair_cycle>
        <Function test_progressive_entropy_attacks>
      <Function test_group_order_bounds>
      <Function test_violation_scores_bounded>
      <Function test_repair_reduces_bures_norm>
      <Class TestQuantumAdversaryBenchmarks>
        <Function test_gaussian_attack_speed>
        <Function test_repair_speed>
      <Class TestQuantumAdversaryRegression>
        <Function test_known_group_order_regression>
        <Function test_small_entropy_preserves_validity>
      <Class TestQuantumAdversaryEdgeCases>
        <Function test_minimum_entropy>
        <Function test_maximum_entropy>
        <Function test_repair_with_zero_iterations>
        <Function test_multiple_sequential_attacks>
        <Function test_attack_type_case_sensitivity>
    <Module test_fullstack_connectivity.py>
      <Class TestFullStackConnectivity>
        <Function test_backend_is_running>
        <Function test_frontend_is_running>
        <Function test_frontend_proxy_to_backend>
        <Function test_api_health_proxy_preserves_request_id_header>
        <Function test_substrate_readiness_through_backend>
        <Function test_full_mining_workflow>
        <Function test_security_status_available>
        <Function test_cross_origin_preflight_requests>
        <Function test_backend_validation_errors_use_enterprise_envelope>
        <Function test_retry_candidate_health_requests_remain_stable>
      <Class TestPerformance>
        <Function test_response_latency>
        <Function test_concurrent_requests>
    <Module test_funding_engine_deployment_gate.py>
      <Function test_phi_resonance_artifact_gate_passes>
      <Function test_phi_resonance_artifact_gate_accepts_current_phi15_summary_schema>
      <Function test_phi_resonance_artifact_gate_fails_on_missing_fields>
      <Function test_accepted_share_gate_detects_accepted_share>
      <Function test_accepted_share_gate_warns_when_not_required>
      <Function test_deterministic_search_repeats_nonce>
    <Module test_gap_anti_simulation_adversarial.py>
      <Function test_fixed_value_telemetry_rejected>
      <Function test_linear_synthetic_telemetry_rejected>
      <Function test_white_noise_telemetry_rejected>
      <Function test_phi_organic_jitter_authenticated>
      <Function test_insufficient_data_returns_zero_score[0]>
      <Function test_insufficient_data_returns_zero_score[1]>
      <Function test_insufficient_data_returns_zero_score[16]>
      <Function test_insufficient_data_returns_zero_score[31]>
      <Function test_insufficient_data_verify_returns_not_authentic[0]>
      <Function test_insufficient_data_verify_returns_not_authentic[1]>
      <Function test_insufficient_data_verify_returns_not_authentic[16]>
      <Function test_insufficient_data_verify_returns_not_authentic[31]>
      <Function test_confidence_always_bounded[_fixed_jitter-fixed]>
      <Function test_confidence_always_bounded[_linear_jitter-linear]>
      <Function test_confidence_always_bounded[_white_noise_jitter-white_noise]>
      <Function test_confidence_always_bounded[_phi_organic_jitter-phi_organic]>
      <Function test_verify_telemetry_returns_complete_diagnostic_fields[_fixed_jitter]>
      <Function test_verify_telemetry_returns_complete_diagnostic_fields[_linear_jitter]>
      <Function test_verify_telemetry_returns_complete_diagnostic_fields[_white_noise_jitter]>
      <Function test_verify_telemetry_returns_complete_diagnostic_fields[_phi_organic_jitter]>
      <Function test_phi_organic_jitter_energy_ratio_near_mass_gap>
      <Function test_seeded_pseudorandom_not_reliably_authentic>
      <Function test_mass_gap_protector_is_deterministic>
    <Module test_gap_consciousness_phi_mining_correlation.py>
      <Function test_high_phi_selects_aggressive_strategy[0.7]>
      <Function test_high_phi_selects_aggressive_strategy[0.8]>
      <Function test_high_phi_selects_aggressive_strategy[0.95]>
      <Function test_high_phi_selects_aggressive_strategy[1.0]>
      <Function test_medium_phi_selects_balanced_strategy[0.4]>
      <Function test_medium_phi_selects_balanced_strategy[0.55]>
      <Function test_medium_phi_selects_balanced_strategy[0.65]>
      <Function test_medium_phi_selects_balanced_strategy[0.699]>
      <Function test_low_phi_selects_conservative_strategy[0.0]>
      <Function test_low_phi_selects_conservative_strategy[0.1]>
      <Function test_low_phi_selects_conservative_strategy[0.2]>
      <Function test_low_phi_selects_conservative_strategy[0.39]>
      <Function test_continuous_multiplier_is_monotone_in_phi>
      <Function test_continuous_multiplier_stays_within_config_bounds>
      <Function test_mass_gap_damping_applied_when_multiplier_exceeds_gap>
      <Function test_integration_regime_matches_thresholds[1.0-singular_agent_proxy]>
      <Function test_integration_regime_matches_thresholds[0.7-singular_agent_proxy]>
      <Function test_integration_regime_matches_thresholds[0.69-distributed]>
      <Function test_integration_regime_matches_thresholds[0.4-distributed]>
      <Function test_integration_regime_matches_thresholds[0.39-fragmented]>
      <Function test_integration_regime_matches_thresholds[0.2-fragmented]>
      <Function test_integration_regime_matches_thresholds[0.19-critical]>
      <Function test_integration_regime_matches_thresholds[0.0-critical]>
      <Function test_phi_from_component_health_is_bounded[0-5]>
      <Function test_phi_from_component_health_is_bounded[1-5]>
      <Function test_phi_from_component_health_is_bounded[3-5]>
      <Function test_phi_from_component_health_is_bounded[5-5]>
      <Function test_phi_from_component_health_is_bounded[0-1]>
      <Function test_phi_from_component_health_is_bounded[1-1]>
    <Module test_gap_local_pow_validation.py>
      <Function test_regtest_target_yields_valid_shares_in_range>
      <Function test_valid_share_produces_correct_80_byte_header>
      <Function test_sha256d_hash_matches_validate_share_output>
      <Function test_easier_target_yields_more_valid_shares>
      <Function test_solver_finds_nonce_within_regtest_target_in_bounded_time>
      <Function test_nonce_validation_throughput_is_measurable>
      <Function test_extranonce2_variation_changes_merkle_root>
    <Module test_gap_phi_search_vs_random.py>
      <Function test_phi_ordering_reaches_valid_nonce_no_later_than_sequential_on_regtest>
      <Function test_phi_ordering_finds_high_resonance_nonce_faster_than_sequential>
      <Function test_phi_ordering_is_a_complete_permutation>
      <Function test_voronoi_domain_assignment_is_deterministic_over_uint32_range>
      <Function test_phi_gradient_proposal_stays_within_uint32_bounds>
      <Function test_solver_search_respects_configured_range>
      <Function test_solver_search_is_deterministic_for_same_target_and_range>
    <Module test_gap_pool_acceptance_rate.py>
      <Function test_all_accept_session_rate_equals_one>
      <Function test_counter_invariant_submitted_equals_accepted_plus_rejected>
      <Function test_mixed_session_acceptance_rate_correct>
      <Function test_stale_job_counted_as_rejected>
      <Function test_gate_blocks_submission_without_env_flag>
      <Function test_high_volume_session_maintains_target_acceptance_rate>
      <Function test_get_status_performance_mirrors_raw_counters>
    <Module test_gap_reflexive_loop_live_application.py>
      <Function test_single_reflexive_cycle_applies_at_least_one_proposal>
      <Function test_epoch_counter_increments_with_applied_proposals>
      <Function test_phi_scaling_proposal_mutates_ensemble_config>
      <Function test_search_depth_proposal_mutates_optimizer_iterations>
      <Function test_compression_target_proposal_mutates_solver_ratio>
      <Function test_coherence_threshold_proposal_mutates_config>
      <Function test_phi_density_does_not_regress_across_cycles>
      <Function test_proposal_history_accumulates_across_cycles>
    <Module test_genesis_ai_integration.py>
      <UnitTestCase TestGenesisAIIntegration>
        <TestCaseFunction test_backward_compatibility_maintained>
        <TestCaseFunction test_deutsch_substrate_integration>
        <TestCaseFunction test_genesis_ai_has_enhanced_components>
        <TestCaseFunction test_golden_ratio_scaling>
        <TestCaseFunction test_iit_analyzer_integration>
        <TestCaseFunction test_penrose_or_integration>
        <TestCaseFunction test_pulvini_memory_compression_integration>
    <Module test_go_live_final_coverage.py>
      <UnitTestCase GoLiveStratumPropertyTests>
        <TestCaseFunction test_e2e_subscribe_authorize_notify_submit_flow_without_network>
        <TestCaseFunction test_integration_server_message_dispatches_supported_and_future_messages>
        <TestCaseFunction test_property_build_submit_preserves_lowercase_hex_fields>
        <TestCaseFunction test_property_parse_notify_round_trips_arbitrary_valid_merkle_branches>
        <TestCaseFunction test_unit_rejects_all_malformed_stratum_boundaries>
    <Module test_great_minds_integration.py>
      <Class TestIIT4ConceptualIntegration>
        <Function test_iit_4_initialization>
        <Function test_conceptual_mechanism_generation>
        <Function test_conceptual_phi_computation>
        <Function test_concept_build>
        <Function test_star_phi_computation>
        <Function test_phi_maximization>
      <Class TestConstructorTheory>
        <Function test_constructor_theory_initialization>
        <Function test_task_registration>
        <Function test_reachability_analysis>
        <Function test_universal_constructor_verification>
        <Function test_impossibility_proof>
        <Function test_multiverse_decision>
      <Class TestQuantumFourierTransform>
        <Function test_qft_initialization>
        <Function test_quantum_fourier_transform>
        <Function test_period_finding>
        <Function test_phase_estimation>
        <Function test_nonce_frequency_analysis>
      <Class TestUniversalComputation>
        <Function test_turing_machine_construction>
        <Function test_turing_machine_simulation>
        <Function test_church_encoding_bool>
        <Function test_church_encoding_number>
        <Function test_beta_reduction>
        <Function test_church_turing_verification>
        <Function test_halting_analysis>
      <Class TestQuantumGravity>
        <Function test_spin_network_construction>
        <Function test_spin_network_evolution>
        <Function test_twistor_creation>
        <Function test_objective_reduction>
        <Function test_ccc_pattern_detection>
      <Class TestEnhancedGrover>
        <Function test_grover_initialization>
        <Function test_grover_multiple_marked>
        <Function test_quantum_walk_search>
        <Function test_continuous_time_quantum_walk>
        <Function test_amplitude_amplification>
        <Function test_qaoa_optimization>
      <Class TestFourierHarmonicAnalysis>
        <Function test_fourier_analysis_initialization>
        <Function test_fourier_transform>
        <Function test_harmonic_decomposition>
        <Function test_wavelet_analysis>
        <Function test_phi_folding_harmonic_analysis>
        <Function test_nonce_frequency_domain_optimization>
      <Class TestLambdaCalculus>
        <Function test_lambda_nonce_generator>
        <Function test_church_encoding>
        <Function test_church_arithmetic>
        <Function test_y_combinator>
        <Function test_functional_nonce_composition>
        <Function test_type_system>
      <Class TestUnifiedMathematicalFramework>
        <Function test_unified_framework_initialization>
        <Function test_unified_nonce_analysis>
        <Function test_cross_paradigm_verification>
        <Function test_phi_harmonized_nonce_selection>
    <Module test_hendrix_phi_empirical_validation.py>
      <Function test_phi_resonance_correlation_with_sha256_validity>
      <Function test_phi_resonance_distribution_vs_uniform>
      <Function test_phi_guided_vs_random_search_performance>
      <Function test_phi_guided_search_space_coverage>
      <Function test_cpu_time_per_nonce_candidate>
      <Function test_hashrate_prediction_vs_actual>
      <Function test_comprehensive_empirical_validation_report>
    <Module test_hendrix_phi_performance_benchmark.py>
      <Coroutine test_hendrix_phi_vs_deterministic_walk_easy_target_is_job_backed>
      <Coroutine test_hendrix_phi_medium_target_handles_timeout_without_false_claim>
      <Coroutine test_hendrix_phi_hard_target_is_graceful_when_no_nonce_found>
      <Function test_hendrix_phi_deterministic_within_target>
      <Function test_hendrix_phi_coverage_all_domains>
      <Function test_hendrix_phi_resonance_statistically_bounded>
      <Function test_hendrix_phi_top_percentile_placement_is_deterministic>
      <Function test_hendrix_phi_batch_throughput_is_nonzero_and_measured>
      <Coroutine test_hendrix_phi_finds_valid_on_regtest_job>
    <Module test_hendrix_phi_solver_contracts.py>
      <Function test_phi_gradient_proposal_preserves_start_nonce_alias>
      <Function test_phi_gradient_proposal_rejects_conflicting_nonce_aliases>
      <Function test_phi_gradient_proposal_requires_nonce_material>
      <Function test_hendrix_metadata_preserves_claim_boundary>
    <Module test_hendrix_phi_solver_core.py>
      <Function test_m32_complete_domain_shape_and_adjacency>
      <Function test_nonce_maps_to_single_voronoi_domain_for_sampled_space>
      <Function test_phi_resonance_is_bounded_and_non_flat>
      <Function test_yang_mills_action_and_soft_gate_behaviour>
      <Function test_phi_gradient_proposal_is_deterministic_under_seed_and_stays_uint32>
      <Function test_hendrix_uses_canonical_golden_ratio_library>
    <Module test_hypothesis_hilbert_invariants.py>
      <Function test_hilbert_normalization_invariant>
      <Function test_manifold_stability_invariant>
    <Module test_iit_4_analyzer.py>
      <UnitTestCase TestIIT4Analyzer>
        <TestCaseFunction test_cause_effect_structure_completeness>
        <TestCaseFunction test_cause_effect_structure_getters>
        <TestCaseFunction test_cause_repertoire_normalization>
        <TestCaseFunction test_effect_repertoire_normalization>
        <TestCaseFunction test_integrated_information_calculation>
        <TestCaseFunction test_mechanism_id_uniqueness>
        <TestCaseFunction test_mechanism_identification>
        <TestCaseFunction test_partition_generation>
        <TestCaseFunction test_partition_sampling_for_large_systems>
        <TestCaseFunction test_phi_max_exceeds_phi_local>
        <TestCaseFunction test_phi_s_values_non_negative>
        <TestCaseFunction test_quale_dimensionality_bounds>
        <TestCaseFunction test_quale_dimensionality_increases_with_complexity>
        <TestCaseFunction test_transition_probability_bounds>
      <UnitTestCase TestIIT4AnalyzerEdgeCases>
        <TestCaseFunction test_empty_transition_matrix>
        <TestCaseFunction test_identity_transition_matrix>
        <TestCaseFunction test_mining_performance_correlation_disclaimer>
        <TestCaseFunction test_single_element_system>
        <TestCaseFunction test_uniform_state>
    <Module test_iit_4_complete.py>
      <UnitTestCase TestIIT4Complete>
        <TestCaseFunction test_cause_effect_structure>
        <TestCaseFunction test_larger_system_approximate_phi_max>
        <TestCaseFunction test_phi_max_exceeds_local_phi>
        <TestCaseFunction test_phi_max_small_system>
        <TestCaseFunction test_phi_s_non_negative>
        <TestCaseFunction test_quale_dimensionality_increases_with_complexity>
        <TestCaseFunction test_repertoire_normalization>
      <UnitTestCase TestIIT4Properties>
        <TestCaseFunction test_disconnected_system_has_zero_phi>
        <TestCaseFunction test_fully_connected_has_high_phi>
        <TestCaseFunction test_phi_invariant_under_permutation>
    <Module test_iit_phi_mining_correlation.py>
      <Function test_consciousness_engine_phi_bounded>
      <Function test_consciousness_engine_regime_transitions>
      <Function test_phi_density_vs_share_acceptance_correlation>
      <Function test_phi_density_vs_latency_correlation>
      <Function test_iit_analyzer_phi_consistency_across_health_states>
      <Function test_phi_regime_strategy_correctness>
      <Function test_phi_density_acceptance_rate_agreement>
      <Function test_phi_multivariate_health_assessment>
      <Function test_phi_predictive_value_for_mining_outcomes>
    <Module test_iit_runtime_properties.py>
      <UnitTestCase RuntimePhiPropertyTests>
        <TestCaseFunction test_component_integration_reaches_singular_regime_when_ready>
        <TestCaseFunction test_low_integration_triggers_autonomic_healing_path>
        <TestCaseFunction test_phi_measurements_are_bounded_and_replayable>
      <UnitTestCase IIT4PropertyTests>
        <TestCaseFunction test_cause_effect_repertoires_are_normalized>
        <TestCaseFunction test_phi_max_increases_with_connectivity_strength>
        <TestCaseFunction test_phi_max_is_deterministic_and_zero_for_disconnected_systems>
    <Module test_intelligence_endpoints_evidence_first.py>
      <UnitTestCase TestIntelligenceEndpointsEvidenceFirst>
        <TestCaseFunction test_absolute_audit_seal_is_derived_from_measured_state>
        <TestCaseFunction test_audit_endpoint_reports_measured_boundary>
        <TestCaseFunction test_health_endpoint_reports_measured_source>
      <UnitTestCase TestIntelligenceControlEndpoints>
        <TestCaseFunction test_consciousness_boost_endpoint_does_not_claim_phenomenal_consciousness>
        <TestCaseFunction test_scale_endpoint_is_bounded_and_claim_scoped>
      <UnitTestCase TestIntelligenceControlProperties>
        <TestCaseFunction test_consciousness_boost_property_is_bounded>
        <TestCaseFunction test_intelligence_scale_property_is_bounded>
    <Module test_intelligence_fabric.py>
      <UnitTestCase IntelligenceFabricUnitTests>
        <TestCaseFunction test_context_state_is_normalized_and_density_matrix_is_physical>
        <TestCaseFunction test_router_uses_semantic_intent_and_explicit_requests>
        <TestCaseFunction test_substrate_contract_contains_telemetry_explanation_counterfactuals_governance>
      <UnitTestCase IntelligenceFabricIntegrationTests>
        <TestCaseFunction test_explain_api_returns_auditable_fabric_envelope>
      <UnitTestCase IntelligenceFabricPropertyTests>
        <TestCaseFunction test_context_seeding_is_order_independent>
        <TestCaseFunction test_phi_metrics_remain_bounded_for_generated_contexts>
    <Module test_knowledge_substrate_capabilities.py>
      <Class TestMiningKnowledgeBaseBoundaries>
        <Function test_healthy_metrics_not_critical>
        <Function test_healthy_metrics_structure>
        <Function test_critical_metrics_are_critical>
        <Function test_hashrate_at_critical_boundary_not_critical>
        <Function test_hashrate_below_critical_boundary_is_critical>
        <Function test_temperature_at_critical_boundary_not_critical>
        <Function test_empty_metrics_no_crash>
        <Function test_partial_metrics_no_crash>
        <Function test_warnings_below_critical>
      <Class TestOperationalExpectationsProperties>
        <Function test_valid_hashrate_no_critical>
        <Function test_safe_temperature_no_critical>
        <Function test_acceptable_error_rate_no_critical>
        <Function test_good_uptime_no_critical>
      <Class TestDeutschKnowledgeSubstrate>
        <Function test_initialization>
        <Function test_conjecture_registration>
        <Function test_popperian_criticism_reduces_accuracy_on_failure>
        <Function test_popperian_criticism_partial_match>
        <Function test_counterfactual_generation>
        <Function test_knowledge_accumulates_across_epochs>
        <Function test_unknown_strategy_does_not_crash>
      <Class TestPulviniCompressionProperties>
        <Function test_compression_ratio_at_or_below_lossless_boundary>
        <Function test_phi_folding_reconstruction_error>
        <Function test_compression_ratio_above_two_flagged_as_research>
      <Class TestIITPhiDiagnosticInvariants>
        <Function test_phi_bounded_zero_to_one>
        <Function test_phi_increases_with_coherence>
        <Function test_phi_floor_gate>
        <Function test_singular_agent_regime_threshold>
      <Class TestReflexiveControllerGovernance>
        <Function test_apply_mode_is_proposal_only>
        <Function test_proposal_does_not_mutate_source>
        <Function test_proposals_satisfy_five_constraints>
        <Function test_compression_ratio_never_exceeds_three>
      <Class TestAutonomousOptimizerProperties>
        <Function test_bounds_clamping>
        <Function test_rollback_restores_previous>
        <Function test_history_records_changes>
        <Function test_bounds_invariant_under_arbitrary_delta>
      <Class TestCircuitBreakerProperties>
        <Function test_within_limit_allowed>
        <Function test_exceeding_limit_blocked>
        <Function test_window_count_accurate>
        <Function test_remaining_cooldown_positive_when_blocked>
        <Function test_breaker_never_allows_beyond_max>
      <Class TestConsciousnessEngineProperties>
        <Function test_singular_agent_at_high_phi>
        <Function test_distributed_at_mid_phi>
        <Function test_fragmented_at_low_phi>
        <Function test_critical_below_floor>
        <Function test_sigmoid_multiplier_continuous>
        <Function test_mass_gap_damping_applied_above_limit>
        <Function test_multiplier_always_positive>
      <Class TestCrossSubstrateKnowledgeTransfer>
[...]
E   ImportError: cannot import name 'NONCE_BITS' from 'pythia_mining.pulvini_topology' (/Users/demouser/Desktop/HYBA_FULLSTACK/python_backend/pythia_mining/pulvini_topology.py)
____________ ERROR collecting tests/test_phi_geometric_structure.py ____________
ImportError while importing test module '/Users/demouser/Desktop/HYBA_FULLSTACK/tests/test_phi_geometric_structure.py'.
Hint: make sure your test modules/packages have valid Python names.
Traceback:
../../.pyenv/versions/3.12.7/lib/python3.12/importlib/__init__.py:90: in import_module
    return _bootstrap._gcd_import(name[level:], package, level)
           ^^^^^^^^^^^^^^^^^^^^^^^^^^^^^^^^^^^^^^^^^^^^^^^^^^^^
tests/test_phi_geometric_structure.py:12: in <module>
    from pythia_mining.pulvini_certificates import phi_geometric_structure_certificate  # noqa: E402
    ^^^^^^^^^^^^^^^^^^^^^^^^^^^^^^^^^^^^^^^^^^^^^^^^^^^^^^^^^^^^^^^^^^^^^^^^^^^^^^^^^^
E   ImportError: cannot import name 'phi_geometric_structure_certificate' from 'pythia_mining.pulvini_certificates' (/Users/demouser/Desktop/HYBA_FULLSTACK/python_backend/pythia_mining/pulvini_certificates.py)
__________ ERROR collecting tests/test_phi_synthetic_morphogenesis.py __________
ImportError while importing test module '/Users/demouser/Desktop/HYBA_FULLSTACK/tests/test_phi_synthetic_morphogenesis.py'.
Hint: make sure your test modules/packages have valid Python names.
Traceback:
../../.pyenv/versions/3.12.7/lib/python3.12/importlib/__init__.py:90: in import_module
    return _bootstrap._gcd_import(name[level:], package, level)
           ^^^^^^^^^^^^^^^^^^^^^^^^^^^^^^^^^^^^^^^^^^^^^^^^^^^^
tests/test_phi_synthetic_morphogenesis.py:27: in <module>
    from pythia_mining.phi_core_orchestrator import PhiCoreOrchestrator, PhiOrchestratorFactory
python_backend/pythia_mining/phi_core_orchestrator.py:20: in <module>
    from .genesis_ai import GenesisAI  # Consciousness engine
    ^^^^^^^^^^^^^^^^^^^^^^^^^^^^^^^^^
python_backend/pythia_mining/genesis_ai.py:27: in <module>
    from .pulvini_overlay import PulviniOverlayConcentrator
python_backend/pythia_mining/pulvini_overlay.py:14: in <module>
    from .pulvini_topology import ADJACENCY_MAP, NONCE_BITS, NUM_NODES, SLICE_SIZE
E   ImportError: cannot import name 'NONCE_BITS' from 'pythia_mining.pulvini_topology' (/Users/demouser/Desktop/HYBA_FULLSTACK/python_backend/pythia_mining/pulvini_topology.py)
____________ ERROR collecting tests/test_pulvini_e2e_share_flow.py _____________
ImportError while importing test module '/Users/demouser/Desktop/HYBA_FULLSTACK/tests/test_pulvini_e2e_share_flow.py'.
Hint: make sure your test modules/packages have valid Python names.
Traceback:
../../.pyenv/versions/3.12.7/lib/python3.12/importlib/__init__.py:90: in import_module
    return _bootstrap._gcd_import(name[level:], package, level)
           ^^^^^^^^^^^^^^^^^^^^^^^^^^^^^^^^^^^^^^^^^^^^^^^^^^^^
tests/test_pulvini_e2e_share_flow.py:20: in <module>
    from pythia_mining.pulvini_overlay import PulviniOverlayConcentrator  # noqa: E402
    ^^^^^^^^^^^^^^^^^^^^^^^^^^^^^^^^^^^^^^^^^^^^^^^^^^^^^^^^^^^^^^^^^^^^
python_backend/pythia_mining/pulvini_overlay.py:14: in <module>
    from .pulvini_topology import ADJACENCY_MAP, NONCE_BITS, NUM_NODES, SLICE_SIZE
E   ImportError: cannot import name 'NONCE_BITS' from 'pythia_mining.pulvini_topology' (/Users/demouser/Desktop/HYBA_FULLSTACK/python_backend/pythia_mining/pulvini_topology.py)
____________ ERROR collecting tests/test_pulvini_final_math_gate.py ____________
ImportError while importing test module '/Users/demouser/Desktop/HYBA_FULLSTACK/tests/test_pulvini_final_math_gate.py'.
Hint: make sure your test modules/packages have valid Python names.
Traceback:
../../.pyenv/versions/3.12.7/lib/python3.12/importlib/__init__.py:90: in import_module
    return _bootstrap._gcd_import(name[level:], package, level)
           ^^^^^^^^^^^^^^^^^^^^^^^^^^^^^^^^^^^^^^^^^^^^^^^^^^^^
tests/test_pulvini_final_math_gate.py:31: in <module>
    from pythia_mining.pulvini_overlay import ADJACENCY_MAP  # noqa: E402
    ^^^^^^^^^^^^^^^^^^^^^^^^^^^^^^^^^^^^^^^^^^^^^^^^^^^^^^^
python_backend/pythia_mining/pulvini_overlay.py:14: in <module>
    from .pulvini_topology import ADJACENCY_MAP, NONCE_BITS, NUM_NODES, SLICE_SIZE
E   ImportError: cannot import name 'NONCE_BITS' from 'pythia_mining.pulvini_topology' (/Users/demouser/Desktop/HYBA_FULLSTACK/python_backend/pythia_mining/pulvini_topology.py)
_______________ ERROR collecting tests/test_pulvini_manifold.py ________________
ImportError while importing test module '/Users/demouser/Desktop/HYBA_FULLSTACK/tests/test_pulvini_manifold.py'.
Hint: make sure your test modules/packages have valid Python names.
Traceback:
../../.pyenv/versions/3.12.7/lib/python3.12/importlib/__init__.py:90: in import_module
    return _bootstrap._gcd_import(name[level:], package, level)
           ^^^^^^^^^^^^^^^^^^^^^^^^^^^^^^^^^^^^^^^^^^^^^^^^^^^^
tests/test_pulvini_manifold.py:17: in <module>
    from pythia_mining.pulvini_overlay import ADJACENCY_MAP, PulviniOverlayConcentrator  # noqa: E402
    ^^^^^^^^^^^^^^^^^^^^^^^^^^^^^^^^^^^^^^^^^^^^^^^^^^^^^^^^^^^^^^^^^^^^^^^^^^^^^^^^^^^
python_backend/pythia_mining/pulvini_overlay.py:14: in <module>
    from .pulvini_topology import ADJACENCY_MAP, NONCE_BITS, NUM_NODES, SLICE_SIZE
E   ImportError: cannot import name 'NONCE_BITS' from 'pythia_mining.pulvini_topology' (/Users/demouser/Desktop/HYBA_FULLSTACK/python_backend/pythia_mining/pulvini_topology.py)
______________ ERROR collecting tests/test_pulvini_memory_phi.py _______________
ImportError while importing test module '/Users/demouser/Desktop/HYBA_FULLSTACK/tests/test_pulvini_memory_phi.py'.
Hint: make sure your test modules/packages have valid Python names.
Traceback:
../../.pyenv/versions/3.12.7/lib/python3.12/importlib/__init__.py:90: in import_module
    return _bootstrap._gcd_import(name[level:], package, level)
           ^^^^^^^^^^^^^^^^^^^^^^^^^^^^^^^^^^^^^^^^^^^^^^^^^^^^
tests/test_pulvini_memory_phi.py:14: in <module>
    from pythia_mining.pulvini_overlay import ADJACENCY_MAP  # noqa: E402
    ^^^^^^^^^^^^^^^^^^^^^^^^^^^^^^^^^^^^^^^^^^^^^^^^^^^^^^^
python_backend/pythia_mining/pulvini_overlay.py:14: in <module>
    from .pulvini_topology import ADJACENCY_MAP, NONCE_BITS, NUM_NODES, SLICE_SIZE
E   ImportError: cannot import name 'NONCE_BITS' from 'pythia_mining.pulvini_topology' (/Users/demouser/Desktop/HYBA_FULLSTACK/python_backend/pythia_mining/pulvini_topology.py)
___________ ERROR collecting tests/test_pulvini_nonce_compression.py ___________
ImportError while importing test module '/Users/demouser/Desktop/HYBA_FULLSTACK/tests/test_pulvini_nonce_compression.py'.
Hint: make sure your test modules/packages have valid Python names.
Traceback:
../../.pyenv/versions/3.12.7/lib/python3.12/importlib/__init__.py:90: in import_module
    return _bootstrap._gcd_import(name[level:], package, level)
           ^^^^^^^^^^^^^^^^^^^^^^^^^^^^^^^^^^^^^^^^^^^^^^^^^^^^
tests/test_pulvini_nonce_compression.py:24: in <module>
    from pythia_mining.pulvini_overlay import NUM_NODES, PulviniOverlayConcentrator  # noqa: E402
    ^^^^^^^^^^^^^^^^^^^^^^^^^^^^^^^^^^^^^^^^^^^^^^^^^^^^^^^^^^^^^^^^^^^^^^^^^^^^^^^
python_backend/pythia_mining/pulvini_overlay.py:14: in <module>
    from .pulvini_topology import ADJACENCY_MAP, NONCE_BITS, NUM_NODES, SLICE_SIZE
E   ImportError: cannot import name 'NONCE_BITS' from 'pythia_mining.pulvini_topology' (/Users/demouser/Desktop/HYBA_FULLSTACK/python_backend/pythia_mining/pulvini_topology.py)
________________ ERROR collecting tests/test_pulvini_overlay.py ________________
ImportError while importing test module '/Users/demouser/Desktop/HYBA_FULLSTACK/tests/test_pulvini_overlay.py'.
Hint: make sure your test modules/packages have valid Python names.
Traceback:
../../.pyenv/versions/3.12.7/lib/python3.12/importlib/__init__.py:90: in import_module
    return _bootstrap._gcd_import(name[level:], package, level)
           ^^^^^^^^^^^^^^^^^^^^^^^^^^^^^^^^^^^^^^^^^^^^^^^^^^^^
tests/test_pulvini_overlay.py:13: in <module>
    from pythia_mining.pulvini_overlay import (  # noqa: E402
python_backend/pythia_mining/pulvini_overlay.py:14: in <module>
    from .pulvini_topology import ADJACENCY_MAP, NONCE_BITS, NUM_NODES, SLICE_SIZE
E   ImportError: cannot import name 'NONCE_BITS' from 'pythia_mining.pulvini_topology' (/Users/demouser/Desktop/HYBA_FULLSTACK/python_backend/pythia_mining/pulvini_topology.py)
___________ ERROR collecting tests/test_pulvini_production_facade.py ___________
ImportError while importing test module '/Users/demouser/Desktop/HYBA_FULLSTACK/tests/test_pulvini_production_facade.py'.
Hint: make sure your test modules/packages have valid Python names.
Traceback:
../../.pyenv/versions/3.12.7/lib/python3.12/importlib/__init__.py:90: in import_module
    return _bootstrap._gcd_import(name[level:], package, level)
           ^^^^^^^^^^^^^^^^^^^^^^^^^^^^^^^^^^^^^^^^^^^^^^^^^^^^
tests/test_pulvini_production_facade.py:44: in <module>
    from pythia_mining.pulvini_overlay import PulviniOverlayConcentrator  # noqa: E402
    ^^^^^^^^^^^^^^^^^^^^^^^^^^^^^^^^^^^^^^^^^^^^^^^^^^^^^^^^^^^^^^^^^^^^
python_backend/pythia_mining/pulvini_overlay.py:14: in <module>
    from .pulvini_topology import ADJACENCY_MAP, NONCE_BITS, NUM_NODES, SLICE_SIZE
E   ImportError: cannot import name 'NONCE_BITS' from 'pythia_mining.pulvini_topology' (/Users/demouser/Desktop/HYBA_FULLSTACK/python_backend/pythia_mining/pulvini_topology.py)
___________ ERROR collecting tests/test_pulvini_share_propagation.py ___________
ImportError while importing test module '/Users/demouser/Desktop/HYBA_FULLSTACK/tests/test_pulvini_share_propagation.py'.
Hint: make sure your test modules/packages have valid Python names.
Traceback:
../../.pyenv/versions/3.12.7/lib/python3.12/importlib/__init__.py:90: in import_module
    return _bootstrap._gcd_import(name[level:], package, level)
           ^^^^^^^^^^^^^^^^^^^^^^^^^^^^^^^^^^^^^^^^^^^^^^^^^^^^
tests/test_pulvini_share_propagation.py:14: in <module>
    from pythia_mining.pulvini_propagation import (  # noqa: E402
python_backend/pythia_mining/pulvini_propagation.py:14: in <module>
    from .pulvini_overlay import ADJACENCY_MAP, NUM_NODES, get_geometric_neighbors
python_backend/pythia_mining/pulvini_overlay.py:14: in <module>
    from .pulvini_topology import ADJACENCY_MAP, NONCE_BITS, NUM_NODES, SLICE_SIZE
E   ImportError: cannot import name 'NONCE_BITS' from 'pythia_mining.pulvini_topology' (/Users/demouser/Desktop/HYBA_FULLSTACK/python_backend/pythia_mining/pulvini_topology.py)
___________ ERROR collecting tests/test_quantum_healing_enhanced.py ____________
ImportError while importing test module '/Users/demouser/Desktop/HYBA_FULLSTACK/tests/test_quantum_healing_enhanced.py'.
Hint: make sure your test modules/packages have valid Python names.
Traceback:
../../.pyenv/versions/3.12.7/lib/python3.12/importlib/__init__.py:90: in import_module
    return _bootstrap._gcd_import(name[level:], package, level)
           ^^^^^^^^^^^^^^^^^^^^^^^^^^^^^^^^^^^^^^^^^^^^^^^^^^^^
tests/test_quantum_healing_enhanced.py:10: in <module>
    from pythia_mining.quantum_healing_swarm import (
E   ModuleNotFoundError: No module named 'pythia_mining.quantum_healing_swarm'
_____________ ERROR collecting tests/test_quantum_healing_swarm.py _____________
ImportError while importing test module '/Users/demouser/Desktop/HYBA_FULLSTACK/tests/test_quantum_healing_swarm.py'.
Hint: make sure your test modules/packages have valid Python names.
Traceback:
../../.pyenv/versions/3.12.7/lib/python3.12/importlib/__init__.py:90: in import_module
    return _bootstrap._gcd_import(name[level:], package, level)
           ^^^^^^^^^^^^^^^^^^^^^^^^^^^^^^^^^^^^^^^^^^^^^^^^^^^^
tests/test_quantum_healing_swarm.py:31: in <module>
    from pythia_mining.quantum_healing_swarm import (
E   ModuleNotFoundError: No module named 'pythia_mining.quantum_healing_swarm'
__________ ERROR collecting tests/test_quantum_mining_integration.py ___________
ImportError while importing test module '/Users/demouser/Desktop/HYBA_FULLSTACK/tests/test_quantum_mining_integration.py'.
Hint: make sure your test modules/packages have valid Python names.
Traceback:
../../.pyenv/versions/3.12.7/lib/python3.12/importlib/__init__.py:90: in import_module
    return _bootstrap._gcd_import(name[level:], package, level)
           ^^^^^^^^^^^^^^^^^^^^^^^^^^^^^^^^^^^^^^^^^^^^^^^^^^^^
tests/test_quantum_mining_integration.py:17: in <module>
    from pythia_mining.genesis_ai import GenesisAI
python_backend/pythia_mining/genesis_ai.py:27: in <module>
    from .pulvini_overlay import PulviniOverlayConcentrator
python_backend/pythia_mining/pulvini_overlay.py:14: in <module>
    from .pulvini_topology import ADJACENCY_MAP, NONCE_BITS, NUM_NODES, SLICE_SIZE
E   ImportError: cannot import name 'NONCE_BITS' from 'pythia_mining.pulvini_topology' (/Users/demouser/Desktop/HYBA_FULLSTACK/python_backend/pythia_mining/pulvini_topology.py)
_______ ERROR collecting tests/test_review_environment_pipeline_audit.py _______
../../.pyenv/versions/3.12.7/lib/python3.12/site-packages/starlette/testclient.py:33: in <module>
    import httpx
E   ModuleNotFoundError: No module named 'httpx'

During handling of the above exception, another exception occurred:
tests/test_review_environment_pipeline_audit.py:12: in <module>
    from review_environment_pipeline_audit import run_audits  # noqa: E402
    ^^^^^^^^^^^^^^^^^^^^^^^^^^^^^^^^^^^^^^^^^^^^^^^^^^^^^^^^
scripts/review_environment_pipeline_audit.py:29: in <module>
    from fastapi.testclient import TestClient  # noqa: E402
    ^^^^^^^^^^^^^^^^^^^^^^^^^^^^^^^^^^^^^^^^^
../../.pyenv/versions/3.12.7/lib/python3.12/site-packages/fastapi/testclient.py:1: in <module>
    from starlette.testclient import TestClient as TestClient  # noqa
    ^^^^^^^^^^^^^^^^^^^^^^^^^^^^^^^^^^^^^^^^^^^^^^^^^^^^^^^^^
../../.pyenv/versions/3.12.7/lib/python3.12/site-packages/starlette/testclient.py:35: in <module>
    raise RuntimeError(
E   RuntimeError: The starlette.testclient module requires the httpx package to be installed.
E   You can install this with:
E       $ pip install httpx
_______________ ERROR collecting tests/test_solver_traversal.py ________________
ImportError while importing test module '/Users/demouser/Desktop/HYBA_FULLSTACK/tests/test_solver_traversal.py'.
Hint: make sure your test modules/packages have valid Python names.
Traceback:
../../.pyenv/versions/3.12.7/lib/python3.12/importlib/__init__.py:90: in import_module
    return _bootstrap._gcd_import(name[level:], package, level)
           ^^^^^^^^^^^^^^^^^^^^^^^^^^^^^^^^^^^^^^^^^^^^^^^^^^^^
tests/test_solver_traversal.py:25: in <module>
    from pythia_mining.pulvini_overlay import PulviniOverlayConcentrator
python_backend/pythia_mining/pulvini_overlay.py:14: in <module>
    from .pulvini_topology import ADJACENCY_MAP, NONCE_BITS, NUM_NODES, SLICE_SIZE
E   ImportError: cannot import name 'NONCE_BITS' from 'pythia_mining.pulvini_topology' (/Users/demouser/Desktop/HYBA_FULLSTACK/python_backend/pythia_mining/pulvini_topology.py)
__________ ERROR collecting additional_tests/test_ai_api_endpoints.py __________
../../.pyenv/versions/3.12.7/lib/python3.12/site-packages/starlette/testclient.py:33: in <module>
    import httpx
E   ModuleNotFoundError: No module named 'httpx'

During handling of the above exception, another exception occurred:
additional_tests/test_ai_api_endpoints.py:3: in <module>
    from fastapi.testclient import TestClient
../../.pyenv/versions/3.12.7/lib/python3.12/site-packages/fastapi/testclient.py:1: in <module>
    from starlette.testclient import TestClient as TestClient  # noqa
    ^^^^^^^^^^^^^^^^^^^^^^^^^^^^^^^^^^^^^^^^^^^^^^^^^^^^^^^^^
../../.pyenv/versions/3.12.7/lib/python3.12/site-packages/starlette/testclient.py:35: in <module>
    raise RuntimeError(
E   RuntimeError: The starlette.testclient module requires the httpx package to be installed.
E   You can install this with:
E       $ pip install httpx
_____ ERROR collecting hyba_intelligence_tests/test_phi_scaling_engine.py ______
import file mismatch:
imported module 'test_phi_scaling_engine' has this __file__ attribute:
  /Users/demouser/Desktop/HYBA_FULLSTACK/tests/test_phi_scaling_engine.py
which is not the same as the test file we want to collect:
  /Users/demouser/Desktop/HYBA_FULLSTACK/hyba_intelligence_tests/test_phi_scaling_engine.py
HINT: remove __pycache__ / .pyc files and/or use a unique basename for your test file modules
_ ERROR collecting hyba_quantum_scaling_benchmark_tests/test_phi_accelerated_quantum.py _
import file mismatch:
imported module 'test_phi_accelerated_quantum' has this __file__ attribute:
  /Users/demouser/Desktop/HYBA_FULLSTACK/tests/test_phi_accelerated_quantum.py
which is not the same as the test file we want to collect:
  /Users/demouser/Desktop/HYBA_FULLSTACK/hyba_quantum_scaling_benchmark_tests/test_phi_accelerated_quantum.py
HINT: remove __pycache__ / .pyc files and/or use a unique basename for your test file modules
=============================== warnings summary ===============================
../../.pyenv/versions/3.12.7/lib/python3.12/site-packages/_pytest/config/__init__.py:1464
  /Users/demouser/.pyenv/versions/3.12.7/lib/python3.12/site-packages/_pytest/config/__init__.py:1464: PytestConfigWarning: Unknown config option: timeout
  
    self._warn_or_fail_if_strict(f"Unknown config option: {key}\n")

../../.pyenv/versions/3.12.7/lib/python3.12/site-packages/_hypothesis_pytestplugin.py:481
  /Users/demouser/.pyenv/versions/3.12.7/lib/python3.12/site-packages/_hypothesis_pytestplugin.py:481: UserWarning: Skipping collection of '.hypothesis' directory - this usually means you've explicitly set the `norecursedirs` pytest config option, replacing rather than extending the default ignores.
    warnings.warn(

-- Docs: https://docs.pytest.org/en/stable/how-to/capture-warnings.html
=========================== short test summary info ============================
ERROR tests/test_api_posture_serialization.py - RuntimeError: The starlette.t...
ERROR tests/test_backend_api_helpers.py - RuntimeError: The starlette.testcli...
ERROR tests/test_backend_health_api.py - RuntimeError: The starlette.testclie...
ERROR tests/test_backend_intelligence_api.py - RuntimeError: The starlette.te...
ERROR tests/test_backend_mining_api.py - RuntimeError: The starlette.testclie...
ERROR tests/test_backend_security_api.py - RuntimeError: The starlette.testcl...
ERROR tests/test_e2e_pulvini_workflow.py
ERROR tests/test_elevation_suite.py
ERROR tests/test_frontend_backend_contracts.py - RuntimeError: The starlette....
ERROR tests/test_frontend_backend_e2e.py - RuntimeError: The starlette.testcl...
ERROR tests/test_golden_ratio_scaling.py
ERROR tests/test_hyba_enterprise_api_posture.py - RuntimeError: The starlette...
ERROR tests/test_live_deployment_e2e.py
ERROR tests/test_phi_geometric_structure.py
ERROR tests/test_phi_synthetic_morphogenesis.py
ERROR tests/test_pulvini_e2e_share_flow.py
ERROR tests/test_pulvini_final_math_gate.py
ERROR tests/test_pulvini_manifold.py
ERROR tests/test_pulvini_memory_phi.py
ERROR tests/test_pulvini_nonce_compression.py
ERROR tests/test_pulvini_overlay.py
ERROR tests/test_pulvini_production_facade.py
ERROR tests/test_pulvini_share_propagation.py
ERROR tests/test_quantum_healing_enhanced.py
ERROR tests/test_quantum_healing_swarm.py
ERROR tests/test_quantum_mining_integration.py
ERROR tests/test_review_environment_pipeline_audit.py - RuntimeError: The sta...
ERROR tests/test_solver_traversal.py
ERROR additional_tests/test_ai_api_endpoints.py - RuntimeError: The starlette...
ERROR hyba_intelligence_tests/test_phi_scaling_engine.py
ERROR hyba_quantum_scaling_benchmark_tests/test_phi_accelerated_quantum.py
!!!!!!!!!!!!!!!!!!! Interrupted: 31 errors during collection !!!!!!!!!!!!!!!!!!!
=================== 2628 tests collected, 31 errors in 3.95s ===================
