<?xml version="1.0" encoding="UTF-8"?>
<coverage generated="1781449797449" clover="3.2.0">
  <project timestamp="1781449797450" name="All files">
    <metrics statements="593" coveredstatements="271" conditionals="285" coveredconditionals="132" methods="128" coveredmethods="76" elements="1006" coveredelements="479" complexity="0" loc="593" ncloc="593" packages="4" files="7" classes="7"/>
    <package name="HYBA_FULLSTACK">
      <metrics statements="0" coveredstatements="0" conditionals="0" coveredconditionals="0" methods="0" coveredmethods="0"/>
      <file name="bridge_security.ts" path="/Users/demouser/Desktop/HYBA_FULLSTACK/bridge_security.ts">
        <metrics statements="0" coveredstatements="0" conditionals="0" coveredconditionals="0" methods="0" coveredmethods="0"/>
      </file>
    </package>
    <package name="HYBA_FULLSTACK.src">
      <metrics statements="306" coveredstatements="40" conditionals="178" coveredconditionals="37" methods="52" coveredmethods="7"/>
      <file name="bridge_security.ts" path="/Users/demouser/Desktop/HYBA_FULLSTACK/src/bridge_security.ts">
        <metrics statements="7" coveredstatements="7" conditionals="4" coveredconditionals="4" methods="1" coveredmethods="1"/>
        <line num="8" count="2" type="stmt"/>
        <line num="18" count="104" type="cond" truecount="2" falsecount="0"/>
        <line num="19" count="13" type="stmt"/>
        <line num="22" count="91" type="stmt"/>
        <line num="23" count="91" type="cond" truecount="2" falsecount="0"/>
        <line num="24" count="90" type="stmt"/>
        <line num="30" count="1" type="stmt"/>
      </file>
      <file name="server.ts" path="/Users/demouser/Desktop/HYBA_FULLSTACK/src/server.ts">
        <metrics statements="299" coveredstatements="33" conditionals="174" coveredconditionals="33" methods="51" coveredmethods="6"/>
        <line num="48" count="1" type="stmt"/>
        <line num="50" count="1" type="stmt"/>
        <line num="52" count="1" type="stmt"/>
        <line num="61" count="6" type="stmt"/>
        <line num="69" count="1" type="stmt"/>
        <line num="70" count="1" type="stmt"/>
        <line num="93" count="1" type="stmt"/>
        <line num="100" count="1" type="stmt"/>
        <line num="101" count="1" type="stmt"/>
        <line num="102" count="1" type="stmt"/>
        <line num="105" count="1" type="stmt"/>
        <line num="106" count="1" type="stmt"/>
        <line num="109" count="1" type="stmt"/>
        <line num="110" count="1" type="stmt"/>
        <line num="111" count="1" type="stmt"/>
        <line num="114" count="0" type="cond" truecount="0" falsecount="2"/>
        <line num="115" count="0" type="stmt"/>
        <line num="116" count="0" type="cond" truecount="0" falsecount="2"/>
        <line num="117" count="0" type="stmt"/>
        <line num="118" count="0" type="stmt"/>
        <line num="119" count="0" type="stmt"/>
        <line num="120" count="0" type="stmt"/>
        <line num="122" count="0" type="cond" truecount="0" falsecount="4"/>
        <line num="123" count="0" type="stmt"/>
        <line num="124" count="0" type="stmt"/>
        <line num="126" count="0" type="stmt"/>
        <line num="130" count="0" type="stmt"/>
        <line num="131" count="0" type="stmt"/>
        <line num="132" count="0" type="stmt"/>
        <line num="133" count="0" type="cond" truecount="0" falsecount="4"/>
        <line num="134" count="0" type="stmt"/>
        <line num="135" count="0" type="stmt"/>
        <line num="136" count="0" type="stmt"/>
        <line num="150" count="0" type="stmt"/>
        <line num="151" count="0" type="stmt"/>
        <line num="152" count="0" type="stmt"/>
        <line num="156" count="1" type="stmt"/>
        <line num="157" count="1" type="cond" truecount="1" falsecount="1"/>
        <line num="158" count="0" type="stmt"/>
        <line num="160" count="1" type="stmt"/>
        <line num="164" count="0" type="cond" truecount="0" falsecount="4"/>
        <line num="168" count="0" type="cond" truecount="0" falsecount="2"/>
        <line num="169" count="0" type="cond" truecount="0" falsecount="2"/>
        <line num="173" count="0" type="stmt"/>
        <line num="174" count="0" type="stmt"/>
        <line num="178" count="0" type="stmt"/>
        <line num="182" count="0" type="cond" truecount="0" falsecount="2"/>
        <line num="183" count="0" type="stmt"/>
        <line num="184" count="0" type="stmt"/>
        <line num="186" count="0" type="cond" truecount="0" falsecount="2"/>
        <line num="187" count="0" type="stmt"/>
        <line num="188" count="0" type="stmt"/>
        <line num="190" count="0" type="stmt"/>
        <line num="191" count="0" type="cond" truecount="0" falsecount="2"/>
        <line num="192" count="0" type="stmt"/>
        <line num="193" count="0" type="stmt"/>
        <line num="195" count="0" type="stmt"/>
        <line num="199" count="2" type="stmt"/>
        <line num="205" count="0" type="cond" truecount="0" falsecount="2"/>
        <line num="206" count="0" type="stmt"/>
        <line num="207" count="0" type="stmt"/>
        <line num="210" count="0" type="cond" truecount="0" falsecount="2"/>
        <line num="211" count="0" type="cond" truecount="0" falsecount="2"/>
        <line num="212" count="0" type="stmt"/>
        <line num="213" count="0" type="stmt"/>
        <line num="215" count="0" type="stmt"/>
        <line num="216" count="0" type="cond" truecount="0" falsecount="2"/>
        <line num="217" count="0" type="stmt"/>
        <line num="218" count="0" type="cond" truecount="0" falsecount="2"/>
        <line num="219" count="0" type="stmt"/>
        <line num="220" count="0" type="stmt"/>
        <line num="222" count="0" type="cond" truecount="0" falsecount="2"/>
        <line num="223" count="0" type="stmt"/>
        <line num="224" count="0" type="stmt"/>
        <line num="225" count="0" type="cond" truecount="0" falsecount="2"/>
        <line num="226" count="0" type="stmt"/>
        <line num="227" count="0" type="stmt"/>
        <line num="229" count="0" type="stmt"/>
        <line num="237" count="0" type="cond" truecount="0" falsecount="2"/>
        <line num="238" count="0" type="stmt"/>
        <line num="239" count="0" type="stmt"/>
        <line num="244" count="0" type="stmt"/>
        <line num="247" count="0" type="cond" truecount="0" falsecount="2"/>
        <line num="248" count="0" type="stmt"/>
        <line num="253" count="0" type="stmt"/>
        <line num="254" count="0" type="stmt"/>
        <line num="255" count="0" type="stmt"/>
        <line num="256" count="0" type="stmt"/>
        <line num="259" count="0" type="stmt"/>
        <line num="261" count="0" type="stmt"/>
        <line num="263" count="0" type="stmt"/>
        <line num="267" count="1" type="stmt"/>
        <line num="270" count="0" type="cond" truecount="0" falsecount="2"/>
        <line num="271" count="0" type="stmt"/>
        <line num="272" count="0" type="stmt"/>
        <line num="275" count="0" type="stmt"/>
        <line num="276" count="0" type="stmt"/>
        <line num="278" count="0" type="cond" truecount="0" falsecount="2"/>
        <line num="279" count="0" type="stmt"/>
        <line num="283" count="0" type="stmt"/>
        <line num="286" count="0" type="stmt"/>
        <line num="287" count="0" type="stmt"/>
        <line num="289" count="0" type="stmt"/>
        <line num="290" count="0" type="stmt"/>
        <line num="315" count="0" type="stmt"/>
        <line num="316" count="0" type="stmt"/>
        <line num="318" count="0" type="stmt"/>
        <line num="319" count="0" type="stmt"/>
        <line num="321" count="0" type="stmt"/>
        <line num="322" count="0" type="stmt"/>
        <line num="323" count="0" type="stmt"/>
        <line num="328" count="0" type="stmt"/>
        <line num="329" count="0" type="cond" truecount="0" falsecount="2"/>
        <line num="330" count="0" type="stmt"/>
        <line num="332" count="0" type="stmt"/>
        <line num="336" count="0" type="cond" truecount="0" falsecount="2"/>
        <line num="337" count="0" type="stmt"/>
        <line num="338" count="0" type="stmt"/>
        <line num="343" count="0" type="stmt"/>
        <line num="346" count="0" type="cond" truecount="0" falsecount="2"/>
        <line num="347" count="0" type="stmt"/>
        <line num="348" count="0" type="stmt"/>
        <line num="349" count="0" type="stmt"/>
        <line num="352" count="0" type="cond" truecount="0" falsecount="2"/>
        <line num="353" count="0" type="stmt"/>
        <line num="354" count="0" type="stmt"/>
        <line num="355" count="0" type="stmt"/>
        <line num="357" count="0" type="stmt"/>
        <line num="360" count="0" type="stmt"/>
        <line num="362" count="0" type="stmt"/>
        <line num="363" count="0" type="stmt"/>
        <line num="364" count="0" type="stmt"/>
        <line num="365" count="0" type="cond" truecount="0" falsecount="2"/>
        <line num="366" count="0" type="cond" truecount="0" falsecount="2"/>
        <line num="367" count="0" type="cond" truecount="0" falsecount="2"/>
        <line num="369" count="0" type="stmt"/>
        <line num="371" count="0" type="stmt"/>
        <line num="372" count="0" type="stmt"/>
        <line num="379" count="0" type="stmt"/>
        <line num="380" count="0" type="stmt"/>
        <line num="383" count="0" type="cond" truecount="0" falsecount="2"/>
        <line num="384" count="0" type="stmt"/>
        <line num="385" count="0" type="stmt"/>
        <line num="386" count="0" type="stmt"/>
        <line num="396" count="0" type="cond" truecount="0" falsecount="2"/>
        <line num="397" count="0" type="stmt"/>
        <line num="408" count="0" type="stmt"/>
        <line num="409" count="0" type="stmt"/>
        <line num="410" count="0" type="stmt"/>
        <line num="411" count="0" type="cond" truecount="0" falsecount="2"/>
        <line num="414" count="0" type="stmt"/>
        <line num="417" count="0" type="stmt"/>
        <line num="419" count="0" type="stmt"/>
        <line num="420" count="0" type="stmt"/>
        <line num="422" count="0" type="stmt"/>
        <line num="423" count="0" type="cond" truecount="0" falsecount="2"/>
        <line num="424" count="0" type="stmt"/>
        <line num="428" count="0" type="stmt"/>
        <line num="429" count="0" type="stmt"/>
        <line num="436" count="0" type="stmt"/>
        <line num="440" count="1" type="stmt"/>
        <line num="457" count="2" type="stmt"/>
        <line num="458" count="1" type="cond" truecount="2" falsecount="0"/>
        <line num="459" count="1" type="stmt"/>
        <line num="462" count="1" type="stmt"/>
        <line num="463" count="1" type="stmt"/>
        <line num="464" count="1" type="stmt"/>
        <line num="508" count="2" type="stmt"/>
        <line num="509" count="1" type="cond" truecount="1" falsecount="1"/>
        <line num="510" count="1" type="stmt"/>
        <line num="513" count="1" type="stmt"/>
        <line num="514" count="1" type="cond" truecount="1" falsecount="1"/>
        <line num="519" count="0" type="stmt"/>
        <line num="520" count="0" type="stmt"/>
        <line num="522" count="0" type="stmt"/>
        <line num="523" count="0" type="cond" truecount="0" falsecount="2"/>
        <line num="524" count="0" type="stmt"/>
        <line num="526" count="0" type="stmt"/>
        <line num="530" count="0" type="cond" truecount="0" falsecount="2"/>
        <line num="531" count="0" type="stmt"/>
        <line num="532" count="0" type="cond" truecount="0" falsecount="2"/>
        <line num="533" count="0" type="stmt"/>
        <line num="534" count="0" type="stmt"/>
        <line num="538" count="0" type="stmt"/>
        <line num="540" count="0" type="stmt"/>
        <line num="541" count="0" type="cond" truecount="0" falsecount="2"/>
        <line num="542" count="0" type="stmt"/>
        <line num="543" count="0" type="stmt"/>
        <line num="544" count="0" type="cond" truecount="0" falsecount="2"/>
        <line num="545" count="0" type="cond" truecount="0" falsecount="2"/>
        <line num="546" count="0" type="stmt"/>
        <line num="550" count="0" type="stmt"/>
        <line num="552" count="0" type="stmt"/>
        <line num="559" count="0" type="stmt"/>
        <line num="561" count="0" type="stmt"/>
        <line num="581" count="0" type="stmt"/>
        <line num="583" count="0" type="stmt"/>
        <line num="585" count="0" type="stmt"/>
        <line num="587" count="0" type="cond" truecount="0" falsecount="2"/>
        <line num="590" count="0" type="stmt"/>
        <line num="592" count="0" type="stmt"/>
        <line num="593" count="0" type="cond" truecount="0" falsecount="2"/>
        <line num="594" count="0" type="stmt"/>
        <line num="595" count="0" type="stmt"/>
        <line num="596" count="0" type="stmt"/>
        <line num="599" count="0" type="stmt"/>
        <line num="600" count="0" type="stmt"/>
        <line num="601" count="0" type="stmt"/>
        <line num="602" count="0" type="cond" truecount="0" falsecount="2"/>
        <line num="603" count="0" type="stmt"/>
        <line num="606" count="0" type="stmt"/>
        <line num="613" count="0" type="stmt"/>
        <line num="615" count="0" type="stmt"/>
        <line num="616" count="0" type="cond" truecount="0" falsecount="2"/>
        <line num="617" count="0" type="stmt"/>
        <line num="618" count="0" type="stmt"/>
        <line num="629" count="0" type="stmt"/>
        <line num="630" count="0" type="stmt"/>
        <line num="632" count="0" type="cond" truecount="0" falsecount="2"/>
        <line num="633" count="0" type="stmt"/>
        <line num="634" count="0" type="stmt"/>
        <line num="637" count="0" type="stmt"/>
        <line num="638" count="0" type="stmt"/>
        <line num="640" count="0" type="cond" truecount="0" falsecount="2"/>
        <line num="644" count="0" type="stmt"/>
        <line num="657" count="0" type="cond" truecount="0" falsecount="2"/>
        <line num="658" count="0" type="stmt"/>
        <line num="665" count="0" type="stmt"/>
        <line num="669" count="0" type="stmt"/>
        <line num="670" count="0" type="cond" truecount="0" falsecount="2"/>
        <line num="680" count="0" type="stmt"/>
        <line num="684" count="0" type="stmt"/>
        <line num="685" count="0" type="stmt"/>
        <line num="686" count="0" type="stmt"/>
        <line num="687" count="0" type="cond" truecount="0" falsecount="2"/>
        <line num="701" count="0" type="stmt"/>
        <line num="709" count="0" type="stmt"/>
        <line num="712" count="0" type="stmt"/>
        <line num="713" count="0" type="stmt"/>
        <line num="714" count="0" type="stmt"/>
        <line num="743" count="0" type="stmt"/>
        <line num="744" count="0" type="stmt"/>
        <line num="745" count="0" type="stmt"/>
        <line num="748" count="0" type="stmt"/>
        <line num="749" count="0" type="stmt"/>
        <line num="751" count="0" type="stmt"/>
        <line num="752" count="0" type="stmt"/>
        <line num="754" count="0" type="stmt"/>
        <line num="755" count="0" type="stmt"/>
        <line num="758" count="0" type="cond" truecount="0" falsecount="2"/>
        <line num="759" count="0" type="stmt"/>
        <line num="760" count="0" type="stmt"/>
        <line num="761" count="0" type="stmt"/>
        <line num="796" count="0" type="stmt"/>
        <line num="797" count="0" type="stmt"/>
        <line num="799" count="0" type="stmt"/>
        <line num="800" count="0" type="stmt"/>
        <line num="801" count="0" type="stmt"/>
        <line num="802" count="0" type="stmt"/>
        <line num="806" count="0" type="stmt"/>
        <line num="807" count="0" type="stmt"/>
        <line num="809" count="0" type="stmt"/>
        <line num="810" count="0" type="cond" truecount="0" falsecount="2"/>
        <line num="811" count="0" type="stmt"/>
        <line num="812" count="0" type="stmt"/>
        <line num="814" count="0" type="stmt"/>
        <line num="815" count="0" type="stmt"/>
        <line num="818" count="0" type="stmt"/>
        <line num="820" count="0" type="stmt"/>
        <line num="822" count="0" type="stmt"/>
        <line num="826" count="0" type="stmt"/>
        <line num="827" count="0" type="stmt"/>
        <line num="828" count="0" type="stmt"/>
        <line num="829" count="0" type="stmt"/>
        <line num="830" count="0" type="stmt"/>
        <line num="831" count="0" type="stmt"/>
        <line num="832" count="0" type="stmt"/>
        <line num="835" count="0" type="stmt"/>
        <line num="838" count="0" type="stmt"/>
        <line num="841" count="0" type="stmt"/>
        <line num="842" count="0" type="stmt"/>
        <line num="847" count="0" type="stmt"/>
        <line num="848" count="0" type="stmt"/>
        <line num="850" count="0" type="stmt"/>
        <line num="851" count="0" type="stmt"/>
        <line num="854" count="0" type="cond" truecount="0" falsecount="4"/>
        <line num="855" count="0" type="stmt"/>
        <line num="856" count="0" type="stmt"/>
        <line num="859" count="0" type="stmt"/>
        <line num="860" count="0" type="stmt"/>
        <line num="861" count="0" type="stmt"/>
        <line num="865" count="0" type="stmt"/>
        <line num="866" count="0" type="stmt"/>
        <line num="867" count="0" type="stmt"/>
        <line num="870" count="1" type="cond" truecount="1" falsecount="1"/>
        <line num="871" count="0" type="stmt"/>
        <line num="872" count="0" type="cond" truecount="0" falsecount="2"/>
        <line num="873" count="0" type="stmt"/>
        <line num="874" count="0" type="stmt"/>
      </file>
    </package>
    <package name="HYBA_FULLSTACK.src.core">
      <metrics statements="190" coveredstatements="189" conditionals="92" coveredconditionals="86" methods="52" coveredmethods="52"/>
      <file name="constants.ts" path="/Users/demouser/Desktop/HYBA_FULLSTACK/src/core/constants.ts">
        <metrics statements="9" coveredstatements="9" conditionals="0" coveredconditionals="0" methods="2" coveredmethods="2"/>
        <line num="6" count="3" type="stmt"/>
        <line num="7" count="3" type="stmt"/>
        <line num="8" count="3" type="stmt"/>
        <line num="9" count="3" type="stmt"/>
        <line num="10" count="3" type="stmt"/>
        <line num="15" count="3" type="stmt"/>
        <line num="16" count="602" type="stmt"/>
        <line num="22" count="3" type="stmt"/>
        <line num="23" count="3405" type="stmt"/>
      </file>
      <file name="security_swarm.ts" path="/Users/demouser/Desktop/HYBA_FULLSTACK/src/core/security_swarm.ts">
        <metrics statements="173" coveredstatements="172" conditionals="86" coveredconditionals="81" methods="47" coveredmethods="47"/>
        <line num="82" count="6151" type="stmt"/>
        <line num="83" count="2192" type="cond" truecount="2" falsecount="0"/>
        <line num="86" count="98" type="stmt"/>
        <line num="87" count="98" type="stmt"/>
        <line num="88" count="98" type="stmt"/>
        <line num="89" count="98" type="stmt"/>
        <line num="90" count="98" type="stmt"/>
        <line num="91" count="98" type="stmt"/>
        <line num="92" count="98" type="stmt"/>
        <line num="93" count="98" type="stmt"/>
        <line num="94" count="98" type="stmt"/>
        <line num="95" count="98" type="stmt"/>
        <line num="96" count="98" type="stmt"/>
        <line num="97" count="98" type="stmt"/>
        <line num="98" count="98" type="stmt"/>
        <line num="99" count="98" type="stmt"/>
        <line num="100" count="98" type="stmt"/>
        <line num="101" count="98" type="stmt"/>
        <line num="102" count="98" type="stmt"/>
        <line num="103" count="98" type="stmt"/>
        <line num="104" count="98" type="stmt"/>
        <line num="105" count="98" type="stmt"/>
        <line num="106" count="784" type="stmt"/>
        <line num="118" count="98" type="stmt"/>
        <line num="122" count="98" type="stmt"/>
        <line num="123" count="98" type="stmt"/>
        <line num="124" count="98" type="stmt"/>
        <line num="126" count="98" type="stmt"/>
        <line num="127" count="1568" type="cond" truecount="2" falsecount="0"/>
        <line num="129" count="98" type="stmt"/>
        <line num="130" count="784" type="cond" truecount="2" falsecount="0"/>
        <line num="132" count="98" type="stmt"/>
        <line num="136" count="2450" type="stmt"/>
        <line num="153" count="300" type="stmt"/>
        <line num="154" count="300" type="stmt"/>
        <line num="155" count="300" type="stmt"/>
        <line num="156" count="7500" type="cond" truecount="2" falsecount="0"/>
        <line num="158" count="300" type="stmt"/>
        <line num="159" count="300" type="stmt"/>
        <line num="160" count="2192" type="stmt"/>
        <line num="161" count="2192" type="stmt"/>
        <line num="162" count="2192" type="stmt"/>
        <line num="163" count="2192" type="stmt"/>
        <line num="164" count="2192" type="stmt"/>
        <line num="167" count="300" type="stmt"/>
        <line num="168" count="300" type="stmt"/>
        <line num="169" count="578" type="stmt"/>
        <line num="170" count="578" type="stmt"/>
        <line num="171" count="578" type="cond" truecount="2" falsecount="0"/>
        <line num="172" count="578" type="cond" truecount="2" falsecount="0"/>
        <line num="173" count="578" type="stmt"/>
        <line num="174" count="578" type="cond" truecount="2" falsecount="0"/>
        <line num="177" count="2192" type="stmt"/>
        <line num="179" count="300" type="cond" truecount="1" falsecount="1"/>
        <line num="181" count="300" type="cond" truecount="2" falsecount="0"/>
        <line num="182" count="300" type="stmt"/>
        <line num="184" count="300" type="cond" truecount="2" falsecount="0"/>
        <line num="192" count="300" type="cond" truecount="4" falsecount="0"/>
        <line num="196" count="300" type="stmt"/>
        <line num="208" count="300" type="stmt"/>
        <line num="217" count="246" type="stmt"/>
        <line num="218" count="246" type="cond" truecount="2" falsecount="0"/>
        <line num="219" count="206" type="stmt"/>
        <line num="234" count="40" type="stmt"/>
        <line num="235" count="1000" type="cond" truecount="3" falsecount="0"/>
        <line num="236" count="62" type="stmt"/>
        <line num="237" count="62" type="stmt"/>
        <line num="240" count="40" type="stmt"/>
        <line num="241" count="40" type="cond" truecount="2" falsecount="0"/>
        <line num="242" count="32" type="stmt"/>
        <line num="243" count="32" type="stmt"/>
        <line num="245" count="40" type="stmt"/>
        <line num="249" count="40" type="stmt"/>
        <line num="253" count="246" type="stmt"/>
        <line num="254" count="246" type="stmt"/>
        <line num="255" count="246" type="stmt"/>
        <line num="257" count="1000" type="stmt"/>
        <line num="258" count="695" type="stmt"/>
        <line num="261" count="40" type="stmt"/>
        <line num="266" count="40" type="stmt"/>
        <line num="286" count="1" type="stmt"/>
        <line num="287" count="1" type="stmt"/>
        <line num="288" count="1" type="stmt"/>
        <line num="290" count="1" type="stmt"/>
        <line num="291" count="1" type="stmt"/>
        <line num="292" count="1" type="stmt"/>
        <line num="293" count="25" type="cond" truecount="2" falsecount="0"/>
        <line num="294" count="11" type="stmt"/>
        <line num="295" count="11" type="cond" truecount="1" falsecount="1"/>
        <line num="296" count="25" type="stmt"/>
        <line num="297" count="25" type="stmt"/>
        <line num="299" count="25" type="stmt"/>
        <line num="305" count="1" type="stmt"/>
        <line num="306" count="1" type="cond" truecount="1" falsecount="1"/>
        <line num="307" count="1" type="stmt"/>
        <line num="308" count="1" type="stmt"/>
        <line num="311" count="1" type="stmt"/>
        <line num="315" count="7500" type="cond" truecount="2" falsecount="0"/>
        <line num="316" count="300" type="cond" truecount="2" falsecount="0"/>
        <line num="317" count="483" type="stmt"/>
        <line num="321" count="40" type="cond" truecount="2" falsecount="0"/>
        <line num="323" count="725" type="cond" truecount="2" falsecount="0"/>
        <line num="324" count="29" type="stmt"/>
        <line num="326" count="29" type="cond" truecount="2" falsecount="0"/>
        <line num="327" count="28" type="stmt"/>
        <line num="328" count="28" type="stmt"/>
        <line num="331" count="1" type="cond" truecount="1" falsecount="1"/>
        <line num="332" count="1" type="stmt"/>
        <line num="333" count="1" type="stmt"/>
        <line num="336" count="0" type="stmt"/>
        <line num="340" count="29" type="stmt"/>
        <line num="341" count="29" type="stmt"/>
        <line num="342" count="29" type="stmt"/>
        <line num="343" count="29" type="cond" truecount="1" falsecount="1"/>
        <line num="344" count="29" type="stmt"/>
        <line num="355" count="174" type="stmt"/>
        <line num="359" count="150" type="stmt"/>
        <line num="360" count="32" type="stmt"/>
        <line num="364" count="2450" type="stmt"/>
        <line num="365" count="98" type="stmt"/>
        <line num="369" count="32" type="stmt"/>
        <line num="370" count="32" type="stmt"/>
        <line num="374" count="800" type="stmt"/>
        <line num="375" count="32" type="stmt"/>
        <line num="376" count="768" type="stmt"/>
        <line num="377" count="768" type="stmt"/>
        <line num="379" count="32" type="stmt"/>
        <line num="383" count="130" type="stmt"/>
        <line num="384" count="130" type="stmt"/>
        <line num="385" count="130" type="stmt"/>
        <line num="386" count="3250" type="stmt"/>
        <line num="387" count="3250" type="stmt"/>
        <line num="388" count="3250" type="stmt"/>
        <line num="390" count="130" type="stmt"/>
        <line num="394" count="3250" type="stmt"/>
        <line num="395" count="3250" type="stmt"/>
        <line num="399" count="3400" type="stmt"/>
        <line num="403" count="5601" type="stmt"/>
        <line num="407" count="130" type="stmt"/>
        <line num="408" count="130" type="stmt"/>
        <line num="409" count="3250" type="stmt"/>
        <line num="411" count="130" type="stmt"/>
        <line num="415" count="1000" type="cond" truecount="2" falsecount="0"/>
        <line num="416" count="1000" type="cond" truecount="2" falsecount="0"/>
        <line num="417" count="40" type="cond" truecount="5" falsecount="0"/>
        <line num="418" count="3" type="stmt"/>
        <line num="419" count="3" type="stmt"/>
        <line num="420" count="3" type="stmt"/>
        <line num="421" count="75" type="stmt"/>
        <line num="422" count="75" type="stmt"/>
        <line num="424" count="3" type="stmt"/>
        <line num="425" count="3" type="stmt"/>
        <line num="435" count="40" type="stmt"/>
        <line num="436" count="1000" type="cond" truecount="3" falsecount="0"/>
        <line num="437" count="58" type="stmt"/>
        <line num="442" count="80" type="stmt"/>
        <line num="443" count="80" type="stmt"/>
        <line num="444" count="1551" type="stmt"/>
        <line num="445" count="1551" type="stmt"/>
        <line num="446" count="1551" type="cond" truecount="5" falsecount="0"/>
        <line num="447" count="219" type="cond" truecount="2" falsecount="0"/>
        <line num="448" count="173" type="stmt"/>
        <line num="449" count="173" type="stmt"/>
        <line num="450" count="173" type="stmt"/>
        <line num="451" count="173" type="stmt"/>
        <line num="452" count="173" type="stmt"/>
        <line num="454" count="80" type="stmt"/>
        <line num="458" count="8050" type="stmt"/>
        <line num="462" count="76" type="stmt"/>
        <line num="463" count="11400" type="cond" truecount="4" falsecount="0"/>
        <line num="465" count="76" type="stmt"/>
        <line num="473" count="1900" type="cond" truecount="2" falsecount="0"/>
        <line num="494" count="2" type="stmt"/>
      </file>
      <file name="telemetry.ts" path="/Users/demouser/Desktop/HYBA_FULLSTACK/src/core/telemetry.ts">
        <metrics statements="8" coveredstatements="8" conditionals="6" coveredconditionals="5" methods="3" coveredmethods="3"/>
        <line num="5" count="3" type="stmt"/>
        <line num="6" count="3" type="stmt"/>
        <line num="12" count="3" type="stmt"/>
        <line num="21" count="3" type="stmt"/>
        <line num="22" count="1" type="stmt"/>
        <line num="28" count="3" type="stmt"/>
        <line num="29" count="1" type="stmt"/>
        <line num="38" count="43" type="stmt"/>
      </file>
    </package>
    <package name="HYBA_FULLSTACK.src.utils">
      <metrics statements="97" coveredstatements="42" conditionals="15" coveredconditionals="9" methods="24" coveredmethods="17"/>
      <file name="math.ts" path="/Users/demouser/Desktop/HYBA_FULLSTACK/src/utils/math.ts">
        <metrics statements="97" coveredstatements="42" conditionals="15" coveredconditionals="9" methods="24" coveredmethods="17"/>
        <line num="9" count="1" type="stmt"/>
        <line num="10" count="1" type="stmt"/>
        <line num="11" count="1" type="stmt"/>
        <line num="19" count="252" type="cond" truecount="4" falsecount="0"/>
        <line num="20" count="52" type="stmt"/>
        <line num="23" count="200" type="stmt"/>
        <line num="24" count="16860" type="stmt"/>
        <line num="25" count="16860" type="stmt"/>
        <line num="26" count="16860" type="stmt"/>
        <line num="37" count="136804" type="stmt"/>
        <line num="38" count="2527" type="cond" truecount="2" falsecount="0"/>
        <line num="39" count="136804" type="stmt"/>
        <line num="46" count="1326" type="stmt"/>
        <line num="47" count="79837" type="stmt"/>
        <line num="48" count="79837" type="cond" truecount="2" falsecount="0"/>
        <line num="49" count="78339" type="stmt"/>
        <line num="52" count="1326" type="stmt"/>
        <line num="59" count="60" type="stmt"/>
        <line num="60" count="60" type="stmt"/>
        <line num="63" count="60" type="stmt"/>
        <line num="64" count="1200" type="stmt"/>
        <line num="65" count="1200" type="stmt"/>
        <line num="67" count="69260" type="stmt"/>
        <line num="68" count="69260" type="stmt"/>
        <line num="69" count="69260" type="stmt"/>
        <line num="74" count="1200" type="stmt"/>
        <line num="76" count="1200" type="stmt"/>
        <line num="88" count="210" type="stmt"/>
        <line num="91" count="13134" type="stmt"/>
        <line num="96" count="210" type="stmt"/>
        <line num="103" count="13134" type="stmt"/>
        <line num="106" count="210" type="stmt"/>
        <line num="109" count="876" type="stmt"/>
        <line num="110" count="876" type="stmt"/>
        <line num="112" count="63138" type="stmt"/>
        <line num="116" count="63138" type="stmt"/>
        <line num="117" count="63138" type="stmt"/>
        <line num="119" count="63138" type="stmt"/>
        <line num="125" count="876" type="stmt"/>
        <line num="127" count="876" type="stmt"/>
        <line num="134" count="63138" type="stmt"/>
        <line num="138" count="876" type="stmt"/>
        <line num="145" count="0" type="stmt"/>
        <line num="151" count="0" type="stmt"/>
        <line num="152" count="0" type="stmt"/>
        <line num="153" count="0" type="stmt"/>
        <line num="155" count="0" type="stmt"/>
        <line num="156" count="0" type="stmt"/>
        <line num="157" count="0" type="stmt"/>
        <line num="160" count="0" type="stmt"/>
        <line num="162" count="0" type="stmt"/>
        <line num="177" count="0" type="stmt"/>
        <line num="189" count="0" type="stmt"/>
        <line num="190" count="0" type="stmt"/>
        <line num="191" count="0" type="stmt"/>
        <line num="192" count="0" type="stmt"/>
        <line num="194" count="0" type="stmt"/>
        <line num="197" count="0" type="stmt"/>
        <line num="202" count="0" type="stmt"/>
        <line num="203" count="0" type="stmt"/>
        <line num="204" count="0" type="stmt"/>
        <line num="206" count="0" type="stmt"/>
        <line num="233" count="0" type="stmt"/>
        <line num="234" count="0" type="stmt"/>
        <line num="235" count="0" type="stmt"/>
        <line num="238" count="0" type="stmt"/>
        <line num="239" count="0" type="stmt"/>
        <line num="241" count="0" type="stmt"/>
        <line num="243" count="0" type="stmt"/>
        <line num="244" count="0" type="stmt"/>
        <line num="247" count="0" type="stmt"/>
        <line num="251" count="0" type="stmt"/>
        <line num="256" count="0" type="cond" truecount="0" falsecount="4"/>
        <line num="257" count="0" type="stmt"/>
        <line num="261" count="0" type="stmt"/>
        <line num="288" count="0" type="stmt"/>
        <line num="289" count="0" type="stmt"/>
        <line num="290" count="0" type="stmt"/>
        <line num="294" count="0" type="stmt"/>
        <line num="295" count="0" type="stmt"/>
        <line num="297" count="0" type="stmt"/>
        <line num="298" count="0" type="stmt"/>
        <line num="299" count="0" type="stmt"/>
        <line num="302" count="0" type="stmt"/>
        <line num="303" count="0" type="stmt"/>
        <line num="305" count="0" type="stmt"/>
        <line num="325" count="0" type="stmt"/>
        <line num="336" count="0" type="stmt"/>
        <line num="341" count="0" type="stmt"/>
        <line num="342" count="0" type="stmt"/>
        <line num="343" count="0" type="stmt"/>
        <line num="345" count="0" type="stmt"/>
        <line num="346" count="0" type="stmt"/>
        <line num="349" count="0" type="stmt"/>
        <line num="350" count="0" type="cond" truecount="0" falsecount="2"/>
        <line num="352" count="0" type="stmt"/>
        <line num="378" count="0" type="stmt"/>
      </file>
    </package>
  </project>
</coverage>
