<?xml version="1.0" encoding="UTF-8"?>
<coverage generated="1781453654332" clover="3.2.0">
  <project timestamp="1781453654332" name="All files">
    <metrics statements="240" coveredstatements="218" conditionals="123" coveredconditionals="102" methods="59" coveredmethods="56" elements="422" coveredelements="376" complexity="0" loc="240" ncloc="240" packages="1" files="1" classes="1"/>
    <file name="security_swarm.ts" path="/Users/demouser/Desktop/HYBA_FULLSTACK/src/core/security_swarm.ts">
      <metrics statements="240" coveredstatements="218" conditionals="123" coveredconditionals="102" methods="59" coveredmethods="56"/>
      <line num="104" count="5181" type="stmt"/>
      <line num="105" count="1833" type="cond" truecount="2" falsecount="0"/>
      <line num="108" count="147" type="stmt"/>
      <line num="109" count="147" type="stmt"/>
      <line num="110" count="147" type="stmt"/>
      <line num="111" count="147" type="stmt"/>
      <line num="112" count="147" type="stmt"/>
      <line num="113" count="147" type="stmt"/>
      <line num="114" count="147" type="stmt"/>
      <line num="115" count="147" type="stmt"/>
      <line num="116" count="147" type="stmt"/>
      <line num="117" count="147" type="stmt"/>
      <line num="118" count="147" type="stmt"/>
      <line num="119" count="147" type="stmt"/>
      <line num="120" count="147" type="stmt"/>
      <line num="121" count="147" type="stmt"/>
      <line num="122" count="147" type="stmt"/>
      <line num="123" count="147" type="stmt"/>
      <line num="124" count="147" type="stmt"/>
      <line num="125" count="147" type="stmt"/>
      <line num="126" count="147" type="stmt"/>
      <line num="127" count="147" type="stmt"/>
      <line num="128" count="1176" type="stmt"/>
      <line num="138" count="147" type="stmt"/>
      <line num="139" count="147" type="stmt"/>
      <line num="140" count="147" type="stmt"/>
      <line num="143" count="147" type="stmt"/>
      <line num="147" count="147" type="stmt"/>
      <line num="148" count="147" type="stmt"/>
      <line num="149" count="147" type="stmt"/>
      <line num="151" count="147" type="stmt"/>
      <line num="152" count="2352" type="cond" truecount="2" falsecount="0"/>
      <line num="154" count="147" type="stmt"/>
      <line num="155" count="1176" type="cond" truecount="2" falsecount="0"/>
      <line num="157" count="147" type="stmt"/>
      <line num="161" count="3675" type="stmt"/>
      <line num="178" count="258" type="stmt"/>
      <line num="179" count="258" type="stmt"/>
      <line num="180" count="258" type="stmt"/>
      <line num="181" count="6450" type="cond" truecount="2" falsecount="0"/>
      <line num="183" count="258" type="stmt"/>
      <line num="184" count="258" type="stmt"/>
      <line num="185" count="1833" type="stmt"/>
      <line num="186" count="1833" type="stmt"/>
      <line num="187" count="1833" type="stmt"/>
      <line num="188" count="1833" type="stmt"/>
      <line num="189" count="1833" type="stmt"/>
      <line num="192" count="258" type="stmt"/>
      <line num="193" count="258" type="stmt"/>
      <line num="194" count="494" type="stmt"/>
      <line num="195" count="494" type="stmt"/>
      <line num="196" count="494" type="cond" truecount="2" falsecount="0"/>
      <line num="197" count="494" type="cond" truecount="2" falsecount="0"/>
      <line num="198" count="494" type="stmt"/>
      <line num="199" count="494" type="cond" truecount="2" falsecount="0"/>
      <line num="202" count="1833" type="stmt"/>
      <line num="204" count="258" type="cond" truecount="1" falsecount="1"/>
      <line num="206" count="258" type="cond" truecount="2" falsecount="0"/>
      <line num="207" count="258" type="stmt"/>
      <line num="209" count="258" type="cond" truecount="2" falsecount="0"/>
      <line num="217" count="258" type="cond" truecount="4" falsecount="0"/>
      <line num="221" count="258" type="stmt"/>
      <line num="233" count="258" type="stmt"/>
      <line num="242" count="205" type="stmt"/>
      <line num="243" count="205" type="cond" truecount="2" falsecount="0"/>
      <line num="244" count="164" type="stmt"/>
      <line num="259" count="41" type="stmt"/>
      <line num="260" count="1025" type="cond" truecount="3" falsecount="0"/>
      <line num="261" count="65" type="stmt"/>
      <line num="262" count="65" type="stmt"/>
      <line num="265" count="41" type="stmt"/>
      <line num="266" count="41" type="cond" truecount="2" falsecount="0"/>
      <line num="267" count="33" type="stmt"/>
      <line num="268" count="33" type="stmt"/>
      <line num="270" count="41" type="stmt"/>
      <line num="274" count="41" type="stmt"/>
      <line num="278" count="205" type="stmt"/>
      <line num="279" count="205" type="stmt"/>
      <line num="280" count="205" type="stmt"/>
      <line num="282" count="1025" type="stmt"/>
      <line num="283" count="721" type="stmt"/>
      <line num="286" count="41" type="stmt"/>
      <line num="291" count="41" type="stmt"/>
      <line num="311" count="1" type="stmt"/>
      <line num="312" count="1" type="stmt"/>
      <line num="313" count="1" type="stmt"/>
      <line num="315" count="1" type="stmt"/>
      <line num="316" count="1" type="stmt"/>
      <line num="317" count="1" type="stmt"/>
      <line num="318" count="25" type="cond" truecount="2" falsecount="0"/>
      <line num="319" count="11" type="stmt"/>
      <line num="320" count="11" type="cond" truecount="1" falsecount="1"/>
      <line num="321" count="25" type="stmt"/>
      <line num="322" count="25" type="stmt"/>
      <line num="324" count="25" type="stmt"/>
      <line num="330" count="1" type="stmt"/>
      <line num="331" count="1" type="cond" truecount="1" falsecount="1"/>
      <line num="332" count="1" type="stmt"/>
      <line num="333" count="1" type="stmt"/>
      <line num="336" count="1" type="stmt"/>
      <line num="340" count="6450" type="cond" truecount="2" falsecount="0"/>
      <line num="341" count="258" type="cond" truecount="2" falsecount="0"/>
      <line num="342" count="532" type="stmt"/>
      <line num="346" count="41" type="cond" truecount="2" falsecount="0"/>
      <line num="348" count="750" type="cond" truecount="2" falsecount="0"/>
      <line num="349" count="30" type="stmt"/>
      <line num="351" count="30" type="cond" truecount="1" falsecount="1"/>
      <line num="352" count="30" type="stmt"/>
      <line num="353" count="30" type="stmt"/>
      <line num="356" count="0" type="cond" truecount="0" falsecount="2"/>
      <line num="357" count="0" type="stmt"/>
      <line num="358" count="0" type="stmt"/>
      <line num="361" count="0" type="stmt"/>
      <line num="365" count="30" type="stmt"/>
      <line num="366" count="30" type="stmt"/>
      <line num="367" count="30" type="stmt"/>
      <line num="368" count="30" type="cond" truecount="1" falsecount="1"/>
      <line num="369" count="30" type="stmt"/>
      <line num="380" count="570" type="stmt"/>
      <line num="384" count="490" type="stmt"/>
      <line num="385" count="84" type="stmt"/>
      <line num="389" count="3675" type="stmt"/>
      <line num="390" count="147" type="stmt"/>
      <line num="394" count="84" type="stmt"/>
      <line num="395" count="84" type="stmt"/>
      <line num="399" count="2100" type="stmt"/>
      <line num="400" count="84" type="stmt"/>
      <line num="401" count="2016" type="stmt"/>
      <line num="402" count="2016" type="stmt"/>
      <line num="404" count="84" type="stmt"/>
      <line num="408" count="231" type="stmt"/>
      <line num="409" count="231" type="stmt"/>
      <line num="410" count="231" type="stmt"/>
      <line num="411" count="5775" type="stmt"/>
      <line num="412" count="5775" type="stmt"/>
      <line num="413" count="5775" type="stmt"/>
      <line num="415" count="231" type="stmt"/>
      <line num="419" count="5775" type="stmt"/>
      <line num="420" count="5775" type="stmt"/>
      <line num="424" count="5925" type="stmt"/>
      <line num="428" count="9585" type="cond" truecount="3" falsecount="1"/>
      <line num="429" count="0" type="stmt"/>
      <line num="430" count="0" type="stmt"/>
      <line num="432" count="9585" type="stmt"/>
      <line num="436" count="231" type="stmt"/>
      <line num="437" count="231" type="stmt"/>
      <line num="438" count="5775" type="stmt"/>
      <line num="440" count="231" type="stmt"/>
      <line num="444" count="1025" type="cond" truecount="2" falsecount="0"/>
      <line num="445" count="1025" type="cond" truecount="2" falsecount="0"/>
      <line num="446" count="41" type="cond" truecount="5" falsecount="0"/>
      <line num="447" count="3" type="stmt"/>
      <line num="448" count="3" type="stmt"/>
      <line num="449" count="3" type="stmt"/>
      <line num="450" count="75" type="stmt"/>
      <line num="451" count="75" type="stmt"/>
      <line num="453" count="3" type="stmt"/>
      <line num="454" count="3" type="stmt"/>
      <line num="464" count="41" type="stmt"/>
      <line num="465" count="1025" type="cond" truecount="3" falsecount="0"/>
      <line num="466" count="60" type="stmt"/>
      <line num="471" count="82" type="stmt"/>
      <line num="472" count="82" type="stmt"/>
      <line num="473" count="1610" type="stmt"/>
      <line num="474" count="1610" type="stmt"/>
      <line num="475" count="1610" type="cond" truecount="5" falsecount="0"/>
      <line num="476" count="218" type="cond" truecount="2" falsecount="0"/>
      <line num="477" count="172" type="stmt"/>
      <line num="478" count="172" type="stmt"/>
      <line num="479" count="172" type="stmt"/>
      <line num="480" count="172" type="stmt"/>
      <line num="481" count="172" type="stmt"/>
      <line num="483" count="82" type="stmt"/>
      <line num="487" count="9550" type="stmt"/>
      <line num="496" count="51" type="stmt"/>
      <line num="497" count="51" type="stmt"/>
      <line num="498" count="51" type="stmt"/>
      <line num="499" count="408" type="stmt"/>
      <line num="502" count="51" type="cond" truecount="1" falsecount="1"/>
      <line num="503" count="51" type="stmt"/>
      <line num="504" count="51" type="stmt"/>
      <line num="506" count="51" type="stmt"/>
      <line num="511" count="51" type="stmt"/>
      <line num="513" count="0" type="stmt"/>
      <line num="516" count="0" type="cond" truecount="0" falsecount="2"/>
      <line num="517" count="0" type="stmt"/>
      <line num="527" count="1" type="stmt"/>
      <line num="528" count="1" type="stmt"/>
      <line num="529" count="1" type="cond" truecount="3" falsecount="1"/>
      <line num="530" count="0" type="stmt"/>
      <line num="531" count="0" type="stmt"/>
      <line num="534" count="1" type="stmt"/>
      <line num="535" count="3" type="cond" truecount="1" falsecount="1"/>
      <line num="542" count="0" type="stmt"/>
      <line num="543" count="0" type="stmt"/>
      <line num="545" count="3" type="stmt"/>
      <line num="548" count="1" type="stmt"/>
      <line num="550" count="0" type="cond" truecount="0" falsecount="2"/>
      <line num="551" count="0" type="stmt"/>
      <line num="561" count="6" type="stmt"/>
      <line num="562" count="6" type="stmt"/>
      <line num="563" count="6" type="stmt"/>
      <line num="564" count="6" type="cond" truecount="2" falsecount="0"/>
      <line num="565" count="2" type="stmt"/>
      <line num="574" count="4" type="stmt"/>
      <line num="576" count="12" type="stmt"/>
      <line num="578" count="12" type="stmt"/>
      <line num="580" count="12" type="stmt"/>
      <line num="583" count="4" type="cond" truecount="2" falsecount="0"/>
      <line num="585" count="6" type="stmt"/>
      <line num="586" count="6" type="cond" truecount="2" falsecount="0"/>
      <line num="587" count="1" type="stmt"/>
      <line num="588" count="1" type="stmt"/>
      <line num="591" count="1" type="stmt"/>
      <line num="592" count="1" type="stmt"/>
      <line num="594" count="1" type="stmt"/>
      <line num="600" count="4" type="stmt"/>
      <line num="607" count="0" type="cond" truecount="0" falsecount="2"/>
      <line num="608" count="0" type="stmt"/>
      <line num="627" count="5" type="stmt"/>
      <line num="628" count="5" type="stmt"/>
      <line num="629" count="5" type="stmt"/>
      <line num="637" count="5" type="stmt"/>
      <line num="640" count="5" type="stmt"/>
      <line num="641" count="5" type="cond" truecount="2" falsecount="0"/>
      <line num="642" count="5" type="cond" truecount="1" falsecount="1"/>
      <line num="643" count="5" type="stmt"/>
      <line num="645" count="5" type="stmt"/>
      <line num="650" count="0" type="cond" truecount="0" falsecount="2"/>
      <line num="651" count="0" type="stmt"/>
      <line num="661" count="1" type="stmt"/>
      <line num="662" count="1" type="cond" truecount="1" falsecount="1"/>
      <line num="666" count="177" type="stmt"/>
      <line num="667" count="26550" type="cond" truecount="4" falsecount="0"/>
      <line num="669" count="177" type="stmt"/>
      <line num="677" count="4425" type="cond" truecount="2" falsecount="0"/>
      <line num="706" count="0" type="stmt"/>
      <line num="710" count="0" type="stmt"/>
      <line num="714" count="0" type="stmt"/>
      <line num="719" count="1" type="stmt"/>
    </file>
  </project>
</coverage>
