{"/Users/demouser/Desktop/HYBA_FULLSTACK/src/core/security_swarm.ts": {"path":"/Users/demouser/Desktop/HYBA_FULLSTACK/src/core/security_swarm.ts","statementMap":{"0":{"start":{"line":104,"column":6},"end":{"line":104,"column":null}},"1":{"start":{"line":104,"column":43},"end":{"line":104,"column":null}},"2":{"start":{"line":105,"column":6},"end":{"line":105,"column":null}},"3":{"start":{"line":105,"column":73},"end":{"line":105,"column":null}},"4":{"start":{"line":108,"column":33},"end":{"line":108,"column":null}},"5":{"start":{"line":109,"column":35},"end":{"line":109,"column":null}},"6":{"start":{"line":110,"column":36},"end":{"line":110,"column":null}},"7":{"start":{"line":111,"column":43},"end":{"line":111,"column":null}},"8":{"start":{"line":112,"column":40},"end":{"line":112,"column":null}},"9":{"start":{"line":113,"column":38},"end":{"line":113,"column":null}},"10":{"start":{"line":114,"column":42},"end":{"line":114,"column":null}},"11":{"start":{"line":115,"column":47},"end":{"line":115,"column":null}},"12":{"start":{"line":116,"column":43},"end":{"line":116,"column":null}},"13":{"start":{"line":117,"column":42},"end":{"line":117,"column":null}},"14":{"start":{"line":118,"column":42},"end":{"line":118,"column":null}},"15":{"start":{"line":119,"column":34},"end":{"line":119,"column":null}},"16":{"start":{"line":120,"column":28},"end":{"line":120,"column":null}},"17":{"start":{"line":121,"column":27},"end":{"line":121,"column":null}},"18":{"start":{"line":122,"column":36},"end":{"line":122,"column":null}},"19":{"start":{"line":123,"column":32},"end":{"line":123,"column":null}},"20":{"start":{"line":124,"column":32},"end":{"line":124,"column":null}},"21":{"start":{"line":125,"column":38},"end":{"line":125,"column":null}},"22":{"start":{"line":126,"column":22},"end":{"line":126,"column":null}},"23":{"start":{"line":127,"column":52},"end":{"line":137,"column":null}},"24":{"start":{"line":128,"column":46},"end":{"line":128,"column":52}},"25":{"start":{"line":138,"column":43},"end":{"line":138,"column":null}},"26":{"start":{"line":139,"column":67},"end":{"line":139,"column":null}},"27":{"start":{"line":140,"column":62},"end":{"line":140,"column":null}},"28":{"start":{"line":143,"column":4},"end":{"line":143,"column":null}},"29":{"start":{"line":147,"column":4},"end":{"line":147,"column":null}},"30":{"start":{"line":148,"column":4},"end":{"line":150,"column":null}},"31":{"start":{"line":148,"column":17},"end":{"line":148,"column":20}},"32":{"start":{"line":149,"column":6},"end":{"line":149,"column":null}},"33":{"start":{"line":151,"column":4},"end":{"line":153,"column":null}},"34":{"start":{"line":151,"column":17},"end":{"line":151,"column":20}},"35":{"start":{"line":152,"column":6},"end":{"line":152,"column":null}},"36":{"start":{"line":154,"column":4},"end":{"line":156,"column":null}},"37":{"start":{"line":154,"column":17},"end":{"line":154,"column":20}},"38":{"start":{"line":155,"column":6},"end":{"line":155,"column":null}},"39":{"start":{"line":157,"column":4},"end":{"line":157,"column":null}},"40":{"start":{"line":161,"column":4},"end":{"line":169,"column":null}},"41":{"start":{"line":178,"column":4},"end":{"line":178,"column":null}},"42":{"start":{"line":179,"column":24},"end":{"line":179,"column":null}},"43":{"start":{"line":180,"column":27},"end":{"line":180,"column":null}},"44":{"start":{"line":181,"column":24},"end":{"line":181,"column":null}},"45":{"start":{"line":181,"column":54},"end":{"line":181,"column":103}},"46":{"start":{"line":183,"column":10},"end":{"line":183,"column":null}},"47":{"start":{"line":184,"column":21},"end":{"line":190,"column":null}},"48":{"start":{"line":185,"column":29},"end":{"line":185,"column":null}},"49":{"start":{"line":186,"column":26},"end":{"line":186,"column":null}},"50":{"start":{"line":187,"column":6},"end":{"line":187,"column":null}},"51":{"start":{"line":188,"column":6},"end":{"line":188,"column":null}},"52":{"start":{"line":189,"column":6},"end":{"line":189,"column":null}},"53":{"start":{"line":192,"column":28},"end":{"line":192,"column":null}},"54":{"start":{"line":193,"column":4},"end":{"line":200,"column":null}},"55":{"start":{"line":193,"column":21},"end":{"line":193,"column":24}},"56":{"start":{"line":194,"column":19},"end":{"line":194,"column":null}},"57":{"start":{"line":195,"column":24},"end":{"line":195,"column":null}},"58":{"start":{"line":196,"column":24},"end":{"line":196,"column":null}},"59":{"start":{"line":197,"column":6},"end":{"line":197,"column":null}},"60":{"start":{"line":198,"column":6},"end":{"line":198,"column":null}},"61":{"start":{"line":199,"column":6},"end":{"line":199,"column":null}},"62":{"start":{"line":199,"column":31},"end":{"line":199,"column":null}},"63":{"start":{"line":202,"column":28},"end":{"line":202,"column":null}},"64":{"start":{"line":202,"column":66},"end":{"line":202,"column":77}},"65":{"start":{"line":204,"column":6},"end":{"line":204,"column":null}},"66":{"start":{"line":206,"column":6},"end":{"line":206,"column":null}},"67":{"start":{"line":207,"column":23},"end":{"line":207,"column":null}},"68":{"start":{"line":209,"column":6},"end":{"line":213,"column":null}},"69":{"start":{"line":217,"column":6},"end":{"line":219,"column":null}},"70":{"start":{"line":221,"column":4},"end":{"line":231,"column":null}},"71":{"start":{"line":233,"column":4},"end":{"line":233,"column":null}},"72":{"start":{"line":242,"column":19},"end":{"line":242,"column":null}},"73":{"start":{"line":243,"column":4},"end":{"line":257,"column":null}},"74":{"start":{"line":244,"column":6},"end":{"line":256,"column":null}},"75":{"start":{"line":259,"column":24},"end":{"line":259,"column":null}},"76":{"start":{"line":260,"column":4},"end":{"line":263,"column":null}},"77":{"start":{"line":260,"column":53},"end":{"line":260,"column":126}},"78":{"start":{"line":261,"column":6},"end":{"line":261,"column":null}},"79":{"start":{"line":262,"column":6},"end":{"line":262,"column":null}},"80":{"start":{"line":265,"column":30},"end":{"line":265,"column":null}},"81":{"start":{"line":266,"column":4},"end":{"line":269,"column":null}},"82":{"start":{"line":267,"column":6},"end":{"line":267,"column":null}},"83":{"start":{"line":268,"column":6},"end":{"line":268,"column":null}},"84":{"start":{"line":270,"column":31},"end":{"line":273,"column":null}},"85":{"start":{"line":274,"column":28},"end":{"line":277,"column":null}},"86":{"start":{"line":278,"column":4},"end":{"line":278,"column":null}},"87":{"start":{"line":279,"column":4},"end":{"line":279,"column":null}},"88":{"start":{"line":280,"column":4},"end":{"line":280,"column":null}},"89":{"start":{"line":282,"column":4},"end":{"line":284,"column":null}},"90":{"start":{"line":282,"column":58},"end":{"line":282,"column":86}},"91":{"start":{"line":283,"column":6},"end":{"line":283,"column":null}},"92":{"start":{"line":286,"column":4},"end":{"line":289,"column":null}},"93":{"start":{"line":291,"column":4},"end":{"line":303,"column":null}},"94":{"start":{"line":311,"column":10},"end":{"line":311,"column":null}},"95":{"start":{"line":312,"column":16},"end":{"line":312,"column":null}},"96":{"start":{"line":313,"column":10},"end":{"line":313,"column":null}},"97":{"start":{"line":315,"column":20},"end":{"line":315,"column":null}},"98":{"start":{"line":316,"column":22},"end":{"line":316,"column":null}},"99":{"start":{"line":317,"column":4},"end":{"line":328,"column":null}},"100":{"start":{"line":318,"column":6},"end":{"line":318,"column":null}},"101":{"start":{"line":318,"column":36},"end":{"line":318,"column":null}},"102":{"start":{"line":319,"column":12},"end":{"line":319,"column":null}},"103":{"start":{"line":320,"column":29},"end":{"line":320,"column":null}},"104":{"start":{"line":321,"column":6},"end":{"line":321,"column":null}},"105":{"start":{"line":322,"column":6},"end":{"line":322,"column":null}},"106":{"start":{"line":324,"column":6},"end":{"line":327,"column":null}},"107":{"start":{"line":330,"column":33},"end":{"line":330,"column":null}},"108":{"start":{"line":331,"column":4},"end":{"line":334,"column":null}},"109":{"start":{"line":332,"column":6},"end":{"line":332,"column":null}},"110":{"start":{"line":333,"column":6},"end":{"line":333,"column":null}},"111":{"start":{"line":336,"column":4},"end":{"line":336,"column":null}},"112":{"start":{"line":340,"column":27},"end":{"line":340,"column":null}},"113":{"start":{"line":340,"column":57},"end":{"line":340,"column":109}},"114":{"start":{"line":341,"column":4},"end":{"line":341,"column":null}},"115":{"start":{"line":341,"column":42},"end":{"line":341,"column":null}},"116":{"start":{"line":342,"column":4},"end":{"line":342,"column":null}},"117":{"start":{"line":342,"column":37},"end":{"line":342,"column":111}},"118":{"start":{"line":346,"column":4},"end":{"line":346,"column":null}},"119":{"start":{"line":346,"column":45},"end":{"line":346,"column":null}},"120":{"start":{"line":348,"column":29},"end":{"line":348,"column":null}},"121":{"start":{"line":348,"column":59},"end":{"line":348,"column":113}},"122":{"start":{"line":349,"column":25},"end":{"line":349,"column":null}},"123":{"start":{"line":351,"column":4},"end":{"line":354,"column":null}},"124":{"start":{"line":352,"column":6},"end":{"line":352,"column":null}},"125":{"start":{"line":353,"column":6},"end":{"line":353,"column":null}},"126":{"start":{"line":356,"column":4},"end":{"line":359,"column":null}},"127":{"start":{"line":357,"column":6},"end":{"line":357,"column":null}},"128":{"start":{"line":358,"column":6},"end":{"line":358,"column":null}},"129":{"start":{"line":361,"column":4},"end":{"line":361,"column":null}},"130":{"start":{"line":365,"column":4},"end":{"line":365,"column":null}},"131":{"start":{"line":366,"column":4},"end":{"line":366,"column":null}},"132":{"start":{"line":367,"column":4},"end":{"line":367,"column":null}},"133":{"start":{"line":368,"column":4},"end":{"line":376,"column":null}},"134":{"start":{"line":369,"column":6},"end":{"line":375,"column":null}},"135":{"start":{"line":380,"column":4},"end":{"line":380,"column":null}},"136":{"start":{"line":380,"column":56},"end":{"line":380,"column":78}},"137":{"start":{"line":384,"column":26},"end":{"line":384,"column":null}},"138":{"start":{"line":384,"column":82},"end":{"line":384,"column":93}},"139":{"start":{"line":385,"column":4},"end":{"line":385,"column":null}},"140":{"start":{"line":389,"column":32},"end":{"line":389,"column":null}},"141":{"start":{"line":389,"column":62},"end":{"line":389,"column":67}},"142":{"start":{"line":390,"column":4},"end":{"line":390,"column":null}},"143":{"start":{"line":394,"column":28},"end":{"line":394,"column":null}},"144":{"start":{"line":395,"column":4},"end":{"line":395,"column":null}},"145":{"start":{"line":399,"column":28},"end":{"line":399,"column":null}},"146":{"start":{"line":399,"column":92},"end":{"line":399,"column":129}},"147":{"start":{"line":400,"column":4},"end":{"line":403,"column":null}},"148":{"start":{"line":400,"column":17},"end":{"line":400,"column":45}},"149":{"start":{"line":401,"column":24},"end":{"line":401,"column":null}},"150":{"start":{"line":402,"column":6},"end":{"line":402,"column":null}},"151":{"start":{"line":404,"column":4},"end":{"line":404,"column":null}},"152":{"start":{"line":408,"column":4},"end":{"line":408,"column":null}},"153":{"start":{"line":409,"column":4},"end":{"line":409,"column":null}},"154":{"start":{"line":410,"column":4},"end":{"line":414,"column":null}},"155":{"start":{"line":410,"column":17},"end":{"line":410,"column":20}},"156":{"start":{"line":411,"column":19},"end":{"line":411,"column":null}},"157":{"start":{"line":412,"column":6},"end":{"line":412,"column":null}},"158":{"start":{"line":413,"column":6},"end":{"line":413,"column":null}},"159":{"start":{"line":415,"column":4},"end":{"line":415,"column":null}},"160":{"start":{"line":419,"column":10},"end":{"line":419,"column":null}},"161":{"start":{"line":420,"column":4},"end":{"line":420,"column":null}},"162":{"start":{"line":424,"column":4},"end":{"line":424,"column":null}},"163":{"start":{"line":428,"column":4},"end":{"line":431,"column":null}},"164":{"start":{"line":429,"column":6},"end":{"line":429,"column":null}},"165":{"start":{"line":430,"column":6},"end":{"line":430,"column":null}},"166":{"start":{"line":432,"column":4},"end":{"line":432,"column":null}},"167":{"start":{"line":436,"column":19},"end":{"line":436,"column":null}},"168":{"start":{"line":437,"column":4},"end":{"line":439,"column":null}},"169":{"start":{"line":437,"column":17},"end":{"line":437,"column":20}},"170":{"start":{"line":438,"column":6},"end":{"line":438,"column":null}},"171":{"start":{"line":440,"column":4},"end":{"line":440,"column":null}},"172":{"start":{"line":444,"column":24},"end":{"line":444,"column":null}},"173":{"start":{"line":444,"column":54},"end":{"line":444,"column":103}},"174":{"start":{"line":445,"column":26},"end":{"line":445,"column":null}},"175":{"start":{"line":445,"column":56},"end":{"line":445,"column":107}},"176":{"start":{"line":446,"column":4},"end":{"line":460,"column":null}},"177":{"start":{"line":447,"column":6},"end":{"line":447,"column":null}},"178":{"start":{"line":448,"column":6},"end":{"line":448,"column":null}},"179":{"start":{"line":449,"column":6},"end":{"line":452,"column":null}},"180":{"start":{"line":449,"column":19},"end":{"line":449,"column":22}},"181":{"start":{"line":450,"column":8},"end":{"line":450,"column":null}},"182":{"start":{"line":451,"column":8},"end":{"line":451,"column":null}},"183":{"start":{"line":453,"column":6},"end":{"line":453,"column":null}},"184":{"start":{"line":454,"column":6},"end":{"line":459,"column":null}},"185":{"start":{"line":464,"column":10},"end":{"line":464,"column":null}},"186":{"start":{"line":465,"column":4},"end":{"line":467,"column":null}},"187":{"start":{"line":465,"column":53},"end":{"line":465,"column":127}},"188":{"start":{"line":466,"column":6},"end":{"line":466,"column":null}},"189":{"start":{"line":471,"column":20},"end":{"line":471,"column":null}},"190":{"start":{"line":472,"column":4},"end":{"line":482,"column":null}},"191":{"start":{"line":472,"column":28},"end":{"line":472,"column":31}},"192":{"start":{"line":473,"column":25},"end":{"line":473,"column":null}},"193":{"start":{"line":474,"column":20},"end":{"line":474,"column":null}},"194":{"start":{"line":475,"column":6},"end":{"line":475,"column":null}},"195":{"start":{"line":475,"column":71},"end":{"line":475,"column":null}},"196":{"start":{"line":476,"column":6},"end":{"line":476,"column":null}},"197":{"start":{"line":476,"column":34},"end":{"line":476,"column":null}},"198":{"start":{"line":477,"column":6},"end":{"line":477,"column":null}},"199":{"start":{"line":478,"column":6},"end":{"line":478,"column":null}},"200":{"start":{"line":479,"column":6},"end":{"line":479,"column":null}},"201":{"start":{"line":480,"column":6},"end":{"line":480,"column":null}},"202":{"start":{"line":481,"column":6},"end":{"line":481,"column":null}},"203":{"start":{"line":483,"column":4},"end":{"line":483,"column":null}},"204":{"start":{"line":487,"column":4},"end":{"line":487,"column":null}},"205":{"start":{"line":487,"column":41},"end":{"line":487,"column":65}},"206":{"start":{"line":496,"column":10},"end":{"line":496,"column":null}},"207":{"start":{"line":497,"column":4},"end":{"line":518,"column":null}},"208":{"start":{"line":498,"column":32},"end":{"line":500,"column":null}},"209":{"start":{"line":499,"column":46},"end":{"line":499,"column":78}},"210":{"start":{"line":502,"column":6},"end":{"line":514,"column":null}},"211":{"start":{"line":503,"column":8},"end":{"line":503,"column":null}},"212":{"start":{"line":504,"column":8},"end":{"line":504,"column":null}},"213":{"start":{"line":506,"column":8},"end":{"line":509,"column":null}},"214":{"start":{"line":511,"column":8},"end":{"line":511,"column":null}},"215":{"start":{"line":513,"column":8},"end":{"line":513,"column":null}},"216":{"start":{"line":516,"column":6},"end":{"line":516,"column":null}},"217":{"start":{"line":517,"column":6},"end":{"line":517,"column":null}},"218":{"start":{"line":527,"column":10},"end":{"line":527,"column":null}},"219":{"start":{"line":528,"column":4},"end":{"line":552,"column":null}},"220":{"start":{"line":529,"column":6},"end":{"line":532,"column":null}},"221":{"start":{"line":530,"column":8},"end":{"line":530,"column":null}},"222":{"start":{"line":531,"column":8},"end":{"line":531,"column":null}},"223":{"start":{"line":534,"column":6},"end":{"line":546,"column":null}},"224":{"start":{"line":535,"column":8},"end":{"line":544,"column":null}},"225":{"start":{"line":542,"column":10},"end":{"line":542,"column":null}},"226":{"start":{"line":543,"column":10},"end":{"line":543,"column":null}},"227":{"start":{"line":545,"column":8},"end":{"line":545,"column":null}},"228":{"start":{"line":548,"column":6},"end":{"line":548,"column":null}},"229":{"start":{"line":550,"column":6},"end":{"line":550,"column":null}},"230":{"start":{"line":551,"column":6},"end":{"line":551,"column":null}},"231":{"start":{"line":561,"column":10},"end":{"line":561,"column":null}},"232":{"start":{"line":562,"column":4},"end":{"line":614,"column":null}},"233":{"start":{"line":563,"column":22},"end":{"line":563,"column":null}},"234":{"start":{"line":564,"column":6},"end":{"line":571,"column":null}},"235":{"start":{"line":565,"column":8},"end":{"line":570,"column":null}},"236":{"start":{"line":574,"column":27},"end":{"line":574,"column":null}},"237":{"start":{"line":576,"column":8},"end":{"line":576,"column":null}},"238":{"start":{"line":576,"column":44},"end":{"line":576,"column":74}},"239":{"start":{"line":578,"column":8},"end":{"line":578,"column":null}},"240":{"start":{"line":578,"column":44},"end":{"line":578,"column":75}},"241":{"start":{"line":580,"column":8},"end":{"line":580,"column":null}},"242":{"start":{"line":580,"column":44},"end":{"line":580,"column":77}},"243":{"start":{"line":583,"column":38},"end":{"line":583,"column":null}},"244":{"start":{"line":585,"column":22},"end":{"line":585,"column":null}},"245":{"start":{"line":586,"column":6},"end":{"line":598,"column":null}},"246":{"start":{"line":587,"column":8},"end":{"line":587,"column":null}},"247":{"start":{"line":588,"column":8},"end":{"line":588,"column":null}},"248":{"start":{"line":591,"column":29},"end":{"line":591,"column":null}},"249":{"start":{"line":592,"column":8},"end":{"line":592,"column":null}},"250":{"start":{"line":594,"column":8},"end":{"line":597,"column":null}},"251":{"start":{"line":600,"column":6},"end":{"line":605,"column":null}},"252":{"start":{"line":607,"column":6},"end":{"line":607,"column":null}},"253":{"start":{"line":608,"column":6},"end":{"line":613,"column":null}},"254":{"start":{"line":627,"column":10},"end":{"line":627,"column":null}},"255":{"start":{"line":628,"column":4},"end":{"line":652,"column":null}},"256":{"start":{"line":629,"column":40},"end":{"line":635,"column":null}},"257":{"start":{"line":637,"column":6},"end":{"line":637,"column":null}},"258":{"start":{"line":640,"column":26},"end":{"line":640,"column":null}},"259":{"start":{"line":641,"column":28},"end":{"line":641,"column":null}},"260":{"start":{"line":642,"column":28},"end":{"line":642,"column":null}},"261":{"start":{"line":643,"column":6},"end":{"line":643,"column":null}},"262":{"start":{"line":645,"column":6},"end":{"line":648,"column":null}},"263":{"start":{"line":650,"column":6},"end":{"line":650,"column":null}},"264":{"start":{"line":651,"column":6},"end":{"line":651,"column":null}},"265":{"start":{"line":661,"column":24},"end":{"line":661,"column":null}},"266":{"start":{"line":662,"column":4},"end":{"line":662,"column":null}},"267":{"start":{"line":666,"column":10},"end":{"line":667,"column":null}},"268":{"start":{"line":667,"column":6},"end":{"line":667,"column":null}},"269":{"start":{"line":667,"column":36},"end":{"line":667,"column":97}},"270":{"start":{"line":669,"column":4},"end":{"line":698,"column":null}},"271":{"start":{"line":677,"column":53},"end":{"line":677,"column":98}},"272":{"start":{"line":706,"column":4},"end":{"line":706,"column":null}},"273":{"start":{"line":710,"column":4},"end":{"line":710,"column":null}},"274":{"start":{"line":714,"column":4},"end":{"line":714,"column":null}},"275":{"start":{"line":719,"column":30},"end":{"line":719,"column":null}}},"fnMap":{"0":{"name":"(anonymous_0)","decl":{"start":{"line":104,"column":6},"end":{"line":104,"column":17}},"loc":{"start":{"line":104,"column":43},"end":{"line":104,"column":null}},"line":104},"1":{"name":"(anonymous_1)","decl":{"start":{"line":105,"column":6},"end":{"line":105,"column":28}},"loc":{"start":{"line":105,"column":73},"end":{"line":105,"column":null}},"line":105},"2":{"name":"constructor","decl":{"start":{"line":142,"column":2},"end":{"line":142,"column":16}},"loc":{"start":{"line":142,"column":16},"end":{"line":144,"column":null}},"line":142},"3":{"name":"(anonymous_3)","decl":{"start":{"line":128,"column":37},"end":{"line":128,"column":46}},"loc":{"start":{"line":128,"column":46},"end":{"line":128,"column":52}},"line":128},"4":{"name":"boot","decl":{"start":{"line":146,"column":2},"end":{"line":146,"column":10}},"loc":{"start":{"line":146,"column":23},"end":{"line":158,"column":null}},"line":146},"5":{"name":"create_agent","decl":{"start":{"line":160,"column":2},"end":{"line":160,"column":10}},"loc":{"start":{"line":160,"column":86},"end":{"line":170,"column":null}},"line":160},"6":{"name":"monitor_integrity","decl":{"start":{"line":177,"column":2},"end":{"line":177,"column":9}},"loc":{"start":{"line":177,"column":82},"end":{"line":234,"column":null}},"line":177},"7":{"name":"(anonymous_7)","decl":{"start":{"line":181,"column":36},"end":{"line":181,"column":44}},"loc":{"start":{"line":181,"column":54},"end":{"line":181,"column":103}},"line":181},"8":{"name":"(anonymous_8)","decl":{"start":{"line":184,"column":36},"end":{"line":184,"column":41}},"loc":{"start":{"line":184,"column":58},"end":{"line":190,"column":5}},"line":184},"9":{"name":"(anonymous_9)","decl":{"start":{"line":202,"column":37},"end":{"line":202,"column":53}},"loc":{"start":{"line":202,"column":66},"end":{"line":202,"column":77}},"line":202},"10":{"name":"trigger_response","decl":{"start":{"line":241,"column":2},"end":{"line":241,"column":9}},"loc":{"start":{"line":241,"column":70},"end":{"line":304,"column":null}},"line":241},"11":{"name":"(anonymous_11)","decl":{"start":{"line":260,"column":35},"end":{"line":260,"column":43}},"loc":{"start":{"line":260,"column":53},"end":{"line":260,"column":126}},"line":260},"12":{"name":"(anonymous_12)","decl":{"start":{"line":282,"column":36},"end":{"line":282,"column":44}},"loc":{"start":{"line":282,"column":58},"end":{"line":282,"column":86}},"line":282},"13":{"name":"sync_coherence","decl":{"start":{"line":310,"column":15},"end":{"line":310,"column":49}},"loc":{"start":{"line":310,"column":49},"end":{"line":337,"column":null}},"line":310},"14":{"name":"(anonymous_14)","decl":{"start":{"line":317,"column":30},"end":{"line":317,"column":35}},"loc":{"start":{"line":317,"column":48},"end":{"line":328,"column":5}},"line":317},"15":{"name":"get_sampled_ancillas","decl":{"start":{"line":339,"column":2},"end":{"line":339,"column":10}},"loc":{"start":{"line":339,"column":47},"end":{"line":343,"column":null}},"line":339},"16":{"name":"(anonymous_16)","decl":{"start":{"line":340,"column":39},"end":{"line":340,"column":47}},"loc":{"start":{"line":340,"column":57},"end":{"line":340,"column":109}},"line":340},"17":{"name":"(anonymous_17)","decl":{"start":{"line":342,"column":26},"end":{"line":342,"column":34}},"loc":{"start":{"line":342,"column":37},"end":{"line":342,"column":111}},"line":342},"18":{"name":"evaluate_ancilla_exhaustion","decl":{"start":{"line":345,"column":2},"end":{"line":345,"column":10}},"loc":{"start":{"line":345,"column":46},"end":{"line":362,"column":null}},"line":345},"19":{"name":"(anonymous_19)","decl":{"start":{"line":348,"column":41},"end":{"line":348,"column":49}},"loc":{"start":{"line":348,"column":59},"end":{"line":348,"column":113}},"line":348},"20":{"name":"set_operating_mode","decl":{"start":{"line":364,"column":2},"end":{"line":364,"column":10}},"loc":{"start":{"line":364,"column":91},"end":{"line":377,"column":null}},"line":364},"21":{"name":"encode_syndrome_bitstring","decl":{"start":{"line":379,"column":2},"end":{"line":379,"column":10}},"loc":{"start":{"line":379,"column":68},"end":{"line":381,"column":null}},"line":379},"22":{"name":"(anonymous_22)","decl":{"start":{"line":380,"column":20},"end":{"line":380,"column":36}},"loc":{"start":{"line":380,"column":56},"end":{"line":380,"column":78}},"line":380},"23":{"name":"derive_clifford_index","decl":{"start":{"line":383,"column":2},"end":{"line":383,"column":10}},"loc":{"start":{"line":383,"column":67},"end":{"line":386,"column":null}},"line":383},"24":{"name":"(anonymous_24)","decl":{"start":{"line":384,"column":66},"end":{"line":384,"column":74}},"loc":{"start":{"line":384,"column":82},"end":{"line":384,"column":93}},"line":384},"25":{"name":"initialize_holographic_pool","decl":{"start":{"line":388,"column":2},"end":{"line":388,"column":10}},"loc":{"start":{"line":388,"column":46},"end":{"line":391,"column":null}},"line":388},"26":{"name":"(anonymous_26)","decl":{"start":{"line":389,"column":44},"end":{"line":389,"column":49}},"loc":{"start":{"line":389,"column":62},"end":{"line":389,"column":67}},"line":389},"27":{"name":"update_permutation_shards","decl":{"start":{"line":393,"column":2},"end":{"line":393,"column":10}},"loc":{"start":{"line":393,"column":69},"end":{"line":396,"column":null}},"line":393},"28":{"name":"derive_deterministic_shuffle","decl":{"start":{"line":398,"column":2},"end":{"line":398,"column":10}},"loc":{"start":{"line":398,"column":76},"end":{"line":405,"column":null}},"line":398},"29":{"name":"(anonymous_29)","decl":{"start":{"line":399,"column":68},"end":{"line":399,"column":72}},"loc":{"start":{"line":399,"column":92},"end":{"line":399,"column":129}},"line":399},"30":{"name":"store_permutation_as_shards","decl":{"start":{"line":407,"column":2},"end":{"line":407,"column":10}},"loc":{"start":{"line":407,"column":94},"end":{"line":416,"column":null}},"line":407},"31":{"name":"derive_shard_mask","decl":{"start":{"line":418,"column":2},"end":{"line":418,"column":10}},"loc":{"start":{"line":418,"column":78},"end":{"line":421,"column":null}},"line":418},"32":{"name":"crypto_uint32","decl":{"start":{"line":423,"column":2},"end":{"line":423,"column":10}},"loc":{"start":{"line":423,"column":34},"end":{"line":425,"column":null}},"line":423},"33":{"name":"get_resource_index","decl":{"start":{"line":427,"column":2},"end":{"line":427,"column":9}},"loc":{"start":{"line":427,"column":58},"end":{"line":433,"column":null}},"line":427},"34":{"name":"calculate_permutation_checksum","decl":{"start":{"line":435,"column":2},"end":{"line":435,"column":10}},"loc":{"start":{"line":435,"column":51},"end":{"line":441,"column":null}},"line":435},"35":{"name":"evaluate_trap_sanitization","decl":{"start":{"line":443,"column":2},"end":{"line":443,"column":10}},"loc":{"start":{"line":443,"column":45},"end":{"line":461,"column":null}},"line":443},"36":{"name":"(anonymous_36)","decl":{"start":{"line":444,"column":36},"end":{"line":444,"column":44}},"loc":{"start":{"line":444,"column":54},"end":{"line":444,"column":103}},"line":444},"37":{"name":"(anonymous_37)","decl":{"start":{"line":445,"column":38},"end":{"line":445,"column":46}},"loc":{"start":{"line":445,"column":56},"end":{"line":445,"column":107}},"line":445},"38":{"name":"rotate_newly_activated_traps","decl":{"start":{"line":463,"column":2},"end":{"line":463,"column":10}},"loc":{"start":{"line":463,"column":68},"end":{"line":468,"column":null}},"line":463},"39":{"name":"(anonymous_39)","decl":{"start":{"line":465,"column":35},"end":{"line":465,"column":43}},"loc":{"start":{"line":465,"column":53},"end":{"line":465,"column":127}},"line":465},"40":{"name":"activate_reserved","decl":{"start":{"line":470,"column":2},"end":{"line":470,"column":10}},"loc":{"start":{"line":470,"column":72},"end":{"line":484,"column":null}},"line":470},"41":{"name":"active_agents_count","decl":{"start":{"line":486,"column":2},"end":{"line":486,"column":10}},"loc":{"start":{"line":486,"column":40},"end":{"line":488,"column":null}},"line":486},"42":{"name":"(anonymous_42)","decl":{"start":{"line":487,"column":23},"end":{"line":487,"column":31}},"loc":{"start":{"line":487,"column":41},"end":{"line":487,"column":65}},"line":487},"43":{"name":"handle_anomaly","decl":{"start":{"line":495,"column":2},"end":{"line":495,"column":9}},"loc":{"start":{"line":495,"column":52},"end":{"line":519,"column":null}},"line":495},"44":{"name":"(anonymous_44)","decl":{"start":{"line":499,"column":31},"end":{"line":499,"column":35}},"loc":{"start":{"line":499,"column":46},"end":{"line":499,"column":78}},"line":499},"45":{"name":"inject_state_history_for_test","decl":{"start":{"line":526,"column":2},"end":{"line":526,"column":9}},"loc":{"start":{"line":526,"column":76},"end":{"line":553,"column":null}},"line":526},"46":{"name":"run_metacognitive_cycle","decl":{"start":{"line":560,"column":2},"end":{"line":560,"column":9}},"loc":{"start":{"line":560,"column":56},"end":{"line":615,"column":null}},"line":560},"47":{"name":"(anonymous_47)","decl":{"start":{"line":576,"column":21},"end":{"line":576,"column":29}},"loc":{"start":{"line":576,"column":44},"end":{"line":576,"column":74}},"line":576},"48":{"name":"(anonymous_48)","decl":{"start":{"line":578,"column":21},"end":{"line":578,"column":29}},"loc":{"start":{"line":578,"column":44},"end":{"line":578,"column":75}},"line":578},"49":{"name":"(anonymous_49)","decl":{"start":{"line":580,"column":21},"end":{"line":580,"column":29}},"loc":{"start":{"line":580,"column":44},"end":{"line":580,"column":77}},"line":580},"50":{"name":"simulate_intrusion_for_test","decl":{"start":{"line":622,"column":2},"end":{"line":622,"column":9}},"loc":{"start":{"line":626,"column":11},"end":{"line":653,"column":null}},"line":626},"51":{"name":"get_strategy_weight","decl":{"start":{"line":660,"column":2},"end":{"line":660,"column":9}},"loc":{"start":{"line":660,"column":55},"end":{"line":663,"column":null}},"line":660},"52":{"name":"get_swarm_status","decl":{"start":{"line":665,"column":2},"end":{"line":665,"column":9}},"loc":{"start":{"line":665,"column":49},"end":{"line":699,"column":null}},"line":665},"53":{"name":"(anonymous_53)","decl":{"start":{"line":666,"column":10},"end":{"line":666,"column":28}},"loc":{"start":{"line":667,"column":6},"end":{"line":667,"column":null}},"line":667},"54":{"name":"(anonymous_54)","decl":{"start":{"line":667,"column":18},"end":{"line":667,"column":26}},"loc":{"start":{"line":667,"column":36},"end":{"line":667,"column":97}},"line":667},"55":{"name":"(anonymous_55)","decl":{"start":{"line":677,"column":35},"end":{"line":677,"column":43}},"loc":{"start":{"line":677,"column":53},"end":{"line":677,"column":98}},"line":677},"56":{"name":"getShardA","decl":{"start":{"line":705,"column":2},"end":{"line":705,"column":9}},"loc":{"start":{"line":705,"column":34},"end":{"line":707,"column":null}},"line":705},"57":{"name":"getShardB","decl":{"start":{"line":709,"column":2},"end":{"line":709,"column":9}},"loc":{"start":{"line":709,"column":34},"end":{"line":711,"column":null}},"line":709},"58":{"name":"snapshot","decl":{"start":{"line":713,"column":2},"end":{"line":713,"column":9}},"loc":{"start":{"line":713,"column":41},"end":{"line":715,"column":null}},"line":713}},"branchMap":{"0":{"loc":{"start":{"line":105,"column":73},"end":{"line":105,"column":null}},"type":"cond-expr","locations":[{"start":{"line":105,"column":94},"end":{"line":105,"column":98}},{"start":{"line":105,"column":98},"end":{"line":105,"column":null}}],"line":105},"1":{"loc":{"start":{"line":152,"column":55},"end":{"line":152,"column":102}},"type":"cond-expr","locations":[{"start":{"line":152,"column":81},"end":{"line":152,"column":92}},{"start":{"line":152,"column":92},"end":{"line":152,"column":102}}],"line":152},"2":{"loc":{"start":{"line":155,"column":52},"end":{"line":155,"column":81}},"type":"cond-expr","locations":[{"start":{"line":155,"column":60},"end":{"line":155,"column":71}},{"start":{"line":155,"column":71},"end":{"line":155,"column":81}}],"line":155},"3":{"loc":{"start":{"line":177,"column":27},"end":{"line":177,"column":82}},"type":"default-arg","locations":[{"start":{"line":177,"column":53},"end":{"line":177,"column":82}}],"line":177},"4":{"loc":{"start":{"line":181,"column":54},"end":{"line":181,"column":103}},"type":"binary-expr","locations":[{"start":{"line":181,"column":54},"end":{"line":181,"column":79}},{"start":{"line":181,"column":79},"end":{"line":181,"column":103}}],"line":181},"5":{"loc":{"start":{"line":196,"column":24},"end":{"line":196,"column":null}},"type":"cond-expr","locations":[{"start":{"line":196,"column":43},"end":{"line":196,"column":50}},{"start":{"line":196,"column":50},"end":{"line":196,"column":null}}],"line":196},"6":{"loc":{"start":{"line":197,"column":28},"end":{"line":197,"column":null}},"type":"binary-expr","locations":[{"start":{"line":197,"column":28},"end":{"line":197,"column":51}},{"start":{"line":197,"column":51},"end":{"line":197,"column":null}}],"line":197},"7":{"loc":{"start":{"line":199,"column":6},"end":{"line":199,"column":null}},"type":"if","locations":[{"start":{"line":199,"column":6},"end":{"line":199,"column":null}},{"start":{},"end":{}}],"line":199},"8":{"loc":{"start":{"line":204,"column":36},"end":{"line":204,"column":80}},"type":"binary-expr","locations":[{"start":{"line":204,"column":36},"end":{"line":204,"column":61}},{"start":{"line":204,"column":61},"end":{"line":204,"column":80}}],"line":204},"9":{"loc":{"start":{"line":206,"column":38},"end":{"line":206,"column":83}},"type":"binary-expr","locations":[{"start":{"line":206,"column":38},"end":{"line":206,"column":60}},{"start":{"line":206,"column":60},"end":{"line":206,"column":83}}],"line":206},"10":{"loc":{"start":{"line":209,"column":6},"end":{"line":213,"column":null}},"type":"cond-expr","locations":[{"start":{"line":210,"column":10},"end":{"line":210,"column":null}},{"start":{"line":211,"column":10},"end":{"line":213,"column":null}}],"line":209},"11":{"loc":{"start":{"line":211,"column":10},"end":{"line":213,"column":null}},"type":"cond-expr","locations":[{"start":{"line":212,"column":12},"end":{"line":212,"column":null}},{"start":{"line":213,"column":12},"end":{"line":213,"column":null}}],"line":211},"12":{"loc":{"start":{"line":217,"column":6},"end":{"line":219,"column":null}},"type":"cond-expr","locations":[{"start":{"line":218,"column":10},"end":{"line":218,"column":null}},{"start":{"line":219,"column":10},"end":{"line":219,"column":null}}],"line":217},"13":{"loc":{"start":{"line":217,"column":6},"end":{"line":217,"column":null}},"type":"binary-expr","locations":[{"start":{"line":217,"column":6},"end":{"line":217,"column":42}},{"start":{"line":217,"column":42},"end":{"line":217,"column":null}}],"line":217},"14":{"loc":{"start":{"line":226,"column":24},"end":{"line":226,"column":null}},"type":"binary-expr","locations":[{"start":{"line":226,"column":24},"end":{"line":226,"column":66}},{"start":{"line":226,"column":66},"end":{"line":226,"column":null}}],"line":226},"15":{"loc":{"start":{"line":241,"column":26},"end":{"line":241,"column":70}},"type":"default-arg","locations":[{"start":{"line":241,"column":52},"end":{"line":241,"column":70}}],"line":241},"16":{"loc":{"start":{"line":243,"column":4},"end":{"line":257,"column":null}},"type":"if","locations":[{"start":{"line":243,"column":4},"end":{"line":257,"column":null}},{"start":{},"end":{}}],"line":243},"17":{"loc":{"start":{"line":260,"column":53},"end":{"line":260,"column":126}},"type":"binary-expr","locations":[{"start":{"line":260,"column":53},"end":{"line":260,"column":78}},{"start":{"line":260,"column":78},"end":{"line":260,"column":102}},{"start":{"line":260,"column":102},"end":{"line":260,"column":126}}],"line":260},"18":{"loc":{"start":{"line":266,"column":4},"end":{"line":269,"column":null}},"type":"if","locations":[{"start":{"line":266,"column":4},"end":{"line":269,"column":null}},{"start":{},"end":{}}],"line":266},"19":{"loc":{"start":{"line":276,"column":18},"end":{"line":276,"column":59}},"type":"binary-expr","locations":[{"start":{"line":276,"column":18},"end":{"line":276,"column":35}},{"start":{"line":276,"column":35},"end":{"line":276,"column":59}}],"line":276},"20":{"loc":{"start":{"line":318,"column":6},"end":{"line":318,"column":null}},"type":"if","locations":[{"start":{"line":318,"column":6},"end":{"line":318,"column":null}},{"start":{},"end":{}}],"line":318},"21":{"loc":{"start":{"line":320,"column":71},"end":{"line":320,"column":102}},"type":"cond-expr","locations":[{"start":{"line":320,"column":94},"end":{"line":320,"column":100}},{"start":{"line":320,"column":100},"end":{"line":320,"column":102}}],"line":320},"22":{"loc":{"start":{"line":331,"column":4},"end":{"line":334,"column":null}},"type":"if","locations":[{"start":{"line":331,"column":4},"end":{"line":334,"column":null}},{"start":{},"end":{}}],"line":331},"23":{"loc":{"start":{"line":340,"column":57},"end":{"line":340,"column":109}},"type":"binary-expr","locations":[{"start":{"line":340,"column":57},"end":{"line":340,"column":85}},{"start":{"line":340,"column":85},"end":{"line":340,"column":109}}],"line":340},"24":{"loc":{"start":{"line":341,"column":4},"end":{"line":341,"column":null}},"type":"if","locations":[{"start":{"line":341,"column":4},"end":{"line":341,"column":null}},{"start":{},"end":{}}],"line":341},"25":{"loc":{"start":{"line":346,"column":4},"end":{"line":346,"column":null}},"type":"if","locations":[{"start":{"line":346,"column":4},"end":{"line":346,"column":null}},{"start":{},"end":{}}],"line":346},"26":{"loc":{"start":{"line":348,"column":59},"end":{"line":348,"column":113}},"type":"binary-expr","locations":[{"start":{"line":348,"column":59},"end":{"line":348,"column":87}},{"start":{"line":348,"column":87},"end":{"line":348,"column":113}}],"line":348},"27":{"loc":{"start":{"line":351,"column":4},"end":{"line":354,"column":null}},"type":"if","locations":[{"start":{"line":351,"column":4},"end":{"line":354,"column":null}},{"start":{},"end":{}}],"line":351},"28":{"loc":{"start":{"line":356,"column":4},"end":{"line":359,"column":null}},"type":"if","locations":[{"start":{"line":356,"column":4},"end":{"line":359,"column":null}},{"start":{},"end":{}}],"line":356},"29":{"loc":{"start":{"line":368,"column":4},"end":{"line":376,"column":null}},"type":"if","locations":[{"start":{"line":368,"column":4},"end":{"line":376,"column":null}},{"start":{},"end":{}}],"line":368},"30":{"loc":{"start":{"line":428,"column":4},"end":{"line":431,"column":null}},"type":"if","locations":[{"start":{"line":428,"column":4},"end":{"line":431,"column":null}},{"start":{},"end":{}}],"line":428},"31":{"loc":{"start":{"line":428,"column":8},"end":{"line":428,"column":77}},"type":"binary-expr","locations":[{"start":{"line":428,"column":8},"end":{"line":428,"column":28}},{"start":{"line":428,"column":28},"end":{"line":428,"column":77}}],"line":428},"32":{"loc":{"start":{"line":444,"column":54},"end":{"line":444,"column":103}},"type":"binary-expr","locations":[{"start":{"line":444,"column":54},"end":{"line":444,"column":79}},{"start":{"line":444,"column":79},"end":{"line":444,"column":103}}],"line":444},"33":{"loc":{"start":{"line":445,"column":56},"end":{"line":445,"column":107}},"type":"binary-expr","locations":[{"start":{"line":445,"column":56},"end":{"line":445,"column":81}},{"start":{"line":445,"column":81},"end":{"line":445,"column":107}}],"line":445},"34":{"loc":{"start":{"line":446,"column":4},"end":{"line":460,"column":null}},"type":"if","locations":[{"start":{"line":446,"column":4},"end":{"line":460,"column":null}},{"start":{},"end":{}}],"line":446},"35":{"loc":{"start":{"line":446,"column":8},"end":{"line":446,"column":69}},"type":"binary-expr","locations":[{"start":{"line":446,"column":8},"end":{"line":446,"column":29}},{"start":{"line":446,"column":29},"end":{"line":446,"column":52}},{"start":{"line":446,"column":52},"end":{"line":446,"column":69}}],"line":446},"36":{"loc":{"start":{"line":465,"column":53},"end":{"line":465,"column":127}},"type":"binary-expr","locations":[{"start":{"line":465,"column":53},"end":{"line":465,"column":78}},{"start":{"line":465,"column":78},"end":{"line":465,"column":106}},{"start":{"line":465,"column":106},"end":{"line":465,"column":127}}],"line":465},"37":{"loc":{"start":{"line":475,"column":6},"end":{"line":475,"column":null}},"type":"if","locations":[{"start":{"line":475,"column":6},"end":{"line":475,"column":null}},{"start":{},"end":{}}],"line":475},"38":{"loc":{"start":{"line":475,"column":10},"end":{"line":475,"column":71}},"type":"binary-expr","locations":[{"start":{"line":475,"column":10},"end":{"line":475,"column":20}},{"start":{"line":475,"column":20},"end":{"line":475,"column":43}},{"start":{"line":475,"column":43},"end":{"line":475,"column":71}}],"line":475},"39":{"loc":{"start":{"line":476,"column":6},"end":{"line":476,"column":null}},"type":"if","locations":[{"start":{"line":476,"column":6},"end":{"line":476,"column":null}},{"start":{},"end":{}}],"line":476},"40":{"loc":{"start":{"line":502,"column":6},"end":{"line":514,"column":null}},"type":"if","locations":[{"start":{"line":502,"column":6},"end":{"line":514,"column":null}},{"start":{"line":512,"column":13},"end":{"line":514,"column":null}}],"line":502},"41":{"loc":{"start":{"line":516,"column":50},"end":{"line":516,"column":105}},"type":"cond-expr","locations":[{"start":{"line":516,"column":75},"end":{"line":516,"column":91}},{"start":{"line":516,"column":91},"end":{"line":516,"column":105}}],"line":516},"42":{"loc":{"start":{"line":529,"column":6},"end":{"line":532,"column":null}},"type":"if","locations":[{"start":{"line":529,"column":6},"end":{"line":532,"column":null}},{"start":{},"end":{}}],"line":529},"43":{"loc":{"start":{"line":529,"column":10},"end":{"line":529,"column":59}},"type":"binary-expr","locations":[{"start":{"line":529,"column":10},"end":{"line":529,"column":37}},{"start":{"line":529,"column":37},"end":{"line":529,"column":59}}],"line":529},"44":{"loc":{"start":{"line":535,"column":8},"end":{"line":544,"column":null}},"type":"if","locations":[{"start":{"line":535,"column":8},"end":{"line":544,"column":null}},{"start":{},"end":{}}],"line":535},"45":{"loc":{"start":{"line":536,"column":10},"end":{"line":540,"column":null}},"type":"binary-expr","locations":[{"start":{"line":536,"column":10},"end":{"line":536,"column":null}},{"start":{"line":537,"column":10},"end":{"line":537,"column":null}},{"start":{"line":538,"column":10},"end":{"line":538,"column":null}},{"start":{"line":539,"column":10},"end":{"line":539,"column":null}},{"start":{"line":540,"column":10},"end":{"line":540,"column":null}}],"line":536},"46":{"loc":{"start":{"line":550,"column":36},"end":{"line":550,"column":91}},"type":"cond-expr","locations":[{"start":{"line":550,"column":61},"end":{"line":550,"column":77}},{"start":{"line":550,"column":77},"end":{"line":550,"column":91}}],"line":550},"47":{"loc":{"start":{"line":564,"column":6},"end":{"line":571,"column":null}},"type":"if","locations":[{"start":{"line":564,"column":6},"end":{"line":571,"column":null}},{"start":{},"end":{}}],"line":564},"48":{"loc":{"start":{"line":583,"column":38},"end":{"line":583,"column":null}},"type":"binary-expr","locations":[{"start":{"line":583,"column":38},"end":{"line":583,"column":65}},{"start":{"line":583,"column":65},"end":{"line":583,"column":null}}],"line":583},"49":{"loc":{"start":{"line":586,"column":6},"end":{"line":598,"column":null}},"type":"if","locations":[{"start":{"line":586,"column":6},"end":{"line":598,"column":null}},{"start":{},"end":{}}],"line":586},"50":{"loc":{"start":{"line":607,"column":36},"end":{"line":607,"column":91}},"type":"cond-expr","locations":[{"start":{"line":607,"column":61},"end":{"line":607,"column":77}},{"start":{"line":607,"column":77},"end":{"line":607,"column":91}}],"line":607},"51":{"loc":{"start":{"line":641,"column":28},"end":{"line":641,"column":null}},"type":"binary-expr","locations":[{"start":{"line":641,"column":28},"end":{"line":641,"column":80}},{"start":{"line":641,"column":80},"end":{"line":641,"column":null}}],"line":641},"52":{"loc":{"start":{"line":642,"column":28},"end":{"line":642,"column":null}},"type":"cond-expr","locations":[{"start":{"line":642,"column":58},"end":{"line":642,"column":64}},{"start":{"line":642,"column":64},"end":{"line":642,"column":null}}],"line":642},"53":{"loc":{"start":{"line":650,"column":46},"end":{"line":650,"column":101}},"type":"cond-expr","locations":[{"start":{"line":650,"column":71},"end":{"line":650,"column":87}},{"start":{"line":650,"column":87},"end":{"line":650,"column":101}}],"line":650},"54":{"loc":{"start":{"line":662,"column":11},"end":{"line":662,"column":null}},"type":"binary-expr","locations":[{"start":{"line":662,"column":11},"end":{"line":662,"column":63}},{"start":{"line":662,"column":63},"end":{"line":662,"column":null}}],"line":662},"55":{"loc":{"start":{"line":667,"column":36},"end":{"line":667,"column":97}},"type":"binary-expr","locations":[{"start":{"line":667,"column":36},"end":{"line":667,"column":60}},{"start":{"line":667,"column":60},"end":{"line":667,"column":97}}],"line":667},"56":{"loc":{"start":{"line":667,"column":60},"end":{"line":667,"column":97}},"type":"cond-expr","locations":[{"start":{"line":667,"column":68},"end":{"line":667,"column":92}},{"start":{"line":667,"column":92},"end":{"line":667,"column":97}}],"line":667},"57":{"loc":{"start":{"line":677,"column":53},"end":{"line":677,"column":98}},"type":"binary-expr","locations":[{"start":{"line":677,"column":53},"end":{"line":677,"column":78}},{"start":{"line":677,"column":78},"end":{"line":677,"column":98}}],"line":677},"58":{"loc":{"start":{"line":679,"column":24},"end":{"line":679,"column":null}},"type":"binary-expr","locations":[{"start":{"line":679,"column":24},"end":{"line":679,"column":64}},{"start":{"line":679,"column":64},"end":{"line":679,"column":null}}],"line":679}},"s":{"0":1,"1":5181,"2":1,"3":1833,"4":147,"5":147,"6":147,"7":147,"8":147,"9":147,"10":147,"11":147,"12":147,"13":147,"14":147,"15":147,"16":147,"17":147,"18":147,"19":147,"20":147,"21":147,"22":147,"23":147,"24":1176,"25":147,"26":147,"27":147,"28":147,"29":147,"30":147,"31":147,"32":147,"33":147,"34":147,"35":2352,"36":147,"37":147,"38":1176,"39":147,"40":3675,"41":258,"42":258,"43":258,"44":258,"45":6450,"46":258,"47":258,"48":1833,"49":1833,"50":1833,"51":1833,"52":1833,"53":258,"54":258,"55":258,"56":494,"57":494,"58":494,"59":494,"60":494,"61":494,"62":81,"63":258,"64":1833,"65":258,"66":258,"67":258,"68":258,"69":258,"70":258,"71":258,"72":205,"73":205,"74":164,"75":41,"76":41,"77":1025,"78":65,"79":65,"80":41,"81":41,"82":33,"83":33,"84":41,"85":41,"86":205,"87":205,"88":205,"89":205,"90":1025,"91":721,"92":41,"93":41,"94":1,"95":1,"96":1,"97":1,"98":1,"99":1,"100":25,"101":14,"102":11,"103":11,"104":25,"105":25,"106":25,"107":1,"108":1,"109":1,"110":1,"111":1,"112":258,"113":6450,"114":258,"115":223,"116":35,"117":532,"118":41,"119":11,"120":30,"121":750,"122":30,"123":30,"124":30,"125":30,"126":0,"127":0,"128":0,"129":0,"130":30,"131":30,"132":30,"133":30,"134":30,"135":92,"136":570,"137":84,"138":490,"139":84,"140":147,"141":3675,"142":147,"143":84,"144":84,"145":84,"146":2100,"147":84,"148":84,"149":2016,"150":2016,"151":84,"152":231,"153":231,"154":231,"155":231,"156":5775,"157":5775,"158":5775,"159":231,"160":5775,"161":5775,"162":5925,"163":9585,"164":0,"165":0,"166":9585,"167":231,"168":231,"169":231,"170":5775,"171":231,"172":41,"173":1025,"174":41,"175":1025,"176":41,"177":3,"178":3,"179":3,"180":3,"181":75,"182":75,"183":3,"184":3,"185":41,"186":41,"187":1025,"188":60,"189":82,"190":82,"191":82,"192":1610,"193":1610,"194":1610,"195":1392,"196":218,"197":46,"198":172,"199":172,"200":172,"201":172,"202":172,"203":82,"204":382,"205":9550,"206":51,"207":51,"208":51,"209":408,"210":51,"211":51,"212":51,"213":51,"214":51,"215":0,"216":0,"217":0,"218":1,"219":1,"220":1,"221":0,"222":0,"223":1,"224":3,"225":0,"226":0,"227":3,"228":1,"229":0,"230":0,"231":6,"232":6,"233":6,"234":6,"235":2,"236":4,"237":4,"238":12,"239":4,"240":12,"241":4,"242":12,"243":4,"244":6,"245":6,"246":1,"247":1,"248":1,"249":1,"250":1,"251":4,"252":0,"253":0,"254":5,"255":5,"256":5,"257":5,"258":5,"259":5,"260":5,"261":5,"262":5,"263":0,"264":0,"265":1,"266":1,"267":177,"268":1062,"269":26550,"270":177,"271":4425,"272":0,"273":0,"274":0,"275":1},"f":{"0":5181,"1":1833,"2":147,"3":1176,"4":147,"5":3675,"6":258,"7":6450,"8":1833,"9":1833,"10":205,"11":1025,"12":1025,"13":1,"14":25,"15":258,"16":6450,"17":532,"18":41,"19":750,"20":30,"21":92,"22":570,"23":84,"24":490,"25":147,"26":3675,"27":84,"28":84,"29":2100,"30":231,"31":5775,"32":5925,"33":9585,"34":231,"35":41,"36":1025,"37":1025,"38":41,"39":1025,"40":82,"41":382,"42":9550,"43":51,"44":408,"45":1,"46":6,"47":12,"48":12,"49":12,"50":5,"51":1,"52":177,"53":1062,"54":26550,"55":4425,"56":0,"57":0,"58":0},"b":{"0":[170,1663],"1":[1176,1176],"2":[294,882],"3":[258],"4":[6450,2064],"5":[48,446],"6":[494,494],"7":[81,413],"8":[258,0],"9":[258,11],"10":[41,217],"11":[3,214],"12":[35,223],"13":[258,35],"14":[258,209],"15":[205],"16":[164,41],"17":[1025,328,187],"18":[33,8],"19":[41,8],"20":[14,11],"21":[0,11],"22":[1,0],"23":[6450,4128],"24":[223,35],"25":[11,30],"26":[750,480],"27":[30,0],"28":[0,0],"29":[30,0],"30":[0,9585],"31":[9585,9585],"32":[1025,328],"33":[1025,328],"34":[3,38],"35":[41,11,11],"36":[1025,328,60],"37":[1392,218],"38":[1610,1210,612],"39":[46,172],"40":[51,0],"41":[0,0],"42":[0,1],"43":[1,1],"44":[0,3],"45":[3,3,3,3,3],"46":[0,0],"47":[2,4],"48":[4,1],"49":[1,5],"50":[0,0],"51":[5,1],"52":[5,0],"53":[0,0],"54":[1,0],"55":[26550,10089],"56":[9912,177],"57":[4425,1416],"58":[177,164]},"meta":{"lastBranch":59,"lastFunction":59,"lastStatement":276,"seen":{"s:104:6:104:Infinity":0,"f:104:6:104:17":0,"s:104:43:104:Infinity":1,"s:105:6:105:Infinity":2,"f:105:6:105:28":1,"s:105:73:105:Infinity":3,"b:105:94:105:98:105:98:105:Infinity":0,"f:142:2:142:16":2,"s:108:33:108:Infinity":4,"s:109:35:109:Infinity":5,"s:110:36:110:Infinity":6,"s:111:43:111:Infinity":7,"s:112:40:112:Infinity":8,"s:113:38:113:Infinity":9,"s:114:42:114:Infinity":10,"s:115:47:115:Infinity":11,"s:116:43:116:Infinity":12,"s:117:42:117:Infinity":13,"s:118:42:118:Infinity":14,"s:119:34:119:Infinity":15,"s:120:28:120:Infinity":16,"s:121:27:121:Infinity":17,"s:122:36:122:Infinity":18,"s:123:32:123:Infinity":19,"s:124:32:124:Infinity":20,"s:125:38:125:Infinity":21,"s:126:22:126:Infinity":22,"s:127:52:137:Infinity":23,"f:128:37:128:46":3,"s:128:46:128:52":24,"s:138:43:138:Infinity":25,"s:139:67:139:Infinity":26,"s:140:62:140:Infinity":27,"s:143:4:143:Infinity":28,"f:146:2:146:10":4,"s:147:4:147:Infinity":29,"s:148:4:150:Infinity":30,"s:148:17:148:20":31,"s:149:6:149:Infinity":32,"s:151:4:153:Infinity":33,"s:151:17:151:20":34,"s:152:6:152:Infinity":35,"b:152:81:152:92:152:92:152:102":1,"s:154:4:156:Infinity":36,"s:154:17:154:20":37,"s:155:6:155:Infinity":38,"b:155:60:155:71:155:71:155:81":2,"s:157:4:157:Infinity":39,"f:160:2:160:10":5,"s:161:4:169:Infinity":40,"f:177:2:177:9":6,"b:177:53:177:82":3,"s:178:4:178:Infinity":41,"s:179:24:179:Infinity":42,"s:180:27:180:Infinity":43,"s:181:24:181:Infinity":44,"f:181:36:181:44":7,"s:181:54:181:103":45,"b:181:54:181:79:181:79:181:103":4,"s:183:10:183:Infinity":46,"s:184:21:190:Infinity":47,"f:184:36:184:41":8,"s:185:29:185:Infinity":48,"s:186:26:186:Infinity":49,"s:187:6:187:Infinity":50,"s:188:6:188:Infinity":51,"s:189:6:189:Infinity":52,"s:192:28:192:Infinity":53,"s:193:4:200:Infinity":54,"s:193:21:193:24":55,"s:194:19:194:Infinity":56,"s:195:24:195:Infinity":57,"s:196:24:196:Infinity":58,"b:196:43:196:50:196:50:196:Infinity":5,"s:197:6:197:Infinity":59,"b:197:28:197:51:197:51:197:Infinity":6,"s:198:6:198:Infinity":60,"b:199:6:199:Infinity:undefined:undefined:undefined:undefined":7,"s:199:6:199:Infinity":61,"s:199:31:199:Infinity":62,"s:202:28:202:Infinity":63,"f:202:37:202:53":9,"s:202:66:202:77":64,"s:204:6:204:Infinity":65,"b:204:36:204:61:204:61:204:80":8,"s:206:6:206:Infinity":66,"b:206:38:206:60:206:60:206:83":9,"s:207:23:207:Infinity":67,"s:209:6:213:Infinity":68,"b:210:10:210:Infinity:211:10:213:Infinity":10,"b:212:12:212:Infinity:213:12:213:Infinity":11,"s:217:6:219:Infinity":69,"b:218:10:218:Infinity:219:10:219:Infinity":12,"b:217:6:217:42:217:42:217:Infinity":13,"s:221:4:231:Infinity":70,"b:226:24:226:66:226:66:226:Infinity":14,"s:233:4:233:Infinity":71,"f:241:2:241:9":10,"b:241:52:241:70":15,"s:242:19:242:Infinity":72,"b:243:4:257:Infinity:undefined:undefined:undefined:undefined":16,"s:243:4:257:Infinity":73,"s:244:6:256:Infinity":74,"s:259:24:259:Infinity":75,"s:260:4:263:Infinity":76,"f:260:35:260:43":11,"s:260:53:260:126":77,"b:260:53:260:78:260:78:260:102:260:102:260:126":17,"s:261:6:261:Infinity":78,"s:262:6:262:Infinity":79,"s:265:30:265:Infinity":80,"b:266:4:269:Infinity:undefined:undefined:undefined:undefined":18,"s:266:4:269:Infinity":81,"s:267:6:267:Infinity":82,"s:268:6:268:Infinity":83,"s:270:31:273:Infinity":84,"s:274:28:277:Infinity":85,"b:276:18:276:35:276:35:276:59":19,"s:278:4:278:Infinity":86,"s:279:4:279:Infinity":87,"s:280:4:280:Infinity":88,"s:282:4:284:Infinity":89,"f:282:36:282:44":12,"s:282:58:282:86":90,"s:283:6:283:Infinity":91,"s:286:4:289:Infinity":92,"s:291:4:303:Infinity":93,"f:310:15:310:49":13,"s:311:10:311:Infinity":94,"s:312:16:312:Infinity":95,"s:313:10:313:Infinity":96,"s:315:20:315:Infinity":97,"s:316:22:316:Infinity":98,"s:317:4:328:Infinity":99,"f:317:30:317:35":14,"b:318:6:318:Infinity:undefined:undefined:undefined:undefined":20,"s:318:6:318:Infinity":100,"s:318:36:318:Infinity":101,"s:319:12:319:Infinity":102,"s:320:29:320:Infinity":103,"b:320:94:320:100:320:100:320:102":21,"s:321:6:321:Infinity":104,"s:322:6:322:Infinity":105,"s:324:6:327:Infinity":106,"s:330:33:330:Infinity":107,"b:331:4:334:Infinity:undefined:undefined:undefined:undefined":22,"s:331:4:334:Infinity":108,"s:332:6:332:Infinity":109,"s:333:6:333:Infinity":110,"s:336:4:336:Infinity":111,"f:339:2:339:10":15,"s:340:27:340:Infinity":112,"f:340:39:340:47":16,"s:340:57:340:109":113,"b:340:57:340:85:340:85:340:109":23,"b:341:4:341:Infinity:undefined:undefined:undefined:undefined":24,"s:341:4:341:Infinity":114,"s:341:42:341:Infinity":115,"s:342:4:342:Infinity":116,"f:342:26:342:34":17,"s:342:37:342:111":117,"f:345:2:345:10":18,"b:346:4:346:Infinity:undefined:undefined:undefined:undefined":25,"s:346:4:346:Infinity":118,"s:346:45:346:Infinity":119,"s:348:29:348:Infinity":120,"f:348:41:348:49":19,"s:348:59:348:113":121,"b:348:59:348:87:348:87:348:113":26,"s:349:25:349:Infinity":122,"b:351:4:354:Infinity:undefined:undefined:undefined:undefined":27,"s:351:4:354:Infinity":123,"s:352:6:352:Infinity":124,"s:353:6:353:Infinity":125,"b:356:4:359:Infinity:undefined:undefined:undefined:undefined":28,"s:356:4:359:Infinity":126,"s:357:6:357:Infinity":127,"s:358:6:358:Infinity":128,"s:361:4:361:Infinity":129,"f:364:2:364:10":20,"s:365:4:365:Infinity":130,"s:366:4:366:Infinity":131,"s:367:4:367:Infinity":132,"b:368:4:376:Infinity:undefined:undefined:undefined:undefined":29,"s:368:4:376:Infinity":133,"s:369:6:375:Infinity":134,"f:379:2:379:10":21,"s:380:4:380:Infinity":135,"f:380:20:380:36":22,"s:380:56:380:78":136,"f:383:2:383:10":23,"s:384:26:384:Infinity":137,"f:384:66:384:74":24,"s:384:82:384:93":138,"s:385:4:385:Infinity":139,"f:388:2:388:10":25,"s:389:32:389:Infinity":140,"f:389:44:389:49":26,"s:389:62:389:67":141,"s:390:4:390:Infinity":142,"f:393:2:393:10":27,"s:394:28:394:Infinity":143,"s:395:4:395:Infinity":144,"f:398:2:398:10":28,"s:399:28:399:Infinity":145,"f:399:68:399:72":29,"s:399:92:399:129":146,"s:400:4:403:Infinity":147,"s:400:17:400:45":148,"s:401:24:401:Infinity":149,"s:402:6:402:Infinity":150,"s:404:4:404:Infinity":151,"f:407:2:407:10":30,"s:408:4:408:Infinity":152,"s:409:4:409:Infinity":153,"s:410:4:414:Infinity":154,"s:410:17:410:20":155,"s:411:19:411:Infinity":156,"s:412:6:412:Infinity":157,"s:413:6:413:Infinity":158,"s:415:4:415:Infinity":159,"f:418:2:418:10":31,"s:419:10:419:Infinity":160,"s:420:4:420:Infinity":161,"f:423:2:423:10":32,"s:424:4:424:Infinity":162,"f:427:2:427:9":33,"b:428:4:431:Infinity:undefined:undefined:undefined:undefined":30,"s:428:4:431:Infinity":163,"b:428:8:428:28:428:28:428:77":31,"s:429:6:429:Infinity":164,"s:430:6:430:Infinity":165,"s:432:4:432:Infinity":166,"f:435:2:435:10":34,"s:436:19:436:Infinity":167,"s:437:4:439:Infinity":168,"s:437:17:437:20":169,"s:438:6:438:Infinity":170,"s:440:4:440:Infinity":171,"f:443:2:443:10":35,"s:444:24:444:Infinity":172,"f:444:36:444:44":36,"s:444:54:444:103":173,"b:444:54:444:79:444:79:444:103":32,"s:445:26:445:Infinity":174,"f:445:38:445:46":37,"s:445:56:445:107":175,"b:445:56:445:81:445:81:445:107":33,"b:446:4:460:Infinity:undefined:undefined:undefined:undefined":34,"s:446:4:460:Infinity":176,"b:446:8:446:29:446:29:446:52:446:52:446:69":35,"s:447:6:447:Infinity":177,"s:448:6:448:Infinity":178,"s:449:6:452:Infinity":179,"s:449:19:449:22":180,"s:450:8:450:Infinity":181,"s:451:8:451:Infinity":182,"s:453:6:453:Infinity":183,"s:454:6:459:Infinity":184,"f:463:2:463:10":38,"s:464:10:464:Infinity":185,"s:465:4:467:Infinity":186,"f:465:35:465:43":39,"s:465:53:465:127":187,"b:465:53:465:78:465:78:465:106:465:106:465:127":36,"s:466:6:466:Infinity":188,"f:470:2:470:10":40,"s:471:20:471:Infinity":189,"s:472:4:482:Infinity":190,"s:472:28:472:31":191,"s:473:25:473:Infinity":192,"s:474:20:474:Infinity":193,"b:475:6:475:Infinity:undefined:undefined:undefined:undefined":37,"s:475:6:475:Infinity":194,"b:475:10:475:20:475:20:475:43:475:43:475:71":38,"s:475:71:475:Infinity":195,"b:476:6:476:Infinity:undefined:undefined:undefined:undefined":39,"s:476:6:476:Infinity":196,"s:476:34:476:Infinity":197,"s:477:6:477:Infinity":198,"s:478:6:478:Infinity":199,"s:479:6:479:Infinity":200,"s:480:6:480:Infinity":201,"s:481:6:481:Infinity":202,"s:483:4:483:Infinity":203,"f:486:2:486:10":41,"s:487:4:487:Infinity":204,"f:487:23:487:31":42,"s:487:41:487:65":205,"f:495:2:495:9":43,"s:496:10:496:Infinity":206,"s:497:4:518:Infinity":207,"s:498:32:500:Infinity":208,"f:499:31:499:35":44,"s:499:46:499:78":209,"b:502:6:514:Infinity:512:13:514:Infinity":40,"s:502:6:514:Infinity":210,"s:503:8:503:Infinity":211,"s:504:8:504:Infinity":212,"s:506:8:509:Infinity":213,"s:511:8:511:Infinity":214,"s:513:8:513:Infinity":215,"s:516:6:516:Infinity":216,"b:516:75:516:91:516:91:516:105":41,"s:517:6:517:Infinity":217,"f:526:2:526:9":45,"s:527:10:527:Infinity":218,"s:528:4:552:Infinity":219,"b:529:6:532:Infinity:undefined:undefined:undefined:undefined":42,"s:529:6:532:Infinity":220,"b:529:10:529:37:529:37:529:59":43,"s:530:8:530:Infinity":221,"s:531:8:531:Infinity":222,"s:534:6:546:Infinity":223,"b:535:8:544:Infinity:undefined:undefined:undefined:undefined":44,"s:535:8:544:Infinity":224,"b:536:10:536:Infinity:537:10:537:Infinity:538:10:538:Infinity:539:10:539:Infinity:540:10:540:Infinity":45,"s:542:10:542:Infinity":225,"s:543:10:543:Infinity":226,"s:545:8:545:Infinity":227,"s:548:6:548:Infinity":228,"s:550:6:550:Infinity":229,"b:550:61:550:77:550:77:550:91":46,"s:551:6:551:Infinity":230,"f:560:2:560:9":46,"s:561:10:561:Infinity":231,"s:562:4:614:Infinity":232,"s:563:22:563:Infinity":233,"b:564:6:571:Infinity:undefined:undefined:undefined:undefined":47,"s:564:6:571:Infinity":234,"s:565:8:570:Infinity":235,"s:574:27:574:Infinity":236,"s:576:8:576:Infinity":237,"f:576:21:576:29":47,"s:576:44:576:74":238,"s:578:8:578:Infinity":239,"f:578:21:578:29":48,"s:578:44:578:75":240,"s:580:8:580:Infinity":241,"f:580:21:580:29":49,"s:580:44:580:77":242,"s:583:38:583:Infinity":243,"b:583:38:583:65:583:65:583:Infinity":48,"s:585:22:585:Infinity":244,"b:586:6:598:Infinity:undefined:undefined:undefined:undefined":49,"s:586:6:598:Infinity":245,"s:587:8:587:Infinity":246,"s:588:8:588:Infinity":247,"s:591:29:591:Infinity":248,"s:592:8:592:Infinity":249,"s:594:8:597:Infinity":250,"s:600:6:605:Infinity":251,"s:607:6:607:Infinity":252,"b:607:61:607:77:607:77:607:91":50,"s:608:6:613:Infinity":253,"f:622:2:622:9":50,"s:627:10:627:Infinity":254,"s:628:4:652:Infinity":255,"s:629:40:635:Infinity":256,"s:637:6:637:Infinity":257,"s:640:26:640:Infinity":258,"s:641:28:641:Infinity":259,"b:641:28:641:80:641:80:641:Infinity":51,"s:642:28:642:Infinity":260,"b:642:58:642:64:642:64:642:Infinity":52,"s:643:6:643:Infinity":261,"s:645:6:648:Infinity":262,"s:650:6:650:Infinity":263,"b:650:71:650:87:650:87:650:101":53,"s:651:6:651:Infinity":264,"f:660:2:660:9":51,"s:661:24:661:Infinity":265,"s:662:4:662:Infinity":266,"b:662:11:662:63:662:63:662:Infinity":54,"f:665:2:665:9":52,"s:666:10:667:Infinity":267,"f:666:10:666:28":53,"s:667:6:667:Infinity":268,"f:667:18:667:26":54,"s:667:36:667:97":269,"b:667:36:667:60:667:60:667:97":55,"b:667:68:667:92:667:92:667:97":56,"s:669:4:698:Infinity":270,"f:677:35:677:43":55,"s:677:53:677:98":271,"b:677:53:677:78:677:78:677:98":57,"b:679:24:679:64:679:64:679:Infinity":58,"f:705:2:705:9":56,"s:706:4:706:Infinity":272,"f:709:2:709:9":57,"s:710:4:710:Infinity":273,"f:713:2:713:9":58,"s:714:4:714:Infinity":274,"s:719:30:719:Infinity":275},"fnNames":{}}}
}
