{"/Users/demouser/Desktop/HYBA_FULLSTACK/bridge_security.ts": {"path":"/Users/demouser/Desktop/HYBA_FULLSTACK/bridge_security.ts","statementMap":{},"fnMap":{},"branchMap":{},"s":{},"f":{},"b":{},"meta":{"lastBranch":0,"lastFunction":0,"lastStatement":0,"seen":{},"fnNames":{}}}
,"/Users/demouser/Desktop/HYBA_FULLSTACK/src/bridge_security.ts": {"path":"/Users/demouser/Desktop/HYBA_FULLSTACK/src/bridge_security.ts","statementMap":{"0":{"start":{"line":8,"column":47},"end":{"line":8,"column":null}},"1":{"start":{"line":18,"column":2},"end":{"line":20,"column":null}},"2":{"start":{"line":19,"column":4},"end":{"line":19,"column":null}},"3":{"start":{"line":22,"column":21},"end":{"line":22,"column":null}},"4":{"start":{"line":23,"column":2},"end":{"line":28,"column":null}},"5":{"start":{"line":24,"column":4},"end":{"line":27,"column":null}},"6":{"start":{"line":30,"column":2},"end":{"line":30,"column":null}}},"fnMap":{"0":{"name":"validateProductionJwtSecret","decl":{"start":{"line":15,"column":16},"end":{"line":15,"column":null}},"loc":{"start":{"line":17,"column":23},"end":{"line":31,"column":null}},"line":17}},"branchMap":{"0":{"loc":{"start":{"line":18,"column":2},"end":{"line":20,"column":null}},"type":"if","locations":[{"start":{"line":18,"column":2},"end":{"line":20,"column":null}},{"start":{},"end":{}}],"line":18},"1":{"loc":{"start":{"line":23,"column":2},"end":{"line":28,"column":null}},"type":"if","locations":[{"start":{"line":23,"column":2},"end":{"line":28,"column":null}},{"start":{},"end":{}}],"line":23}},"s":{"0":2,"1":104,"2":13,"3":91,"4":91,"5":90,"6":1},"f":{"0":104},"b":{"0":[13,91],"1":[90,1]},"meta":{"lastBranch":2,"lastFunction":1,"lastStatement":7,"seen":{"s:8:47:8:Infinity":0,"f:15:16:15:Infinity":0,"b:18:2:20:Infinity:undefined:undefined:undefined:undefined":0,"s:18:2:20:Infinity":1,"s:19:4:19:Infinity":2,"s:22:21:22:Infinity":3,"b:23:2:28:Infinity:undefined:undefined:undefined:undefined":1,"s:23:2:28:Infinity":4,"s:24:4:27:Infinity":5,"s:30:2:30:Infinity":6},"fnNames":{}}}
,"/Users/demouser/Desktop/HYBA_FULLSTACK/src/server.ts": {"path":"/Users/demouser/Desktop/HYBA_FULLSTACK/src/server.ts","statementMap":{"0":{"start":{"line":48,"column":30},"end":{"line":48,"column":null}},"1":{"start":{"line":50,"column":0},"end":{"line":50,"column":null}},"2":{"start":{"line":52,"column":6},"end":{"line":65,"column":null}},"3":{"start":{"line":61,"column":6},"end":{"line":61,"column":null}},"4":{"start":{"line":69,"column":20},"end":{"line":69,"column":null}},"5":{"start":{"line":70,"column":15},"end":{"line":84,"column":null}},"6":{"start":{"line":93,"column":35},"end":{"line":98,"column":null}},"7":{"start":{"line":100,"column":26},"end":{"line":100,"column":null}},"8":{"start":{"line":101,"column":25},"end":{"line":101,"column":null}},"9":{"start":{"line":102,"column":29},"end":{"line":102,"column":null}},"10":{"start":{"line":105,"column":39},"end":{"line":105,"column":null}},"11":{"start":{"line":106,"column":39},"end":{"line":106,"column":null}},"12":{"start":{"line":109,"column":37},"end":{"line":109,"column":null}},"13":{"start":{"line":110,"column":38},"end":{"line":110,"column":null}},"14":{"start":{"line":111,"column":32},"end":{"line":111,"column":null}},"15":{"start":{"line":114,"column":2},"end":{"line":114,"column":null}},"16":{"start":{"line":114,"column":28},"end":{"line":114,"column":null}},"17":{"start":{"line":115,"column":18},"end":{"line":115,"column":null}},"18":{"start":{"line":116,"column":2},"end":{"line":121,"column":null}},"19":{"start":{"line":117,"column":4},"end":{"line":117,"column":null}},"20":{"start":{"line":118,"column":4},"end":{"line":118,"column":null}},"21":{"start":{"line":119,"column":4},"end":{"line":119,"column":null}},"22":{"start":{"line":120,"column":4},"end":{"line":120,"column":null}},"23":{"start":{"line":122,"column":2},"end":{"line":125,"column":null}},"24":{"start":{"line":123,"column":4},"end":{"line":123,"column":null}},"25":{"start":{"line":124,"column":4},"end":{"line":124,"column":null}},"26":{"start":{"line":126,"column":2},"end":{"line":126,"column":null}},"27":{"start":{"line":130,"column":2},"end":{"line":130,"column":null}},"28":{"start":{"line":131,"column":2},"end":{"line":131,"column":null}},"29":{"start":{"line":132,"column":2},"end":{"line":132,"column":null}},"30":{"start":{"line":133,"column":2},"end":{"line":146,"column":null}},"31":{"start":{"line":134,"column":4},"end":{"line":134,"column":null}},"32":{"start":{"line":135,"column":4},"end":{"line":135,"column":null}},"33":{"start":{"line":136,"column":4},"end":{"line":145,"column":null}},"34":{"start":{"line":150,"column":2},"end":{"line":150,"column":null}},"35":{"start":{"line":151,"column":2},"end":{"line":151,"column":null}},"36":{"start":{"line":152,"column":2},"end":{"line":152,"column":null}},"37":{"start":{"line":156,"column":17},"end":{"line":156,"column":null}},"38":{"start":{"line":157,"column":2},"end":{"line":159,"column":null}},"39":{"start":{"line":158,"column":4},"end":{"line":158,"column":null}},"40":{"start":{"line":160,"column":2},"end":{"line":160,"column":null}},"41":{"start":{"line":164,"column":2},"end":{"line":164,"column":null}},"42":{"start":{"line":168,"column":2},"end":{"line":168,"column":null}},"43":{"start":{"line":168,"column":30},"end":{"line":168,"column":null}},"44":{"start":{"line":169,"column":2},"end":{"line":169,"column":null}},"45":{"start":{"line":173,"column":8},"end":{"line":173,"column":null}},"46":{"start":{"line":174,"column":2},"end":{"line":174,"column":null}},"47":{"start":{"line":178,"column":2},"end":{"line":178,"column":null}},"48":{"start":{"line":182,"column":2},"end":{"line":185,"column":null}},"49":{"start":{"line":183,"column":4},"end":{"line":183,"column":null}},"50":{"start":{"line":184,"column":4},"end":{"line":184,"column":null}},"51":{"start":{"line":186,"column":2},"end":{"line":189,"column":null}},"52":{"start":{"line":187,"column":4},"end":{"line":187,"column":null}},"53":{"start":{"line":188,"column":4},"end":{"line":188,"column":null}},"54":{"start":{"line":190,"column":19},"end":{"line":190,"column":null}},"55":{"start":{"line":191,"column":2},"end":{"line":194,"column":null}},"56":{"start":{"line":192,"column":4},"end":{"line":192,"column":null}},"57":{"start":{"line":193,"column":4},"end":{"line":193,"column":null}},"58":{"start":{"line":195,"column":2},"end":{"line":195,"column":null}},"59":{"start":{"line":199,"column":2},"end":{"line":199,"column":null}},"60":{"start":{"line":205,"column":2},"end":{"line":208,"column":null}},"61":{"start":{"line":206,"column":4},"end":{"line":206,"column":null}},"62":{"start":{"line":207,"column":4},"end":{"line":207,"column":null}},"63":{"start":{"line":210,"column":17},"end":{"line":210,"column":null}},"64":{"start":{"line":211,"column":2},"end":{"line":214,"column":null}},"65":{"start":{"line":212,"column":4},"end":{"line":212,"column":null}},"66":{"start":{"line":213,"column":4},"end":{"line":213,"column":null}},"67":{"start":{"line":215,"column":2},"end":{"line":249,"column":null}},"68":{"start":{"line":216,"column":19},"end":{"line":216,"column":null}},"69":{"start":{"line":217,"column":21},"end":{"line":217,"column":null}},"70":{"start":{"line":218,"column":4},"end":{"line":221,"column":null}},"71":{"start":{"line":219,"column":6},"end":{"line":219,"column":null}},"72":{"start":{"line":220,"column":6},"end":{"line":220,"column":null}},"73":{"start":{"line":222,"column":21},"end":{"line":222,"column":null}},"74":{"start":{"line":223,"column":16},"end":{"line":223,"column":null}},"75":{"start":{"line":224,"column":22},"end":{"line":224,"column":null}},"76":{"start":{"line":225,"column":4},"end":{"line":228,"column":null}},"77":{"start":{"line":226,"column":6},"end":{"line":226,"column":null}},"78":{"start":{"line":227,"column":6},"end":{"line":227,"column":null}},"79":{"start":{"line":229,"column":21},"end":{"line":236,"column":null}},"80":{"start":{"line":237,"column":4},"end":{"line":245,"column":null}},"81":{"start":{"line":238,"column":21},"end":{"line":238,"column":null}},"82":{"start":{"line":239,"column":6},"end":{"line":242,"column":null}},"83":{"start":{"line":244,"column":6},"end":{"line":244,"column":null}},"84":{"start":{"line":247,"column":20},"end":{"line":247,"column":null}},"85":{"start":{"line":248,"column":4},"end":{"line":248,"column":null}},"86":{"start":{"line":253,"column":21},"end":{"line":253,"column":null}},"87":{"start":{"line":254,"column":18},"end":{"line":254,"column":null}},"88":{"start":{"line":254,"column":35},"end":{"line":254,"column":55}},"89":{"start":{"line":255,"column":2},"end":{"line":264,"column":null}},"90":{"start":{"line":256,"column":21},"end":{"line":258,"column":null}},"91":{"start":{"line":259,"column":4},"end":{"line":259,"column":null}},"92":{"start":{"line":261,"column":4},"end":{"line":261,"column":null}},"93":{"start":{"line":263,"column":4},"end":{"line":263,"column":null}},"94":{"start":{"line":267,"column":60},"end":{"line":267,"column":null}},"95":{"start":{"line":270,"column":2},"end":{"line":273,"column":null}},"96":{"start":{"line":271,"column":4},"end":{"line":271,"column":null}},"97":{"start":{"line":272,"column":4},"end":{"line":272,"column":null}},"98":{"start":{"line":275,"column":22},"end":{"line":275,"column":null}},"99":{"start":{"line":276,"column":22},"end":{"line":276,"column":null}},"100":{"start":{"line":278,"column":2},"end":{"line":284,"column":null}},"101":{"start":{"line":279,"column":4},"end":{"line":282,"column":null}},"102":{"start":{"line":283,"column":4},"end":{"line":283,"column":null}},"103":{"start":{"line":286,"column":17},"end":{"line":286,"column":null}},"104":{"start":{"line":287,"column":21},"end":{"line":287,"column":null}},"105":{"start":{"line":289,"column":2},"end":{"line":289,"column":null}},"106":{"start":{"line":290,"column":2},"end":{"line":313,"column":null}},"107":{"start":{"line":315,"column":2},"end":{"line":317,"column":null}},"108":{"start":{"line":316,"column":4},"end":{"line":316,"column":null}},"109":{"start":{"line":318,"column":2},"end":{"line":320,"column":null}},"110":{"start":{"line":319,"column":4},"end":{"line":319,"column":null}},"111":{"start":{"line":321,"column":2},"end":{"line":324,"column":null}},"112":{"start":{"line":322,"column":4},"end":{"line":322,"column":null}},"113":{"start":{"line":323,"column":4},"end":{"line":323,"column":null}},"114":{"start":{"line":328,"column":2},"end":{"line":331,"column":null}},"115":{"start":{"line":328,"column":21},"end":{"line":328,"column":24}},"116":{"start":{"line":329,"column":4},"end":{"line":329,"column":null}},"117":{"start":{"line":329,"column":36},"end":{"line":329,"column":null}},"118":{"start":{"line":330,"column":4},"end":{"line":330,"column":null}},"119":{"start":{"line":330,"column":35},"end":{"line":330,"column":85}},"120":{"start":{"line":332,"column":2},"end":{"line":332,"column":null}},"121":{"start":{"line":336,"column":2},"end":{"line":344,"column":null}},"122":{"start":{"line":337,"column":4},"end":{"line":337,"column":null}},"123":{"start":{"line":338,"column":4},"end":{"line":342,"column":null}},"124":{"start":{"line":343,"column":4},"end":{"line":343,"column":null}},"125":{"start":{"line":346,"column":21},"end":{"line":346,"column":null}},"126":{"start":{"line":347,"column":17},"end":{"line":347,"column":null}},"127":{"start":{"line":348,"column":21},"end":{"line":348,"column":null}},"128":{"start":{"line":349,"column":18},"end":{"line":349,"column":null}},"129":{"start":{"line":349,"column":35},"end":{"line":349,"column":55}},"130":{"start":{"line":352,"column":2},"end":{"line":358,"column":null}},"131":{"start":{"line":353,"column":29},"end":{"line":353,"column":null}},"132":{"start":{"line":354,"column":4},"end":{"line":356,"column":null}},"133":{"start":{"line":355,"column":6},"end":{"line":355,"column":null}},"134":{"start":{"line":357,"column":4},"end":{"line":357,"column":null}},"135":{"start":{"line":360,"column":20},"end":{"line":360,"column":null}},"136":{"start":{"line":362,"column":2},"end":{"line":437,"column":null}},"137":{"start":{"line":363,"column":20},"end":{"line":363,"column":null}},"138":{"start":{"line":364,"column":4},"end":{"line":368,"column":null}},"139":{"start":{"line":365,"column":6},"end":{"line":365,"column":null}},"140":{"start":{"line":365,"column":31},"end":{"line":365,"column":null}},"141":{"start":{"line":366,"column":6},"end":{"line":366,"column":null}},"142":{"start":{"line":366,"column":80},"end":{"line":366,"column":null}},"143":{"start":{"line":367,"column":6},"end":{"line":367,"column":null}},"144":{"start":{"line":369,"column":4},"end":{"line":369,"column":null}},"145":{"start":{"line":371,"column":19},"end":{"line":371,"column":null}},"146":{"start":{"line":372,"column":21},"end":{"line":377,"column":null}},"147":{"start":{"line":379,"column":22},"end":{"line":379,"column":null}},"148":{"start":{"line":380,"column":4},"end":{"line":380,"column":null}},"149":{"start":{"line":383,"column":4},"end":{"line":406,"column":null}},"150":{"start":{"line":384,"column":6},"end":{"line":384,"column":null}},"151":{"start":{"line":385,"column":6},"end":{"line":385,"column":null}},"152":{"start":{"line":386,"column":6},"end":{"line":395,"column":null}},"153":{"start":{"line":396,"column":11},"end":{"line":406,"column":null}},"154":{"start":{"line":397,"column":6},"end":{"line":405,"column":null}},"155":{"start":{"line":408,"column":4},"end":{"line":408,"column":null}},"156":{"start":{"line":409,"column":4},"end":{"line":409,"column":null}},"157":{"start":{"line":410,"column":4},"end":{"line":416,"column":null}},"158":{"start":{"line":411,"column":6},"end":{"line":415,"column":null}},"159":{"start":{"line":414,"column":8},"end":{"line":414,"column":null}},"160":{"start":{"line":417,"column":4},"end":{"line":417,"column":null}},"161":{"start":{"line":419,"column":25},"end":{"line":419,"column":null}},"162":{"start":{"line":420,"column":4},"end":{"line":420,"column":null}},"163":{"start":{"line":422,"column":4},"end":{"line":422,"column":null}},"164":{"start":{"line":423,"column":20},"end":{"line":423,"column":null}},"165":{"start":{"line":424,"column":4},"end":{"line":427,"column":null}},"166":{"start":{"line":428,"column":4},"end":{"line":428,"column":null}},"167":{"start":{"line":429,"column":4},"end":{"line":434,"column":null}},"168":{"start":{"line":436,"column":4},"end":{"line":436,"column":null}},"169":{"start":{"line":440,"column":16},"end":{"line":451,"column":null}},"170":{"start":{"line":457,"column":2},"end":{"line":506,"column":null}},"171":{"start":{"line":458,"column":29},"end":{"line":458,"column":null}},"172":{"start":{"line":459,"column":19},"end":{"line":461,"column":null}},"173":{"start":{"line":462,"column":19},"end":{"line":462,"column":null}},"174":{"start":{"line":463,"column":4},"end":{"line":463,"column":null}},"175":{"start":{"line":464,"column":4},"end":{"line":505,"column":null}},"176":{"start":{"line":508,"column":2},"end":{"line":515,"column":null}},"177":{"start":{"line":509,"column":29},"end":{"line":509,"column":null}},"178":{"start":{"line":510,"column":21},"end":{"line":512,"column":null}},"179":{"start":{"line":513,"column":4},"end":{"line":513,"column":null}},"180":{"start":{"line":514,"column":4},"end":{"line":514,"column":null}},"181":{"start":{"line":519,"column":20},"end":{"line":521,"column":null}},"182":{"start":{"line":520,"column":4},"end":{"line":520,"column":null}},"183":{"start":{"line":522,"column":21},"end":{"line":522,"column":null}},"184":{"start":{"line":523,"column":2},"end":{"line":525,"column":null}},"185":{"start":{"line":524,"column":4},"end":{"line":524,"column":null}},"186":{"start":{"line":526,"column":2},"end":{"line":526,"column":null}},"187":{"start":{"line":530,"column":2},"end":{"line":536,"column":null}},"188":{"start":{"line":531,"column":10},"end":{"line":531,"column":null}},"189":{"start":{"line":532,"column":4},"end":{"line":535,"column":null}},"190":{"start":{"line":533,"column":6},"end":{"line":533,"column":null}},"191":{"start":{"line":534,"column":6},"end":{"line":534,"column":null}},"192":{"start":{"line":538,"column":2},"end":{"line":538,"column":null}},"193":{"start":{"line":540,"column":27},"end":{"line":540,"column":null}},"194":{"start":{"line":541,"column":2},"end":{"line":557,"column":null}},"195":{"start":{"line":542,"column":4},"end":{"line":542,"column":null}},"196":{"start":{"line":543,"column":18},"end":{"line":543,"column":null}},"197":{"start":{"line":544,"column":4},"end":{"line":556,"column":null}},"198":{"start":{"line":545,"column":6},"end":{"line":551,"column":null}},"199":{"start":{"line":546,"column":8},"end":{"line":549,"column":null}},"200":{"start":{"line":550,"column":8},"end":{"line":550,"column":null}},"201":{"start":{"line":552,"column":6},"end":{"line":555,"column":null}},"202":{"start":{"line":559,"column":8},"end":{"line":559,"column":null}},"203":{"start":{"line":561,"column":2},"end":{"line":579,"column":null}},"204":{"start":{"line":581,"column":2},"end":{"line":581,"column":null}},"205":{"start":{"line":583,"column":8},"end":{"line":589,"column":null}},"206":{"start":{"line":585,"column":20},"end":{"line":585,"column":null}},"207":{"start":{"line":587,"column":32},"end":{"line":587,"column":null}},"208":{"start":{"line":590,"column":2},"end":{"line":590,"column":null}},"209":{"start":{"line":592,"column":2},"end":{"line":597,"column":null}},"210":{"start":{"line":593,"column":23},"end":{"line":593,"column":null}},"211":{"start":{"line":594,"column":4},"end":{"line":594,"column":null}},"212":{"start":{"line":595,"column":4},"end":{"line":595,"column":null}},"213":{"start":{"line":596,"column":4},"end":{"line":596,"column":null}},"214":{"start":{"line":599,"column":2},"end":{"line":604,"column":null}},"215":{"start":{"line":600,"column":4},"end":{"line":600,"column":null}},"216":{"start":{"line":601,"column":20},"end":{"line":601,"column":null}},"217":{"start":{"line":602,"column":4},"end":{"line":602,"column":null}},"218":{"start":{"line":603,"column":4},"end":{"line":603,"column":null}},"219":{"start":{"line":606,"column":8},"end":{"line":612,"column":null}},"220":{"start":{"line":613,"column":2},"end":{"line":613,"column":null}},"221":{"start":{"line":615,"column":2},"end":{"line":625,"column":null}},"222":{"start":{"line":616,"column":4},"end":{"line":616,"column":null}},"223":{"start":{"line":616,"column":30},"end":{"line":616,"column":null}},"224":{"start":{"line":617,"column":4},"end":{"line":617,"column":null}},"225":{"start":{"line":618,"column":4},"end":{"line":624,"column":null}},"226":{"start":{"line":629,"column":2},"end":{"line":677,"column":null}},"227":{"start":{"line":630,"column":22},"end":{"line":630,"column":null}},"228":{"start":{"line":632,"column":4},"end":{"line":667,"column":null}},"229":{"start":{"line":633,"column":6},"end":{"line":633,"column":null}},"230":{"start":{"line":634,"column":6},"end":{"line":634,"column":null}},"231":{"start":{"line":637,"column":29},"end":{"line":637,"column":null}},"232":{"start":{"line":638,"column":35},"end":{"line":638,"column":null}},"233":{"start":{"line":640,"column":6},"end":{"line":654,"column":null}},"234":{"start":{"line":644,"column":8},"end":{"line":653,"column":null}},"235":{"start":{"line":657,"column":6},"end":{"line":666,"column":null}},"236":{"start":{"line":658,"column":8},"end":{"line":664,"column":null}},"237":{"start":{"line":665,"column":8},"end":{"line":665,"column":null}},"238":{"start":{"line":669,"column":4},"end":{"line":669,"column":null}},"239":{"start":{"line":670,"column":4},"end":{"line":676,"column":null}},"240":{"start":{"line":680,"column":2},"end":{"line":707,"column":null}},"241":{"start":{"line":684,"column":24},"end":{"line":684,"column":null}},"242":{"start":{"line":685,"column":28},"end":{"line":685,"column":null}},"243":{"start":{"line":686,"column":6},"end":{"line":686,"column":null}},"244":{"start":{"line":687,"column":6},"end":{"line":705,"column":null}},"245":{"start":{"line":701,"column":28},"end":{"line":701,"column":39}},"246":{"start":{"line":709,"column":2},"end":{"line":709,"column":null}},"247":{"start":{"line":712,"column":2},"end":{"line":746,"column":null}},"248":{"start":{"line":713,"column":22},"end":{"line":713,"column":null}},"249":{"start":{"line":714,"column":28},"end":{"line":742,"column":null}},"250":{"start":{"line":743,"column":4},"end":{"line":743,"column":null}},"251":{"start":{"line":744,"column":4},"end":{"line":744,"column":null}},"252":{"start":{"line":745,"column":4},"end":{"line":745,"column":null}},"253":{"start":{"line":748,"column":2},"end":{"line":748,"column":null}},"254":{"start":{"line":749,"column":2},"end":{"line":749,"column":null}},"255":{"start":{"line":751,"column":2},"end":{"line":753,"column":null}},"256":{"start":{"line":752,"column":4},"end":{"line":752,"column":null}},"257":{"start":{"line":754,"column":2},"end":{"line":756,"column":null}},"258":{"start":{"line":755,"column":4},"end":{"line":755,"column":null}},"259":{"start":{"line":758,"column":2},"end":{"line":804,"column":null}},"260":{"start":{"line":759,"column":4},"end":{"line":759,"column":null}},"261":{"start":{"line":760,"column":24},"end":{"line":760,"column":null}},"262":{"start":{"line":761,"column":43},"end":{"line":795,"column":null}},"263":{"start":{"line":796,"column":17},"end":{"line":796,"column":null}},"264":{"start":{"line":797,"column":4},"end":{"line":797,"column":null}},"265":{"start":{"line":799,"column":21},"end":{"line":799,"column":null}},"266":{"start":{"line":800,"column":4},"end":{"line":800,"column":null}},"267":{"start":{"line":801,"column":4},"end":{"line":803,"column":null}},"268":{"start":{"line":802,"column":6},"end":{"line":802,"column":null}},"269":{"start":{"line":806,"column":8},"end":{"line":806,"column":null}},"270":{"start":{"line":807,"column":2},"end":{"line":807,"column":null}},"271":{"start":{"line":809,"column":2},"end":{"line":816,"column":null}},"272":{"start":{"line":810,"column":4},"end":{"line":813,"column":null}},"273":{"start":{"line":811,"column":6},"end":{"line":811,"column":null}},"274":{"start":{"line":812,"column":6},"end":{"line":812,"column":null}},"275":{"start":{"line":814,"column":4},"end":{"line":814,"column":null}},"276":{"start":{"line":815,"column":4},"end":{"line":815,"column":null}},"277":{"start":{"line":818,"column":2},"end":{"line":843,"column":null}},"278":{"start":{"line":820,"column":4},"end":{"line":820,"column":null}},"279":{"start":{"line":822,"column":4},"end":{"line":825,"column":null}},"280":{"start":{"line":826,"column":4},"end":{"line":826,"column":null}},"281":{"start":{"line":827,"column":4},"end":{"line":827,"column":null}},"282":{"start":{"line":828,"column":4},"end":{"line":828,"column":null}},"283":{"start":{"line":829,"column":4},"end":{"line":829,"column":null}},"284":{"start":{"line":830,"column":4},"end":{"line":830,"column":null}},"285":{"start":{"line":831,"column":4},"end":{"line":831,"column":null}},"286":{"start":{"line":832,"column":4},"end":{"line":834,"column":null}},"287":{"start":{"line":835,"column":4},"end":{"line":837,"column":null}},"288":{"start":{"line":838,"column":4},"end":{"line":840,"column":null}},"289":{"start":{"line":841,"column":4},"end":{"line":841,"column":null}},"290":{"start":{"line":842,"column":4},"end":{"line":842,"column":null}},"291":{"start":{"line":847,"column":8},"end":{"line":863,"column":null}},"292":{"start":{"line":848,"column":4},"end":{"line":848,"column":null}},"293":{"start":{"line":850,"column":4},"end":{"line":852,"column":null}},"294":{"start":{"line":851,"column":6},"end":{"line":851,"column":null}},"295":{"start":{"line":854,"column":4},"end":{"line":857,"column":null}},"296":{"start":{"line":855,"column":6},"end":{"line":855,"column":null}},"297":{"start":{"line":856,"column":6},"end":{"line":856,"column":null}},"298":{"start":{"line":859,"column":4},"end":{"line":862,"column":null}},"299":{"start":{"line":860,"column":6},"end":{"line":860,"column":null}},"300":{"start":{"line":861,"column":6},"end":{"line":861,"column":null}},"301":{"start":{"line":865,"column":2},"end":{"line":865,"column":null}},"302":{"start":{"line":865,"column":31},"end":{"line":865,"column":49}},"303":{"start":{"line":866,"column":2},"end":{"line":866,"column":null}},"304":{"start":{"line":866,"column":32},"end":{"line":866,"column":51}},"305":{"start":{"line":867,"column":2},"end":{"line":867,"column":null}},"306":{"start":{"line":867,"column":31},"end":{"line":867,"column":49}},"307":{"start":{"line":870,"column":0},"end":{"line":876,"column":null}},"308":{"start":{"line":871,"column":2},"end":{"line":875,"column":null}},"309":{"start":{"line":872,"column":20},"end":{"line":872,"column":null}},"310":{"start":{"line":873,"column":4},"end":{"line":873,"column":null}},"311":{"start":{"line":874,"column":4},"end":{"line":874,"column":null}}},"fnMap":{"0":{"name":"level","decl":{"start":{"line":60,"column":4},"end":{"line":60,"column":10}},"loc":{"start":{"line":60,"column":17},"end":{"line":62,"column":null}},"line":60},"1":{"name":"isCircuitOpen","decl":{"start":{"line":113,"column":9},"end":{"line":113,"column":34}},"loc":{"start":{"line":113,"column":34},"end":{"line":127,"column":null}},"line":113},"2":{"name":"recordProxyFailure","decl":{"start":{"line":129,"column":9},"end":{"line":129,"column":36}},"loc":{"start":{"line":129,"column":36},"end":{"line":147,"column":null}},"line":129},"3":{"name":"recordProxySuccess","decl":{"start":{"line":149,"column":9},"end":{"line":149,"column":36}},"loc":{"start":{"line":149,"column":36},"end":{"line":153,"column":null}},"line":149},"4":{"name":"normalizeBackendUrl","decl":{"start":{"line":155,"column":9},"end":{"line":155,"column":29}},"loc":{"start":{"line":155,"column":49},"end":{"line":161,"column":null}},"line":155},"5":{"name":"getPythonCommand","decl":{"start":{"line":163,"column":9},"end":{"line":163,"column":36}},"loc":{"start":{"line":163,"column":36},"end":{"line":165,"column":null}},"line":163},"6":{"name":"getBackendPort","decl":{"start":{"line":167,"column":9},"end":{"line":167,"column":34}},"loc":{"start":{"line":167,"column":34},"end":{"line":170,"column":null}},"line":167},"7":{"name":"getViteCacheDir","decl":{"start":{"line":172,"column":9},"end":{"line":172,"column":25}},"loc":{"start":{"line":172,"column":54},"end":{"line":175,"column":null}},"line":172},"8":{"name":"generateRequestId","decl":{"start":{"line":177,"column":9},"end":{"line":177,"column":37}},"loc":{"start":{"line":177,"column":37},"end":{"line":179,"column":null}},"line":177},"9":{"name":"requireInternalAccess","decl":{"start":{"line":181,"column":9},"end":{"line":181,"column":31}},"loc":{"start":{"line":181,"column":86},"end":{"line":196,"column":null}},"line":181},"10":{"name":"noStore","decl":{"start":{"line":198,"column":9},"end":{"line":198,"column":17}},"loc":{"start":{"line":198,"column":38},"end":{"line":200,"column":null}},"line":198},"11":{"name":"autoConnectViaBTC","decl":{"start":{"line":204,"column":15},"end":{"line":204,"column":50}},"loc":{"start":{"line":204,"column":50},"end":{"line":250,"column":null}},"line":204},"12":{"name":"isBackendReachable","decl":{"start":{"line":252,"column":15},"end":{"line":252,"column":54}},"loc":{"start":{"line":252,"column":54},"end":{"line":265,"column":null}},"line":252},"13":{"name":"(anonymous_13)","decl":{"start":{"line":254,"column":18},"end":{"line":254,"column":35}},"loc":{"start":{"line":254,"column":35},"end":{"line":254,"column":55}},"line":254},"14":{"name":"spawnBackend","decl":{"start":{"line":269,"column":9},"end":{"line":269,"column":30}},"loc":{"start":{"line":269,"column":30},"end":{"line":325,"column":null}},"line":269},"15":{"name":"(anonymous_15)","decl":{"start":{"line":315,"column":28},"end":{"line":315,"column":37}},"loc":{"start":{"line":316,"column":4},"end":{"line":316,"column":null}},"line":316},"16":{"name":"(anonymous_16)","decl":{"start":{"line":318,"column":28},"end":{"line":318,"column":37}},"loc":{"start":{"line":319,"column":4},"end":{"line":319,"column":null}},"line":319},"17":{"name":"(anonymous_17)","decl":{"start":{"line":321,"column":20},"end":{"line":321,"column":29}},"loc":{"start":{"line":321,"column":53},"end":{"line":324,"column":3}},"line":321},"18":{"name":"waitForBackend","decl":{"start":{"line":327,"column":15},"end":{"line":327,"column":30}},"loc":{"start":{"line":327,"column":66},"end":{"line":333,"column":null}},"line":327},"19":{"name":"(anonymous_19)","decl":{"start":{"line":330,"column":14},"end":{"line":330,"column":23}},"loc":{"start":{"line":330,"column":35},"end":{"line":330,"column":85}},"line":330},"20":{"name":"proxyToBackend","decl":{"start":{"line":335,"column":15},"end":{"line":335,"column":30}},"loc":{"start":{"line":335,"column":74},"end":{"line":438,"column":null}},"line":335},"21":{"name":"(anonymous_21)","decl":{"start":{"line":349,"column":18},"end":{"line":349,"column":35}},"loc":{"start":{"line":349,"column":35},"end":{"line":349,"column":55}},"line":349},"22":{"name":"(anonymous_22)","decl":{"start":{"line":410,"column":21},"end":{"line":410,"column":30}},"loc":{"start":{"line":410,"column":45},"end":{"line":416,"column":5}},"line":410},"23":{"name":"registerSecuritySwarmRoutes","decl":{"start":{"line":453,"column":16},"end":{"line":453,"column":null}},"loc":{"start":{"line":456,"column":8},"end":{"line":516,"column":null}},"line":456},"24":{"name":"(anonymous_24)","decl":{"start":{"line":457,"column":34},"end":{"line":457,"column":41}},"loc":{"start":{"line":457,"column":73},"end":{"line":506,"column":3}},"line":457},"25":{"name":"(anonymous_25)","decl":{"start":{"line":508,"column":42},"end":{"line":508,"column":49}},"loc":{"start":{"line":508,"column":81},"end":{"line":515,"column":3}},"line":508},"26":{"name":"installSecuritySwarmHeartbeat","decl":{"start":{"line":518,"column":9},"end":{"line":518,"column":73}},"loc":{"start":{"line":518,"column":73},"end":{"line":527,"column":null}},"line":518},"27":{"name":"(anonymous_27)","decl":{"start":{"line":519,"column":20},"end":{"line":519,"column":38}},"loc":{"start":{"line":519,"column":38},"end":{"line":521,"column":5}},"line":519},"28":{"name":"startServer","decl":{"start":{"line":529,"column":15},"end":{"line":529,"column":44}},"loc":{"start":{"line":529,"column":44},"end":{"line":844,"column":null}},"line":529},"29":{"name":"(anonymous_29)","decl":{"start":{"line":585,"column":4},"end":{"line":585,"column":20}},"loc":{"start":{"line":585,"column":20},"end":{"line":585,"column":null}},"line":585},"30":{"name":"(anonymous_30)","decl":{"start":{"line":587,"column":6},"end":{"line":587,"column":15}},"loc":{"start":{"line":587,"column":32},"end":{"line":587,"column":null}},"line":587},"31":{"name":"(anonymous_31)","decl":{"start":{"line":592,"column":6},"end":{"line":592,"column":11}},"loc":{"start":{"line":592,"column":63},"end":{"line":597,"column":3}},"line":592},"32":{"name":"(anonymous_32)","decl":{"start":{"line":599,"column":6},"end":{"line":599,"column":11}},"loc":{"start":{"line":599,"column":64},"end":{"line":604,"column":3}},"line":599},"33":{"name":"(anonymous_33)","decl":{"start":{"line":615,"column":15},"end":{"line":615,"column":22}},"loc":{"start":{"line":615,"column":75},"end":{"line":625,"column":3}},"line":615},"34":{"name":"(anonymous_34)","decl":{"start":{"line":629,"column":28},"end":{"line":629,"column":35}},"loc":{"start":{"line":629,"column":68},"end":{"line":677,"column":3}},"line":629},"35":{"name":"(anonymous_35)","decl":{"start":{"line":683,"column":4},"end":{"line":683,"column":11}},"loc":{"start":{"line":683,"column":44},"end":{"line":706,"column":null}},"line":683},"36":{"name":"(anonymous_36)","decl":{"start":{"line":701,"column":13},"end":{"line":701,"column":19}},"loc":{"start":{"line":701,"column":28},"end":{"line":701,"column":39}},"line":701},"37":{"name":"(anonymous_37)","decl":{"start":{"line":712,"column":52},"end":{"line":712,"column":59}},"loc":{"start":{"line":712,"column":92},"end":{"line":746,"column":3}},"line":712},"38":{"name":"(anonymous_38)","decl":{"start":{"line":751,"column":10},"end":{"line":751,"column":19}},"loc":{"start":{"line":751,"column":51},"end":{"line":753,"column":3}},"line":751},"39":{"name":"(anonymous_39)","decl":{"start":{"line":754,"column":10},"end":{"line":754,"column":22}},"loc":{"start":{"line":754,"column":54},"end":{"line":756,"column":3}},"line":754},"40":{"name":"(anonymous_40)","decl":{"start":{"line":801,"column":12},"end":{"line":801,"column":18}},"loc":{"start":{"line":801,"column":51},"end":{"line":803,"column":5}},"line":801},"41":{"name":"(anonymous_41)","decl":{"start":{"line":809,"column":12},"end":{"line":809,"column":22}},"loc":{"start":{"line":809,"column":55},"end":{"line":816,"column":3}},"line":809},"42":{"name":"(anonymous_42)","decl":{"start":{"line":818,"column":36},"end":{"line":818,"column":48}},"loc":{"start":{"line":818,"column":48},"end":{"line":843,"column":3}},"line":818},"43":{"name":"installShutdownHandlers","decl":{"start":{"line":846,"column":9},"end":{"line":846,"column":33}},"loc":{"start":{"line":846,"column":55},"end":{"line":868,"column":null}},"line":846},"44":{"name":"(anonymous_44)","decl":{"start":{"line":847,"column":8},"end":{"line":847,"column":20}},"loc":{"start":{"line":847,"column":39},"end":{"line":863,"column":null}},"line":847},"45":{"name":"(anonymous_45)","decl":{"start":{"line":850,"column":11},"end":{"line":850,"column":23}},"loc":{"start":{"line":850,"column":23},"end":{"line":852,"column":5}},"line":850},"46":{"name":"(anonymous_46)","decl":{"start":{"line":859,"column":4},"end":{"line":859,"column":21}},"loc":{"start":{"line":859,"column":21},"end":{"line":862,"column":7}},"line":859},"47":{"name":"(anonymous_47)","decl":{"start":{"line":865,"column":15},"end":{"line":865,"column":31}},"loc":{"start":{"line":865,"column":31},"end":{"line":865,"column":49}},"line":865},"48":{"name":"(anonymous_48)","decl":{"start":{"line":866,"column":15},"end":{"line":866,"column":32}},"loc":{"start":{"line":866,"column":32},"end":{"line":866,"column":51}},"line":866},"49":{"name":"(anonymous_49)","decl":{"start":{"line":867,"column":15},"end":{"line":867,"column":31}},"loc":{"start":{"line":867,"column":31},"end":{"line":867,"column":49}},"line":867},"50":{"name":"(anonymous_50)","decl":{"start":{"line":871,"column":16},"end":{"line":871,"column":23}},"loc":{"start":{"line":871,"column":42},"end":{"line":875,"column":3}},"line":871}},"branchMap":{"0":{"loc":{"start":{"line":54,"column":9},"end":{"line":54,"column":null}},"type":"binary-expr","locations":[{"start":{"line":54,"column":9},"end":{"line":54,"column":34}},{"start":{"line":54,"column":34},"end":{"line":54,"column":null}}],"line":54},"1":{"loc":{"start":{"line":57,"column":4},"end":{"line":57,"column":null}},"type":"binary-expr","locations":[{"start":{"line":57,"column":4},"end":{"line":57,"column":33}},{"start":{"line":57,"column":33},"end":{"line":57,"column":null}}],"line":57},"2":{"loc":{"start":{"line":72,"column":8},"end":{"line":72,"column":null}},"type":"binary-expr","locations":[{"start":{"line":72,"column":8},"end":{"line":72,"column":28}},{"start":{"line":72,"column":28},"end":{"line":72,"column":null}}],"line":72},"3":{"loc":{"start":{"line":73,"column":15},"end":{"line":73,"column":39}},"type":"binary-expr","locations":[{"start":{"line":73,"column":15},"end":{"line":73,"column":35}},{"start":{"line":73,"column":35},"end":{"line":73,"column":39}}],"line":73},"4":{"loc":{"start":{"line":74,"column":34},"end":{"line":74,"column":92}},"type":"binary-expr","locations":[{"start":{"line":74,"column":34},"end":{"line":74,"column":69}},{"start":{"line":74,"column":69},"end":{"line":74,"column":92}}],"line":74},"5":{"loc":{"start":{"line":77,"column":5},"end":{"line":77,"column":60}},"type":"binary-expr","locations":[{"start":{"line":77,"column":5},"end":{"line":77,"column":51}},{"start":{"line":77,"column":51},"end":{"line":77,"column":60}}],"line":77},"6":{"loc":{"start":{"line":79,"column":25},"end":{"line":79,"column":70}},"type":"binary-expr","locations":[{"start":{"line":79,"column":25},"end":{"line":79,"column":65}},{"start":{"line":79,"column":65},"end":{"line":79,"column":70}}],"line":79},"7":{"loc":{"start":{"line":80,"column":28},"end":{"line":80,"column":69}},"type":"binary-expr","locations":[{"start":{"line":80,"column":28},"end":{"line":80,"column":64}},{"start":{"line":80,"column":64},"end":{"line":80,"column":69}}],"line":80},"8":{"loc":{"start":{"line":81,"column":23},"end":{"line":81,"column":56}},"type":"binary-expr","locations":[{"start":{"line":81,"column":23},"end":{"line":81,"column":53}},{"start":{"line":81,"column":53},"end":{"line":81,"column":56}}],"line":81},"9":{"loc":{"start":{"line":82,"column":13},"end":{"line":82,"column":null}},"type":"binary-expr","locations":[{"start":{"line":82,"column":13},"end":{"line":82,"column":39}},{"start":{"line":82,"column":39},"end":{"line":82,"column":null}}],"line":82},"10":{"loc":{"start":{"line":83,"column":23},"end":{"line":83,"column":null}},"type":"binary-expr","locations":[{"start":{"line":83,"column":23},"end":{"line":83,"column":65}},{"start":{"line":83,"column":65},"end":{"line":83,"column":null}}],"line":83},"11":{"loc":{"start":{"line":114,"column":2},"end":{"line":114,"column":null}},"type":"if","locations":[{"start":{"line":114,"column":2},"end":{"line":114,"column":null}},{"start":{},"end":{}}],"line":114},"12":{"loc":{"start":{"line":116,"column":2},"end":{"line":121,"column":null}},"type":"if","locations":[{"start":{"line":116,"column":2},"end":{"line":121,"column":null}},{"start":{},"end":{}}],"line":116},"13":{"loc":{"start":{"line":122,"column":2},"end":{"line":125,"column":null}},"type":"if","locations":[{"start":{"line":122,"column":2},"end":{"line":125,"column":null}},{"start":{},"end":{}}],"line":122},"14":{"loc":{"start":{"line":122,"column":6},"end":{"line":122,"column":73}},"type":"binary-expr","locations":[{"start":{"line":122,"column":6},"end":{"line":122,"column":40}},{"start":{"line":122,"column":40},"end":{"line":122,"column":73}}],"line":122},"15":{"loc":{"start":{"line":133,"column":2},"end":{"line":146,"column":null}},"type":"if","locations":[{"start":{"line":133,"column":2},"end":{"line":146,"column":null}},{"start":{},"end":{}}],"line":133},"16":{"loc":{"start":{"line":133,"column":6},"end":{"line":133,"column":74}},"type":"binary-expr","locations":[{"start":{"line":133,"column":6},"end":{"line":133,"column":52}},{"start":{"line":133,"column":52},"end":{"line":133,"column":74}}],"line":133},"17":{"loc":{"start":{"line":157,"column":2},"end":{"line":159,"column":null}},"type":"if","locations":[{"start":{"line":157,"column":2},"end":{"line":159,"column":null}},{"start":{},"end":{}}],"line":157},"18":{"loc":{"start":{"line":164,"column":9},"end":{"line":164,"column":null}},"type":"binary-expr","locations":[{"start":{"line":164,"column":9},"end":{"line":164,"column":32}},{"start":{"line":164,"column":32},"end":{"line":164,"column":null}}],"line":164},"19":{"loc":{"start":{"line":164,"column":32},"end":{"line":164,"column":null}},"type":"cond-expr","locations":[{"start":{"line":164,"column":63},"end":{"line":164,"column":74}},{"start":{"line":164,"column":74},"end":{"line":164,"column":null}}],"line":164},"20":{"loc":{"start":{"line":168,"column":2},"end":{"line":168,"column":null}},"type":"if","locations":[{"start":{"line":168,"column":2},"end":{"line":168,"column":null}},{"start":{},"end":{}}],"line":168},"21":{"loc":{"start":{"line":169,"column":9},"end":{"line":169,"column":null}},"type":"cond-expr","locations":[{"start":{"line":169,"column":51},"end":{"line":169,"column":59}},{"start":{"line":169,"column":59},"end":{"line":169,"column":null}}],"line":169},"22":{"loc":{"start":{"line":182,"column":2},"end":{"line":185,"column":null}},"type":"if","locations":[{"start":{"line":182,"column":2},"end":{"line":185,"column":null}},{"start":{},"end":{}}],"line":182},"23":{"loc":{"start":{"line":186,"column":2},"end":{"line":189,"column":null}},"type":"if","locations":[{"start":{"line":186,"column":2},"end":{"line":189,"column":null}},{"start":{},"end":{}}],"line":186},"24":{"loc":{"start":{"line":191,"column":2},"end":{"line":194,"column":null}},"type":"if","locations":[{"start":{"line":191,"column":2},"end":{"line":194,"column":null}},{"start":{},"end":{}}],"line":191},"25":{"loc":{"start":{"line":205,"column":2},"end":{"line":208,"column":null}},"type":"if","locations":[{"start":{"line":205,"column":2},"end":{"line":208,"column":null}},{"start":{},"end":{}}],"line":205},"26":{"loc":{"start":{"line":210,"column":17},"end":{"line":210,"column":null}},"type":"cond-expr","locations":[{"start":{"line":210,"column":57},"end":{"line":210,"column":68}},{"start":{"line":210,"column":68},"end":{"line":210,"column":null}}],"line":210},"27":{"loc":{"start":{"line":211,"column":2},"end":{"line":214,"column":null}},"type":"if","locations":[{"start":{"line":211,"column":2},"end":{"line":214,"column":null}},{"start":{},"end":{}}],"line":211},"28":{"loc":{"start":{"line":216,"column":19},"end":{"line":216,"column":null}},"type":"binary-expr","locations":[{"start":{"line":216,"column":19},"end":{"line":216,"column":60}},{"start":{"line":216,"column":60},"end":{"line":216,"column":null}}],"line":216},"29":{"loc":{"start":{"line":218,"column":4},"end":{"line":221,"column":null}},"type":"if","locations":[{"start":{"line":218,"column":4},"end":{"line":221,"column":null}},{"start":{},"end":{}}],"line":218},"30":{"loc":{"start":{"line":222,"column":21},"end":{"line":222,"column":null}},"type":"binary-expr","locations":[{"start":{"line":222,"column":21},"end":{"line":222,"column":70}},{"start":{"line":222,"column":70},"end":{"line":222,"column":null}}],"line":222},"31":{"loc":{"start":{"line":225,"column":4},"end":{"line":228,"column":null}},"type":"if","locations":[{"start":{"line":225,"column":4},"end":{"line":228,"column":null}},{"start":{},"end":{}}],"line":225},"32":{"loc":{"start":{"line":237,"column":4},"end":{"line":245,"column":null}},"type":"if","locations":[{"start":{"line":237,"column":4},"end":{"line":245,"column":null}},{"start":{"line":243,"column":11},"end":{"line":245,"column":null}}],"line":237},"33":{"loc":{"start":{"line":247,"column":20},"end":{"line":247,"column":null}},"type":"cond-expr","locations":[{"start":{"line":247,"column":45},"end":{"line":247,"column":61}},{"start":{"line":247,"column":61},"end":{"line":247,"column":null}}],"line":247},"34":{"loc":{"start":{"line":270,"column":2},"end":{"line":273,"column":null}},"type":"if","locations":[{"start":{"line":270,"column":2},"end":{"line":273,"column":null}},{"start":{},"end":{}}],"line":270},"35":{"loc":{"start":{"line":278,"column":2},"end":{"line":284,"column":null}},"type":"if","locations":[{"start":{"line":278,"column":2},"end":{"line":284,"column":null}},{"start":{},"end":{}}],"line":278},"36":{"loc":{"start":{"line":301,"column":6},"end":{"line":301,"column":null}},"type":"cond-expr","locations":[{"start":{"line":301,"column":42},"end":{"line":301,"column":52}},{"start":{"line":301,"column":52},"end":{"line":301,"column":null}}],"line":301},"37":{"loc":{"start":{"line":307,"column":20},"end":{"line":309,"column":null}},"type":"cond-expr","locations":[{"start":{"line":308,"column":12},"end":{"line":308,"column":null}},{"start":{"line":309,"column":12},"end":{"line":309,"column":null}}],"line":307},"38":{"loc":{"start":{"line":327,"column":30},"end":{"line":327,"column":66}},"type":"default-arg","locations":[{"start":{"line":327,"column":44},"end":{"line":327,"column":66}}],"line":327},"39":{"loc":{"start":{"line":329,"column":4},"end":{"line":329,"column":null}},"type":"if","locations":[{"start":{"line":329,"column":4},"end":{"line":329,"column":null}},{"start":{},"end":{}}],"line":329},"40":{"loc":{"start":{"line":336,"column":2},"end":{"line":344,"column":null}},"type":"if","locations":[{"start":{"line":336,"column":2},"end":{"line":344,"column":null}},{"start":{},"end":{}}],"line":336},"41":{"loc":{"start":{"line":346,"column":21},"end":{"line":346,"column":null}},"type":"binary-expr","locations":[{"start":{"line":346,"column":21},"end":{"line":346,"column":63}},{"start":{"line":346,"column":63},"end":{"line":346,"column":null}}],"line":346},"42":{"loc":{"start":{"line":352,"column":2},"end":{"line":358,"column":null}},"type":"if","locations":[{"start":{"line":352,"column":2},"end":{"line":358,"column":null}},{"start":{},"end":{}}],"line":352},"43":{"loc":{"start":{"line":365,"column":6},"end":{"line":365,"column":null}},"type":"if","locations":[{"start":{"line":365,"column":6},"end":{"line":365,"column":null}},{"start":{},"end":{}}],"line":365},"44":{"loc":{"start":{"line":366,"column":6},"end":{"line":366,"column":null}},"type":"if","locations":[{"start":{"line":366,"column":6},"end":{"line":366,"column":null}},{"start":{},"end":{}}],"line":366},"45":{"loc":{"start":{"line":367,"column":23},"end":{"line":367,"column":69}},"type":"cond-expr","locations":[{"start":{"line":367,"column":46},"end":{"line":367,"column":64}},{"start":{"line":367,"column":64},"end":{"line":367,"column":69}}],"line":367},"46":{"loc":{"start":{"line":383,"column":4},"end":{"line":406,"column":null}},"type":"if","locations":[{"start":{"line":383,"column":4},"end":{"line":406,"column":null}},{"start":{"line":396,"column":11},"end":{"line":406,"column":null}}],"line":383},"47":{"loc":{"start":{"line":396,"column":11},"end":{"line":406,"column":null}},"type":"if","locations":[{"start":{"line":396,"column":11},"end":{"line":406,"column":null}},{"start":{},"end":{}}],"line":396},"48":{"loc":{"start":{"line":411,"column":6},"end":{"line":415,"column":null}},"type":"if","locations":[{"start":{"line":411,"column":6},"end":{"line":415,"column":null}},{"start":{},"end":{}}],"line":411},"49":{"loc":{"start":{"line":423,"column":20},"end":{"line":423,"column":null}},"type":"cond-expr","locations":[{"start":{"line":423,"column":45},"end":{"line":423,"column":61}},{"start":{"line":423,"column":61},"end":{"line":423,"column":null}}],"line":423},"50":{"loc":{"start":{"line":455,"column":2},"end":{"line":455,"column":null}},"type":"default-arg","locations":[{"start":{"line":455,"column":10},"end":{"line":455,"column":null}}],"line":455},"51":{"loc":{"start":{"line":458,"column":36},"end":{"line":458,"column":68}},"type":"binary-expr","locations":[{"start":{"line":458,"column":36},"end":{"line":458,"column":67}},{"start":{"line":458,"column":67},"end":{"line":458,"column":68}}],"line":458},"52":{"loc":{"start":{"line":460,"column":6},"end":{"line":460,"column":null}},"type":"cond-expr","locations":[{"start":{"line":460,"column":42},"end":{"line":460,"column":61}},{"start":{"line":460,"column":61},"end":{"line":460,"column":null}}],"line":460},"53":{"loc":{"start":{"line":465,"column":14},"end":{"line":465,"column":null}},"type":"cond-expr","locations":[{"start":{"line":465,"column":40},"end":{"line":465,"column":54}},{"start":{"line":465,"column":54},"end":{"line":465,"column":null}}],"line":465},"54":{"loc":{"start":{"line":466,"column":20},"end":{"line":466,"column":null}},"type":"cond-expr","locations":[{"start":{"line":466,"column":46},"end":{"line":466,"column":59}},{"start":{"line":466,"column":59},"end":{"line":466,"column":null}}],"line":466},"55":{"loc":{"start":{"line":495,"column":22},"end":{"line":504,"column":null}},"type":"cond-expr","locations":[{"start":{"line":496,"column":10},"end":{"line":503,"column":null}},{"start":{"line":504,"column":10},"end":{"line":504,"column":null}}],"line":495},"56":{"loc":{"start":{"line":509,"column":36},"end":{"line":509,"column":68}},"type":"binary-expr","locations":[{"start":{"line":509,"column":36},"end":{"line":509,"column":67}},{"start":{"line":509,"column":67},"end":{"line":509,"column":68}}],"line":509},"57":{"loc":{"start":{"line":511,"column":6},"end":{"line":511,"column":null}},"type":"cond-expr","locations":[{"start":{"line":511,"column":42},"end":{"line":511,"column":61}},{"start":{"line":511,"column":61},"end":{"line":511,"column":null}}],"line":511},"58":{"loc":{"start":{"line":514,"column":15},"end":{"line":514,"column":74}},"type":"cond-expr","locations":[{"start":{"line":514,"column":65},"end":{"line":514,"column":71}},{"start":{"line":514,"column":71},"end":{"line":514,"column":74}}],"line":514},"59":{"loc":{"start":{"line":523,"column":2},"end":{"line":525,"column":null}},"type":"if","locations":[{"start":{"line":523,"column":2},"end":{"line":525,"column":null}},{"start":{},"end":{}}],"line":523},"60":{"loc":{"start":{"line":530,"column":2},"end":{"line":536,"column":null}},"type":"if","locations":[{"start":{"line":530,"column":2},"end":{"line":536,"column":null}},{"start":{},"end":{}}],"line":530},"61":{"loc":{"start":{"line":532,"column":4},"end":{"line":535,"column":null}},"type":"if","locations":[{"start":{"line":532,"column":4},"end":{"line":535,"column":null}},{"start":{},"end":{}}],"line":532},"62":{"loc":{"start":{"line":541,"column":2},"end":{"line":557,"column":null}},"type":"if","locations":[{"start":{"line":541,"column":2},"end":{"line":557,"column":null}},{"start":{},"end":{}}],"line":541},"63":{"loc":{"start":{"line":544,"column":4},"end":{"line":556,"column":null}},"type":"if","locations":[{"start":{"line":544,"column":4},"end":{"line":556,"column":null}},{"start":{},"end":{}}],"line":544},"64":{"loc":{"start":{"line":545,"column":6},"end":{"line":551,"column":null}},"type":"if","locations":[{"start":{"line":545,"column":6},"end":{"line":551,"column":null}},{"start":{},"end":{}}],"line":545},"65":{"loc":{"start":{"line":587,"column":32},"end":{"line":587,"column":null}},"type":"binary-expr","locations":[{"start":{"line":587,"column":32},"end":{"line":587,"column":64}},{"start":{"line":587,"column":64},"end":{"line":587,"column":null}}],"line":587},"66":{"loc":{"start":{"line":593,"column":23},"end":{"line":593,"column":null}},"type":"binary-expr","locations":[{"start":{"line":593,"column":23},"end":{"line":593,"column":65}},{"start":{"line":593,"column":65},"end":{"line":593,"column":null}}],"line":593},"67":{"loc":{"start":{"line":602,"column":41},"end":{"line":602,"column":85}},"type":"binary-expr","locations":[{"start":{"line":602,"column":41},"end":{"line":602,"column":80}},{"start":{"line":602,"column":80},"end":{"line":602,"column":85}}],"line":602},"68":{"loc":{"start":{"line":616,"column":4},"end":{"line":616,"column":null}},"type":"if","locations":[{"start":{"line":616,"column":4},"end":{"line":616,"column":null}},{"start":{},"end":{}}],"line":616},"69":{"loc":{"start":{"line":632,"column":4},"end":{"line":667,"column":null}},"type":"if","locations":[{"start":{"line":632,"column":4},"end":{"line":667,"column":null}},{"start":{"line":655,"column":11},"end":{"line":667,"column":null}}],"line":632},"70":{"loc":{"start":{"line":640,"column":6},"end":{"line":654,"column":null}},"type":"if","locations":[{"start":{"line":640,"column":6},"end":{"line":654,"column":null}},{"start":{},"end":{}}],"line":640},"71":{"loc":{"start":{"line":641,"column":8},"end":{"line":642,"column":null}},"type":"binary-expr","locations":[{"start":{"line":641,"column":8},"end":{"line":641,"column":null}},{"start":{"line":642,"column":8},"end":{"line":642,"column":null}}],"line":641},"72":{"loc":{"start":{"line":657,"column":6},"end":{"line":666,"column":null}},"type":"if","locations":[{"start":{"line":657,"column":6},"end":{"line":666,"column":null}},{"start":{},"end":{}}],"line":657},"73":{"loc":{"start":{"line":670,"column":15},"end":{"line":670,"column":36}},"type":"cond-expr","locations":[{"start":{"line":670,"column":27},"end":{"line":670,"column":33}},{"start":{"line":670,"column":33},"end":{"line":670,"column":36}}],"line":670},"74":{"loc":{"start":{"line":671,"column":14},"end":{"line":671,"column":null}},"type":"cond-expr","locations":[{"start":{"line":671,"column":26},"end":{"line":671,"column":33}},{"start":{"line":671,"column":33},"end":{"line":671,"column":null}}],"line":671},"75":{"loc":{"start":{"line":687,"column":17},"end":{"line":687,"column":38}},"type":"cond-expr","locations":[{"start":{"line":687,"column":29},"end":{"line":687,"column":35}},{"start":{"line":687,"column":35},"end":{"line":687,"column":38}}],"line":687},"76":{"loc":{"start":{"line":688,"column":16},"end":{"line":688,"column":null}},"type":"cond-expr","locations":[{"start":{"line":688,"column":28},"end":{"line":688,"column":35}},{"start":{"line":688,"column":35},"end":{"line":688,"column":null}}],"line":688},"77":{"loc":{"start":{"line":723,"column":42},"end":{"line":723,"column":null}},"type":"cond-expr","locations":[{"start":{"line":723,"column":64},"end":{"line":723,"column":68}},{"start":{"line":723,"column":68},"end":{"line":723,"column":null}}],"line":723},"78":{"loc":{"start":{"line":729,"column":39},"end":{"line":729,"column":null}},"type":"cond-expr","locations":[{"start":{"line":729,"column":51},"end":{"line":729,"column":55}},{"start":{"line":729,"column":55},"end":{"line":729,"column":null}}],"line":729},"79":{"loc":{"start":{"line":758,"column":2},"end":{"line":804,"column":null}},"type":"if","locations":[{"start":{"line":758,"column":2},"end":{"line":804,"column":null}},{"start":{"line":798,"column":9},"end":{"line":804,"column":null}}],"line":758},"80":{"loc":{"start":{"line":774,"column":15},"end":{"line":774,"column":null}},"type":"cond-expr","locations":[{"start":{"line":774,"column":52},"end":{"line":774,"column":59}},{"start":{"line":774,"column":59},"end":{"line":774,"column":null}}],"line":774},"81":{"loc":{"start":{"line":810,"column":4},"end":{"line":813,"column":null}},"type":"if","locations":[{"start":{"line":810,"column":4},"end":{"line":813,"column":null}},{"start":{},"end":{}}],"line":810},"82":{"loc":{"start":{"line":833,"column":26},"end":{"line":833,"column":88}},"type":"cond-expr","locations":[{"start":{"line":833,"column":48},"end":{"line":833,"column":63}},{"start":{"line":833,"column":63},"end":{"line":833,"column":88}}],"line":833},"83":{"loc":{"start":{"line":836,"column":27},"end":{"line":836,"column":84}},"type":"cond-expr","locations":[{"start":{"line":836,"column":60},"end":{"line":836,"column":73}},{"start":{"line":836,"column":73},"end":{"line":836,"column":84}}],"line":836},"84":{"loc":{"start":{"line":854,"column":4},"end":{"line":857,"column":null}},"type":"if","locations":[{"start":{"line":854,"column":4},"end":{"line":857,"column":null}},{"start":{},"end":{}}],"line":854},"85":{"loc":{"start":{"line":854,"column":8},"end":{"line":854,"column":50}},"type":"binary-expr","locations":[{"start":{"line":854,"column":8},"end":{"line":854,"column":26}},{"start":{"line":854,"column":26},"end":{"line":854,"column":50}}],"line":854},"86":{"loc":{"start":{"line":870,"column":0},"end":{"line":876,"column":null}},"type":"if","locations":[{"start":{"line":870,"column":0},"end":{"line":876,"column":null}},{"start":{},"end":{}}],"line":870},"87":{"loc":{"start":{"line":872,"column":20},"end":{"line":872,"column":null}},"type":"cond-expr","locations":[{"start":{"line":872,"column":45},"end":{"line":872,"column":61}},{"start":{"line":872,"column":61},"end":{"line":872,"column":null}}],"line":872}},"s":{"0":1,"1":1,"2":1,"3":6,"4":1,"5":1,"6":1,"7":1,"8":1,"9":1,"10":1,"11":1,"12":1,"13":1,"14":1,"15":0,"16":0,"17":0,"18":0,"19":0,"20":0,"21":0,"22":0,"23":0,"24":0,"25":0,"26":0,"27":0,"28":0,"29":0,"30":0,"31":0,"32":0,"33":0,"34":0,"35":0,"36":0,"37":1,"38":1,"39":0,"40":1,"41":0,"42":0,"43":0,"44":0,"45":0,"46":0,"47":0,"48":0,"49":0,"50":0,"51":0,"52":0,"53":0,"54":0,"55":0,"56":0,"57":0,"58":0,"59":2,"60":0,"61":0,"62":0,"63":0,"64":0,"65":0,"66":0,"67":0,"68":0,"69":0,"70":0,"71":0,"72":0,"73":0,"74":0,"75":0,"76":0,"77":0,"78":0,"79":0,"80":0,"81":0,"82":0,"83":0,"84":0,"85":0,"86":0,"87":0,"88":0,"89":0,"90":0,"91":0,"92":0,"93":0,"94":1,"95":0,"96":0,"97":0,"98":0,"99":0,"100":0,"101":0,"102":0,"103":0,"104":0,"105":0,"106":0,"107":0,"108":0,"109":0,"110":0,"111":0,"112":0,"113":0,"114":0,"115":0,"116":0,"117":0,"118":0,"119":0,"120":0,"121":0,"122":0,"123":0,"124":0,"125":0,"126":0,"127":0,"128":0,"129":0,"130":0,"131":0,"132":0,"133":0,"134":0,"135":0,"136":0,"137":0,"138":0,"139":0,"140":0,"141":0,"142":0,"143":0,"144":0,"145":0,"146":0,"147":0,"148":0,"149":0,"150":0,"151":0,"152":0,"153":0,"154":0,"155":0,"156":0,"157":0,"158":0,"159":0,"160":0,"161":0,"162":0,"163":0,"164":0,"165":0,"166":0,"167":0,"168":0,"169":1,"170":2,"171":1,"172":1,"173":1,"174":1,"175":1,"176":2,"177":1,"178":1,"179":1,"180":1,"181":0,"182":0,"183":0,"184":0,"185":0,"186":0,"187":0,"188":0,"189":0,"190":0,"191":0,"192":0,"193":0,"194":0,"195":0,"196":0,"197":0,"198":0,"199":0,"200":0,"201":0,"202":0,"203":0,"204":0,"205":0,"206":0,"207":0,"208":0,"209":0,"210":0,"211":0,"212":0,"213":0,"214":0,"215":0,"216":0,"217":0,"218":0,"219":0,"220":0,"221":0,"222":0,"223":0,"224":0,"225":0,"226":0,"227":0,"228":0,"229":0,"230":0,"231":0,"232":0,"233":0,"234":0,"235":0,"236":0,"237":0,"238":0,"239":0,"240":0,"241":0,"242":0,"243":0,"244":0,"245":0,"246":0,"247":0,"248":0,"249":0,"250":0,"251":0,"252":0,"253":0,"254":0,"255":0,"256":0,"257":0,"258":0,"259":0,"260":0,"261":0,"262":0,"263":0,"264":0,"265":0,"266":0,"267":0,"268":0,"269":0,"270":0,"271":0,"272":0,"273":0,"274":0,"275":0,"276":0,"277":0,"278":0,"279":0,"280":0,"281":0,"282":0,"283":0,"284":0,"285":0,"286":0,"287":0,"288":0,"289":0,"290":0,"291":0,"292":0,"293":0,"294":0,"295":0,"296":0,"297":0,"298":0,"299":0,"300":0,"301":0,"302":0,"303":0,"304":0,"305":0,"306":0,"307":1,"308":0,"309":0,"310":0,"311":0},"f":{"0":6,"1":0,"2":0,"3":0,"4":1,"5":0,"6":0,"7":0,"8":0,"9":0,"10":2,"11":0,"12":0,"13":0,"14":0,"15":0,"16":0,"17":0,"18":0,"19":0,"20":0,"21":0,"22":0,"23":2,"24":1,"25":1,"26":0,"27":0,"28":0,"29":0,"30":0,"31":0,"32":0,"33":0,"34":0,"35":0,"36":0,"37":0,"38":0,"39":0,"40":0,"41":0,"42":0,"43":0,"44":0,"45":0,"46":0,"47":0,"48":0,"49":0,"50":0},"b":{"0":[1,1],"1":[1,0],"2":[1,1],"3":[1,1],"4":[1,1],"5":[1,1],"6":[1,1],"7":[1,1],"8":[1,1],"9":[1,1],"10":[1,1],"11":[0,0],"12":[0,0],"13":[0,0],"14":[0,0],"15":[0,0],"16":[0,0],"17":[0,1],"18":[0,0],"19":[0,0],"20":[0,0],"21":[0,0],"22":[0,0],"23":[0,0],"24":[0,0],"25":[0,0],"26":[0,0],"27":[0,0],"28":[0,0],"29":[0,0],"30":[0,0],"31":[0,0],"32":[0,0],"33":[0,0],"34":[0,0],"35":[0,0],"36":[0,0],"37":[0,0],"38":[0],"39":[0,0],"40":[0,0],"41":[0,0],"42":[0,0],"43":[0,0],"44":[0,0],"45":[0,0],"46":[0,0],"47":[0,0],"48":[0,0],"49":[0,0],"50":[2],"51":[1,1],"52":[1,0],"53":[1,0],"54":[0,1],"55":[0,1],"56":[1,0],"57":[1,0],"58":[1,0],"59":[0,0],"60":[0,0],"61":[0,0],"62":[0,0],"63":[0,0],"64":[0,0],"65":[0,0],"66":[0,0],"67":[0,0],"68":[0,0],"69":[0,0],"70":[0,0],"71":[0,0],"72":[0,0],"73":[0,0],"74":[0,0],"75":[0,0],"76":[0,0],"77":[0,0],"78":[0,0],"79":[0,0],"80":[0,0],"81":[0,0],"82":[0,0],"83":[0,0],"84":[0,0],"85":[0,0],"86":[0,1],"87":[0,0]},"meta":{"lastBranch":88,"lastFunction":51,"lastStatement":312,"seen":{"s:48:30:48:Infinity":0,"s:50:0:50:Infinity":1,"s:52:6:65:Infinity":2,"b:54:9:54:34:54:34:54:Infinity":0,"b:57:4:57:33:57:33:57:Infinity":1,"f:60:4:60:10":0,"s:61:6:61:Infinity":3,"s:69:20:69:Infinity":4,"s:70:15:84:Infinity":5,"b:72:8:72:28:72:28:72:Infinity":2,"b:73:15:73:35:73:35:73:39":3,"b:74:34:74:69:74:69:74:92":4,"b:77:5:77:51:77:51:77:60":5,"b:79:25:79:65:79:65:79:70":6,"b:80:28:80:64:80:64:80:69":7,"b:81:23:81:53:81:53:81:56":8,"b:82:13:82:39:82:39:82:Infinity":9,"b:83:23:83:65:83:65:83:Infinity":10,"s:93:35:98:Infinity":6,"s:100:26:100:Infinity":7,"s:101:25:101:Infinity":8,"s:102:29:102:Infinity":9,"s:105:39:105:Infinity":10,"s:106:39:106:Infinity":11,"s:109:37:109:Infinity":12,"s:110:38:110:Infinity":13,"s:111:32:111:Infinity":14,"f:113:9:113:34":1,"b:114:2:114:Infinity:undefined:undefined:undefined:undefined":11,"s:114:2:114:Infinity":15,"s:114:28:114:Infinity":16,"s:115:18:115:Infinity":17,"b:116:2:121:Infinity:undefined:undefined:undefined:undefined":12,"s:116:2:121:Infinity":18,"s:117:4:117:Infinity":19,"s:118:4:118:Infinity":20,"s:119:4:119:Infinity":21,"s:120:4:120:Infinity":22,"b:122:2:125:Infinity:undefined:undefined:undefined:undefined":13,"s:122:2:125:Infinity":23,"b:122:6:122:40:122:40:122:73":14,"s:123:4:123:Infinity":24,"s:124:4:124:Infinity":25,"s:126:2:126:Infinity":26,"f:129:9:129:36":2,"s:130:2:130:Infinity":27,"s:131:2:131:Infinity":28,"s:132:2:132:Infinity":29,"b:133:2:146:Infinity:undefined:undefined:undefined:undefined":15,"s:133:2:146:Infinity":30,"b:133:6:133:52:133:52:133:74":16,"s:134:4:134:Infinity":31,"s:135:4:135:Infinity":32,"s:136:4:145:Infinity":33,"f:149:9:149:36":3,"s:150:2:150:Infinity":34,"s:151:2:151:Infinity":35,"s:152:2:152:Infinity":36,"f:155:9:155:29":4,"s:156:17:156:Infinity":37,"b:157:2:159:Infinity:undefined:undefined:undefined:undefined":17,"s:157:2:159:Infinity":38,"s:158:4:158:Infinity":39,"s:160:2:160:Infinity":40,"f:163:9:163:36":5,"s:164:2:164:Infinity":41,"b:164:9:164:32:164:32:164:Infinity":18,"b:164:63:164:74:164:74:164:Infinity":19,"f:167:9:167:34":6,"b:168:2:168:Infinity:undefined:undefined:undefined:undefined":20,"s:168:2:168:Infinity":42,"s:168:30:168:Infinity":43,"s:169:2:169:Infinity":44,"b:169:51:169:59:169:59:169:Infinity":21,"f:172:9:172:25":7,"s:173:8:173:Infinity":45,"s:174:2:174:Infinity":46,"f:177:9:177:37":8,"s:178:2:178:Infinity":47,"f:181:9:181:31":9,"b:182:2:185:Infinity:undefined:undefined:undefined:undefined":22,"s:182:2:185:Infinity":48,"s:183:4:183:Infinity":49,"s:184:4:184:Infinity":50,"b:186:2:189:Infinity:undefined:undefined:undefined:undefined":23,"s:186:2:189:Infinity":51,"s:187:4:187:Infinity":52,"s:188:4:188:Infinity":53,"s:190:19:190:Infinity":54,"b:191:2:194:Infinity:undefined:undefined:undefined:undefined":24,"s:191:2:194:Infinity":55,"s:192:4:192:Infinity":56,"s:193:4:193:Infinity":57,"s:195:2:195:Infinity":58,"f:198:9:198:17":10,"s:199:2:199:Infinity":59,"f:204:15:204:50":11,"b:205:2:208:Infinity:undefined:undefined:undefined:undefined":25,"s:205:2:208:Infinity":60,"s:206:4:206:Infinity":61,"s:207:4:207:Infinity":62,"s:210:17:210:Infinity":63,"b:210:57:210:68:210:68:210:Infinity":26,"b:211:2:214:Infinity:undefined:undefined:undefined:undefined":27,"s:211:2:214:Infinity":64,"s:212:4:212:Infinity":65,"s:213:4:213:Infinity":66,"s:215:2:249:Infinity":67,"s:216:19:216:Infinity":68,"b:216:19:216:60:216:60:216:Infinity":28,"s:217:21:217:Infinity":69,"b:218:4:221:Infinity:undefined:undefined:undefined:undefined":29,"s:218:4:221:Infinity":70,"s:219:6:219:Infinity":71,"s:220:6:220:Infinity":72,"s:222:21:222:Infinity":73,"b:222:21:222:70:222:70:222:Infinity":30,"s:223:16:223:Infinity":74,"s:224:22:224:Infinity":75,"b:225:4:228:Infinity:undefined:undefined:undefined:undefined":31,"s:225:4:228:Infinity":76,"s:226:6:226:Infinity":77,"s:227:6:227:Infinity":78,"s:229:21:236:Infinity":79,"b:237:4:245:Infinity:243:11:245:Infinity":32,"s:237:4:245:Infinity":80,"s:238:21:238:Infinity":81,"s:239:6:242:Infinity":82,"s:244:6:244:Infinity":83,"s:247:20:247:Infinity":84,"b:247:45:247:61:247:61:247:Infinity":33,"s:248:4:248:Infinity":85,"f:252:15:252:54":12,"s:253:21:253:Infinity":86,"s:254:18:254:Infinity":87,"f:254:18:254:35":13,"s:254:35:254:55":88,"s:255:2:264:Infinity":89,"s:256:21:258:Infinity":90,"s:259:4:259:Infinity":91,"s:261:4:261:Infinity":92,"s:263:4:263:Infinity":93,"s:267:60:267:Infinity":94,"f:269:9:269:30":14,"b:270:2:273:Infinity:undefined:undefined:undefined:undefined":34,"s:270:2:273:Infinity":95,"s:271:4:271:Infinity":96,"s:272:4:272:Infinity":97,"s:275:22:275:Infinity":98,"s:276:22:276:Infinity":99,"b:278:2:284:Infinity:undefined:undefined:undefined:undefined":35,"s:278:2:284:Infinity":100,"s:279:4:282:Infinity":101,"s:283:4:283:Infinity":102,"s:286:17:286:Infinity":103,"s:287:21:287:Infinity":104,"s:289:2:289:Infinity":105,"s:290:2:313:Infinity":106,"b:301:42:301:52:301:52:301:Infinity":36,"b:308:12:308:Infinity:309:12:309:Infinity":37,"s:315:2:317:Infinity":107,"f:315:28:315:37":15,"s:316:4:316:Infinity":108,"s:318:2:320:Infinity":109,"f:318:28:318:37":16,"s:319:4:319:Infinity":110,"s:321:2:324:Infinity":111,"f:321:20:321:29":17,"s:322:4:322:Infinity":112,"s:323:4:323:Infinity":113,"f:327:15:327:30":18,"b:327:44:327:66":38,"s:328:2:331:Infinity":114,"s:328:21:328:24":115,"b:329:4:329:Infinity:undefined:undefined:undefined:undefined":39,"s:329:4:329:Infinity":116,"s:329:36:329:Infinity":117,"s:330:4:330:Infinity":118,"f:330:14:330:23":19,"s:330:35:330:85":119,"s:332:2:332:Infinity":120,"f:335:15:335:30":20,"b:336:2:344:Infinity:undefined:undefined:undefined:undefined":40,"s:336:2:344:Infinity":121,"s:337:4:337:Infinity":122,"s:338:4:342:Infinity":123,"s:343:4:343:Infinity":124,"s:346:21:346:Infinity":125,"b:346:21:346:63:346:63:346:Infinity":41,"s:347:17:347:Infinity":126,"s:348:21:348:Infinity":127,"s:349:18:349:Infinity":128,"f:349:18:349:35":21,"s:349:35:349:55":129,"b:352:2:358:Infinity:undefined:undefined:undefined:undefined":42,"s:352:2:358:Infinity":130,"s:353:29:353:Infinity":131,"s:354:4:356:Infinity":132,"s:355:6:355:Infinity":133,"s:357:4:357:Infinity":134,"s:360:20:360:Infinity":135,"s:362:2:437:Infinity":136,"s:363:20:363:Infinity":137,"s:364:4:368:Infinity":138,"b:365:6:365:Infinity:undefined:undefined:undefined:undefined":43,"s:365:6:365:Infinity":139,"s:365:31:365:Infinity":140,"b:366:6:366:Infinity:undefined:undefined:undefined:undefined":44,"s:366:6:366:Infinity":141,"s:366:80:366:Infinity":142,"s:367:6:367:Infinity":143,"b:367:46:367:64:367:64:367:69":45,"s:369:4:369:Infinity":144,"s:371:19:371:Infinity":145,"s:372:21:377:Infinity":146,"s:379:22:379:Infinity":147,"s:380:4:380:Infinity":148,"b:383:4:406:Infinity:396:11:406:Infinity":46,"s:383:4:406:Infinity":149,"s:384:6:384:Infinity":150,"s:385:6:385:Infinity":151,"s:386:6:395:Infinity":152,"b:396:11:406:Infinity:undefined:undefined:undefined:undefined":47,"s:396:11:406:Infinity":153,"s:397:6:405:Infinity":154,"s:408:4:408:Infinity":155,"s:409:4:409:Infinity":156,"s:410:4:416:Infinity":157,"f:410:21:410:30":22,"b:411:6:415:Infinity:undefined:undefined:undefined:undefined":48,"s:411:6:415:Infinity":158,"s:414:8:414:Infinity":159,"s:417:4:417:Infinity":160,"s:419:25:419:Infinity":161,"s:420:4:420:Infinity":162,"s:422:4:422:Infinity":163,"s:423:20:423:Infinity":164,"b:423:45:423:61:423:61:423:Infinity":49,"s:424:4:427:Infinity":165,"s:428:4:428:Infinity":166,"s:429:4:434:Infinity":167,"s:436:4:436:Infinity":168,"s:440:16:451:Infinity":169,"f:453:16:453:Infinity":23,"b:455:10:455:Infinity":50,"s:457:2:506:Infinity":170,"f:457:34:457:41":24,"s:458:29:458:Infinity":171,"b:458:36:458:67:458:67:458:68":51,"s:459:19:461:Infinity":172,"b:460:42:460:61:460:61:460:Infinity":52,"s:462:19:462:Infinity":173,"s:463:4:463:Infinity":174,"s:464:4:505:Infinity":175,"b:465:40:465:54:465:54:465:Infinity":53,"b:466:46:466:59:466:59:466:Infinity":54,"b:496:10:503:Infinity:504:10:504:Infinity":55,"s:508:2:515:Infinity":176,"f:508:42:508:49":25,"s:509:29:509:Infinity":177,"b:509:36:509:67:509:67:509:68":56,"s:510:21:512:Infinity":178,"b:511:42:511:61:511:61:511:Infinity":57,"s:513:4:513:Infinity":179,"s:514:4:514:Infinity":180,"b:514:65:514:71:514:71:514:74":58,"f:518:9:518:73":26,"s:519:20:521:Infinity":181,"f:519:20:519:38":27,"s:520:4:520:Infinity":182,"s:522:21:522:Infinity":183,"b:523:2:525:Infinity:undefined:undefined:undefined:undefined":59,"s:523:2:525:Infinity":184,"s:524:4:524:Infinity":185,"s:526:2:526:Infinity":186,"f:529:15:529:44":28,"b:530:2:536:Infinity:undefined:undefined:undefined:undefined":60,"s:530:2:536:Infinity":187,"s:531:10:531:Infinity":188,"b:532:4:535:Infinity:undefined:undefined:undefined:undefined":61,"s:532:4:535:Infinity":189,"s:533:6:533:Infinity":190,"s:534:6:534:Infinity":191,"s:538:2:538:Infinity":192,"s:540:27:540:Infinity":193,"b:541:2:557:Infinity:undefined:undefined:undefined:undefined":62,"s:541:2:557:Infinity":194,"s:542:4:542:Infinity":195,"s:543:18:543:Infinity":196,"b:544:4:556:Infinity:undefined:undefined:undefined:undefined":63,"s:544:4:556:Infinity":197,"b:545:6:551:Infinity:undefined:undefined:undefined:undefined":64,"s:545:6:551:Infinity":198,"s:546:8:549:Infinity":199,"s:550:8:550:Infinity":200,"s:552:6:555:Infinity":201,"s:559:8:559:Infinity":202,"s:561:2:579:Infinity":203,"s:581:2:581:Infinity":204,"s:583:8:589:Infinity":205,"f:585:4:585:20":29,"s:585:20:585:Infinity":206,"f:587:6:587:15":30,"s:587:32:587:Infinity":207,"b:587:32:587:64:587:64:587:Infinity":65,"s:590:2:590:Infinity":208,"s:592:2:597:Infinity":209,"f:592:6:592:11":31,"s:593:23:593:Infinity":210,"b:593:23:593:65:593:65:593:Infinity":66,"s:594:4:594:Infinity":211,"s:595:4:595:Infinity":212,"s:596:4:596:Infinity":213,"s:599:2:604:Infinity":214,"f:599:6:599:11":32,"s:600:4:600:Infinity":215,"s:601:20:601:Infinity":216,"s:602:4:602:Infinity":217,"b:602:41:602:80:602:80:602:85":67,"s:603:4:603:Infinity":218,"s:606:8:612:Infinity":219,"s:613:2:613:Infinity":220,"s:615:2:625:Infinity":221,"f:615:15:615:22":33,"b:616:4:616:Infinity:undefined:undefined:undefined:undefined":68,"s:616:4:616:Infinity":222,"s:616:30:616:Infinity":223,"s:617:4:617:Infinity":224,"s:618:4:624:Infinity":225,"s:629:2:677:Infinity":226,"f:629:28:629:35":34,"s:630:22:630:Infinity":227,"b:632:4:667:Infinity:655:11:667:Infinity":69,"s:632:4:667:Infinity":228,"s:633:6:633:Infinity":229,"s:634:6:634:Infinity":230,"s:637:29:637:Infinity":231,"s:638:35:638:Infinity":232,"b:640:6:654:Infinity:undefined:undefined:undefined:undefined":70,"s:640:6:654:Infinity":233,"b:641:8:641:Infinity:642:8:642:Infinity":71,"s:644:8:653:Infinity":234,"b:657:6:666:Infinity:undefined:undefined:undefined:undefined":72,"s:657:6:666:Infinity":235,"s:658:8:664:Infinity":236,"s:665:8:665:Infinity":237,"s:669:4:669:Infinity":238,"s:670:4:676:Infinity":239,"b:670:27:670:33:670:33:670:36":73,"b:671:26:671:33:671:33:671:Infinity":74,"s:680:2:707:Infinity":240,"f:683:4:683:11":35,"s:684:24:684:Infinity":241,"s:685:28:685:Infinity":242,"s:686:6:686:Infinity":243,"s:687:6:705:Infinity":244,"b:687:29:687:35:687:35:687:38":75,"b:688:28:688:35:688:35:688:Infinity":76,"f:701:13:701:19":36,"s:701:28:701:39":245,"s:709:2:709:Infinity":246,"s:712:2:746:Infinity":247,"f:712:52:712:59":37,"s:713:22:713:Infinity":248,"s:714:28:742:Infinity":249,"b:723:64:723:68:723:68:723:Infinity":77,"b:729:51:729:55:729:55:729:Infinity":78,"s:743:4:743:Infinity":250,"s:744:4:744:Infinity":251,"s:745:4:745:Infinity":252,"s:748:2:748:Infinity":253,"s:749:2:749:Infinity":254,"s:751:2:753:Infinity":255,"f:751:10:751:19":38,"s:752:4:752:Infinity":256,"s:754:2:756:Infinity":257,"f:754:10:754:22":39,"s:755:4:755:Infinity":258,"b:758:2:804:Infinity:798:9:804:Infinity":79,"s:758:2:804:Infinity":259,"s:759:4:759:Infinity":260,"s:760:24:760:Infinity":261,"s:761:43:795:Infinity":262,"b:774:52:774:59:774:59:774:Infinity":80,"s:796:17:796:Infinity":263,"s:797:4:797:Infinity":264,"s:799:21:799:Infinity":265,"s:800:4:800:Infinity":266,"s:801:4:803:Infinity":267,"f:801:12:801:18":40,"s:802:6:802:Infinity":268,"s:806:8:806:Infinity":269,"s:807:2:807:Infinity":270,"s:809:2:816:Infinity":271,"f:809:12:809:22":41,"b:810:4:813:Infinity:undefined:undefined:undefined:undefined":81,"s:810:4:813:Infinity":272,"s:811:6:811:Infinity":273,"s:812:6:812:Infinity":274,"s:814:4:814:Infinity":275,"s:815:4:815:Infinity":276,"s:818:2:843:Infinity":277,"f:818:36:818:48":42,"s:820:4:820:Infinity":278,"s:822:4:825:Infinity":279,"s:826:4:826:Infinity":280,"s:827:4:827:Infinity":281,"s:828:4:828:Infinity":282,"s:829:4:829:Infinity":283,"s:830:4:830:Infinity":284,"s:831:4:831:Infinity":285,"s:832:4:834:Infinity":286,"b:833:48:833:63:833:63:833:88":82,"s:835:4:837:Infinity":287,"b:836:60:836:73:836:73:836:84":83,"s:838:4:840:Infinity":288,"s:841:4:841:Infinity":289,"s:842:4:842:Infinity":290,"f:846:9:846:33":43,"s:847:8:863:Infinity":291,"f:847:8:847:20":44,"s:848:4:848:Infinity":292,"s:850:4:852:Infinity":293,"f:850:11:850:23":45,"s:851:6:851:Infinity":294,"b:854:4:857:Infinity:undefined:undefined:undefined:undefined":84,"s:854:4:857:Infinity":295,"b:854:8:854:26:854:26:854:50":85,"s:855:6:855:Infinity":296,"s:856:6:856:Infinity":297,"s:859:4:862:Infinity":298,"f:859:4:859:21":46,"s:860:6:860:Infinity":299,"s:861:6:861:Infinity":300,"s:865:2:865:Infinity":301,"f:865:15:865:31":47,"s:865:31:865:49":302,"s:866:2:866:Infinity":303,"f:866:15:866:32":48,"s:866:32:866:51":304,"s:867:2:867:Infinity":305,"f:867:15:867:31":49,"s:867:31:867:49":306,"b:870:0:876:Infinity:undefined:undefined:undefined:undefined":86,"s:870:0:876:Infinity":307,"s:871:2:875:Infinity":308,"f:871:16:871:23":50,"s:872:20:872:Infinity":309,"b:872:45:872:61:872:61:872:Infinity":87,"s:873:4:873:Infinity":310,"s:874:4:874:Infinity":311},"fnNames":{}}}
,"/Users/demouser/Desktop/HYBA_FULLSTACK/src/core/constants.ts": {"path":"/Users/demouser/Desktop/HYBA_FULLSTACK/src/core/constants.ts","statementMap":{"0":{"start":{"line":6,"column":13},"end":{"line":6,"column":null}},"1":{"start":{"line":7,"column":29},"end":{"line":7,"column":null}},"2":{"start":{"line":8,"column":28},"end":{"line":8,"column":null}},"3":{"start":{"line":9,"column":28},"end":{"line":9,"column":null}},"4":{"start":{"line":10,"column":27},"end":{"line":10,"column":null}},"5":{"start":{"line":15,"column":13},"end":{"line":17,"column":null}},"6":{"start":{"line":16,"column":2},"end":{"line":16,"column":null}},"7":{"start":{"line":22,"column":13},"end":{"line":24,"column":null}},"8":{"start":{"line":23,"column":2},"end":{"line":23,"column":null}}},"fnMap":{"0":{"name":"(anonymous_0)","decl":{"start":{"line":15,"column":13},"end":{"line":15,"column":40}},"loc":{"start":{"line":15,"column":70},"end":{"line":17,"column":null}},"line":15},"1":{"name":"(anonymous_1)","decl":{"start":{"line":22,"column":13},"end":{"line":22,"column":37}},"loc":{"start":{"line":22,"column":63},"end":{"line":24,"column":null}},"line":22}},"branchMap":{},"s":{"0":3,"1":3,"2":3,"3":3,"4":3,"5":3,"6":602,"7":3,"8":3405},"f":{"0":602,"1":3405},"b":{},"meta":{"lastBranch":0,"lastFunction":2,"lastStatement":9,"seen":{"s:6:13:6:Infinity":0,"s:7:29:7:Infinity":1,"s:8:28:8:Infinity":2,"s:9:28:9:Infinity":3,"s:10:27:10:Infinity":4,"s:15:13:17:Infinity":5,"f:15:13:15:40":0,"s:16:2:16:Infinity":6,"s:22:13:24:Infinity":7,"f:22:13:22:37":1,"s:23:2:23:Infinity":8},"fnNames":{}}}
,"/Users/demouser/Desktop/HYBA_FULLSTACK/src/core/security_swarm.ts": {"path":"/Users/demouser/Desktop/HYBA_FULLSTACK/src/core/security_swarm.ts","statementMap":{"0":{"start":{"line":82,"column":6},"end":{"line":82,"column":null}},"1":{"start":{"line":82,"column":43},"end":{"line":82,"column":null}},"2":{"start":{"line":83,"column":6},"end":{"line":83,"column":null}},"3":{"start":{"line":83,"column":73},"end":{"line":83,"column":null}},"4":{"start":{"line":86,"column":33},"end":{"line":86,"column":null}},"5":{"start":{"line":87,"column":35},"end":{"line":87,"column":null}},"6":{"start":{"line":88,"column":36},"end":{"line":88,"column":null}},"7":{"start":{"line":89,"column":43},"end":{"line":89,"column":null}},"8":{"start":{"line":90,"column":40},"end":{"line":90,"column":null}},"9":{"start":{"line":91,"column":38},"end":{"line":91,"column":null}},"10":{"start":{"line":92,"column":42},"end":{"line":92,"column":null}},"11":{"start":{"line":93,"column":47},"end":{"line":93,"column":null}},"12":{"start":{"line":94,"column":43},"end":{"line":94,"column":null}},"13":{"start":{"line":95,"column":42},"end":{"line":95,"column":null}},"14":{"start":{"line":96,"column":42},"end":{"line":96,"column":null}},"15":{"start":{"line":97,"column":34},"end":{"line":97,"column":null}},"16":{"start":{"line":98,"column":28},"end":{"line":98,"column":null}},"17":{"start":{"line":99,"column":27},"end":{"line":99,"column":null}},"18":{"start":{"line":100,"column":36},"end":{"line":100,"column":null}},"19":{"start":{"line":101,"column":32},"end":{"line":101,"column":null}},"20":{"start":{"line":102,"column":32},"end":{"line":102,"column":null}},"21":{"start":{"line":103,"column":38},"end":{"line":103,"column":null}},"22":{"start":{"line":104,"column":22},"end":{"line":104,"column":null}},"23":{"start":{"line":105,"column":52},"end":{"line":115,"column":null}},"24":{"start":{"line":106,"column":46},"end":{"line":106,"column":52}},"25":{"start":{"line":118,"column":4},"end":{"line":118,"column":null}},"26":{"start":{"line":122,"column":4},"end":{"line":122,"column":null}},"27":{"start":{"line":123,"column":4},"end":{"line":125,"column":null}},"28":{"start":{"line":123,"column":17},"end":{"line":123,"column":20}},"29":{"start":{"line":124,"column":6},"end":{"line":124,"column":null}},"30":{"start":{"line":126,"column":4},"end":{"line":128,"column":null}},"31":{"start":{"line":126,"column":17},"end":{"line":126,"column":20}},"32":{"start":{"line":127,"column":6},"end":{"line":127,"column":null}},"33":{"start":{"line":129,"column":4},"end":{"line":131,"column":null}},"34":{"start":{"line":129,"column":17},"end":{"line":129,"column":20}},"35":{"start":{"line":130,"column":6},"end":{"line":130,"column":null}},"36":{"start":{"line":132,"column":4},"end":{"line":132,"column":null}},"37":{"start":{"line":136,"column":4},"end":{"line":144,"column":null}},"38":{"start":{"line":153,"column":4},"end":{"line":153,"column":null}},"39":{"start":{"line":154,"column":24},"end":{"line":154,"column":null}},"40":{"start":{"line":155,"column":27},"end":{"line":155,"column":null}},"41":{"start":{"line":156,"column":24},"end":{"line":156,"column":null}},"42":{"start":{"line":156,"column":54},"end":{"line":156,"column":103}},"43":{"start":{"line":158,"column":10},"end":{"line":158,"column":null}},"44":{"start":{"line":159,"column":21},"end":{"line":165,"column":null}},"45":{"start":{"line":160,"column":29},"end":{"line":160,"column":null}},"46":{"start":{"line":161,"column":26},"end":{"line":161,"column":null}},"47":{"start":{"line":162,"column":6},"end":{"line":162,"column":null}},"48":{"start":{"line":163,"column":6},"end":{"line":163,"column":null}},"49":{"start":{"line":164,"column":6},"end":{"line":164,"column":null}},"50":{"start":{"line":167,"column":28},"end":{"line":167,"column":null}},"51":{"start":{"line":168,"column":4},"end":{"line":175,"column":null}},"52":{"start":{"line":168,"column":21},"end":{"line":168,"column":24}},"53":{"start":{"line":169,"column":19},"end":{"line":169,"column":null}},"54":{"start":{"line":170,"column":24},"end":{"line":170,"column":null}},"55":{"start":{"line":171,"column":24},"end":{"line":171,"column":null}},"56":{"start":{"line":172,"column":6},"end":{"line":172,"column":null}},"57":{"start":{"line":173,"column":6},"end":{"line":173,"column":null}},"58":{"start":{"line":174,"column":6},"end":{"line":174,"column":null}},"59":{"start":{"line":174,"column":31},"end":{"line":174,"column":null}},"60":{"start":{"line":177,"column":28},"end":{"line":177,"column":null}},"61":{"start":{"line":177,"column":66},"end":{"line":177,"column":77}},"62":{"start":{"line":179,"column":6},"end":{"line":179,"column":null}},"63":{"start":{"line":181,"column":6},"end":{"line":181,"column":null}},"64":{"start":{"line":182,"column":23},"end":{"line":182,"column":null}},"65":{"start":{"line":184,"column":6},"end":{"line":188,"column":null}},"66":{"start":{"line":192,"column":6},"end":{"line":194,"column":null}},"67":{"start":{"line":196,"column":4},"end":{"line":206,"column":null}},"68":{"start":{"line":208,"column":4},"end":{"line":208,"column":null}},"69":{"start":{"line":217,"column":19},"end":{"line":217,"column":null}},"70":{"start":{"line":218,"column":4},"end":{"line":232,"column":null}},"71":{"start":{"line":219,"column":6},"end":{"line":231,"column":null}},"72":{"start":{"line":234,"column":24},"end":{"line":234,"column":null}},"73":{"start":{"line":235,"column":4},"end":{"line":238,"column":null}},"74":{"start":{"line":235,"column":53},"end":{"line":235,"column":126}},"75":{"start":{"line":236,"column":6},"end":{"line":236,"column":null}},"76":{"start":{"line":237,"column":6},"end":{"line":237,"column":null}},"77":{"start":{"line":240,"column":30},"end":{"line":240,"column":nul
[...]
,"/Users/demouser/Desktop/HYBA_FULLSTACK/src/utils/math.ts": {"path":"/Users/demouser/Desktop/HYBA_FULLSTACK/src/utils/math.ts","statementMap":{"0":{"start":{"line":9,"column":13},"end":{"line":9,"column":null}},"1":{"start":{"line":10,"column":22},"end":{"line":10,"column":null}},"2":{"start":{"line":11,"column":37},"end":{"line":11,"column":null}},"3":{"start":{"line":19,"column":2},"end":{"line":21,"column":null}},"4":{"start":{"line":20,"column":4},"end":{"line":20,"column":null}},"5":{"start":{"line":23,"column":2},"end":{"line":30,"column":null}},"6":{"start":{"line":24,"column":10},"end":{"line":24,"column":null}},"7":{"start":{"line":25,"column":10},"end":{"line":25,"column":null}},"8":{"start":{"line":26,"column":4},"end":{"line":29,"column":null}},"9":{"start":{"line":37,"column":17},"end":{"line":37,"column":null}},"10":{"start":{"line":37,"column":45},"end":{"line":37,"column":84}},"11":{"start":{"line":38,"column":15},"end":{"line":38,"column":null}},"12":{"start":{"line":39,"column":2},"end":{"line":39,"column":null}},"13":{"start":{"line":39,"column":30},"end":{"line":39,"column":67}},"14":{"start":{"line":46,"column":14},"end":{"line":50,"column":null}},"15":{"start":{"line":47,"column":17},"end":{"line":47,"column":null}},"16":{"start":{"line":48,"column":4},"end":{"line":48,"column":null}},"17":{"start":{"line":48,"column":22},"end":{"line":48,"column":null}},"18":{"start":{"line":49,"column":4},"end":{"line":49,"column":null}},"19":{"start":{"line":52,"column":2},"end":{"line":52,"column":null}},"20":{"start":{"line":59,"column":32},"end":{"line":59,"column":null}},"21":{"start":{"line":60,"column":14},"end":{"line":60,"column":null}},"22":{"start":{"line":63,"column":2},"end":{"line":75,"column":null}},"23":{"start":{"line":63,"column":17},"end":{"line":63,"column":20}},"24":{"start":{"line":64,"column":19},"end":{"line":64,"column":null}},"25":{"start":{"line":65,"column":29},"end":{"line":73,"column":null}},"26":{"start":{"line":67,"column":26},"end":{"line":67,"column":null}},"27":{"start":{"line":68,"column":21},"end":{"line":68,"column":null}},"28":{"start":{"line":69,"column":6},"end":{"line":72,"column":null}},"29":{"start":{"line":74,"column":4},"end":{"line":74,"column":null}},"30":{"start":{"line":76,"column":2},"end":{"line":76,"column":null}},"31":{"start":{"line":88,"column":34},"end":{"line":88,"column":null}},"32":{"start":{"line":91,"column":25},"end":{"line":94,"column":null}},"33":{"start":{"line":91,"column":69},"end":{"line":94,"column":4}},"34":{"start":{"line":96,"column":2},"end":{"line":104,"column":null}},"35":{"start":{"line":103,"column":35},"end":{"line":103,"column":75}},"36":{"start":{"line":106,"column":2},"end":{"line":136,"column":null}},"37":{"start":{"line":106,"column":18},"end":{"line":106,"column":21}},"38":{"start":{"line":109,"column":4},"end":{"line":109,"column":null}},"39":{"start":{"line":110,"column":4},"end":{"line":110,"column":null}},"40":{"start":{"line":112,"column":28},"end":{"line":112,"column":null}},"41":{"start":{"line":112,"column":47},"end":{"line":112,"column":87}},"42":{"start":{"line":116,"column":21},"end":{"line":116,"column":null}},"43":{"start":{"line":116,"column":48},"end":{"line":116,"column":61}},"44":{"start":{"line":117,"column":21},"end":{"line":117,"column":null}},"45":{"start":{"line":117,"column":48},"end":{"line":117,"column":61}},"46":{"start":{"line":119,"column":4},"end":{"line":122,"column":null}},"47":{"start":{"line":119,"column":32},"end":{"line":122,"column":6}},"48":{"start":{"line":125,"column":4},"end":{"line":125,"column":null}},"49":{"start":{"line":127,"column":4},"end":{"line":135,"column":null}},"50":{"start":{"line":134,"column":37},"end":{"line":134,"column":77}},"51":{"start":{"line":138,"column":2},"end":{"line":138,"column":null}},"52":{"start":{"line":145,"column":34},"end":{"line":145,"column":null}},"53":{"start":{"line":151,"column":22},"end":{"line":151,"column":null}},"54":{"start":{"line":152,"column":17},"end":{"line":152,"column":null}},"55":{"start":{"line":153,"column":33},"end":{"line":153,"column":null}},"56":{"start":{"line":155,"column":29},"end":{"line":155,"column":null}},"57":{"start":{"line":156,"column":21},"end":{"line":159,"column":null}},"58":{"start":{"line":157,"column":20},"end":{"line":157,"column":null}},"59":{"start":{"line":160,"column":19},"end":{"line":160,"column":null}},"60":{"start":{"line":162,"column":4},"end":{"line":182,"column":null}},"61":{"start":{"line":177,"column":82},"end":{"line":177,"column":111}},"62":{"start":{"line":189,"column":22},"end":{"line":189,"column":null}},"63":{"start":{"line":190,"column":17},"end":{"line":190,"column":null}},"64":{"start":{"line":191,"column":33},"end":{"line":191,"column":null}},"65":{"start":{"line":191,"column":68},"end":{"line":191,"column":83}},"66":{"start":{"line":192,"column":4},"end":{"line":192,"column":null}},"67":{"start":{"line":194,"column":24},"end":{"line":194,"column":null}},"68":{"start":{"line":197,"column":39},"end":{"line":200,"column":null}},"69":{"start":{"line":197,"column":74},"end":{"line":200,"column":6}},"70":{"start":{"line":202,"column":25},"end":{"line":202,"column":null}},"71":{"start":{"line":203,"column":28},"end":{"line":203,"column":null}},"72":{"start":{"line":204,"column":19},"end":{"line":204,"column":null}},"73":{"start":{"line":206,"column":4},"end":{"line":226,"column":null}},"74":{"start":{"line":233,"column":22},"end":{"line":233,"column":null}},"75":{"start":{"line":234,"column":17},"end":{"line":234,"column":null}},"76":{"start":{"line":235,"column":21},"end":{"line":235,"column":null}},"77":{"start":{"line":238,"column":27},"end":{"line":238,"column":null}},"78":{"start":{"line":239,"column":32},"end":{"line":239,"column":null}},"79":{"start":{"line":241,"column":4},"end":{"line":259,"column":null}},"80":{"start":{"line":243,"column":20},"end":{"line":243,"column":null}},"81":{"start":{"line":244,"column":38},"end":{"line":244,"column":null}},"82":{"start":{"line":247,"column":20},"end":{"line":249,"column":null}},"83":{"start":{"line":251,"column":6},"end":{"line":253,"column":null}},"84":{"start":{"line":256,"column":6},"end":{"line":258,"column":null}},"85":{"start":{"line":257,"column":8},"end":{"line":257,"column":null}},"86":{"start":{"line":261,"column":4},"end":{"line":281,"column":null}},"87":{"start":{"line":288,"column":22},"end":{"line":288,"column":null}},"88":{"start":{"line":289,"column":22},"end":{"line":289,"column":null}},"89":{"start":{"line":290,"column":22},"end":{"line":290,"column":null}},"90":{"start":{"line":294,"column":21},"end":{"line":294,"column":null}},"91":{"start":{"line":295,"column":21},"end":{"line":295,"column":null}},"92":{"start":{"line":297,"column":22},"end":{"line":297,"column":null}},"93":{"start":{"line":298,"column":25},"end":{"line":298,"column":null}},"94":{"start":{"line":299,"column":22},"end":{"line":299,"column":null}},"95":{"start":{"line":302,"column":27},"end":{"line":302,"column":null}},"96":{"start":{"line":303,"column":19},"end":{"line":303,"column":null}},"97":{"start":{"line":305,"column":4},"end":{"line":329,"column":null}},"98":{"start":{"line":325,"column":12},"end":{"line":325,"column":null}},"99":{"start":{"line":336,"column":22},"end":{"line":336,"column":null}},"100":{"start":{"line":341,"column":26},"end":{"line":341,"column":null}},"101":{"start":{"line":342,"column":44},"end":{"line":342,"column":null}},"102":{"start":{"line":343,"column":31},"end":{"line":343,"column":null}},"103":{"start":{"line":345,"column":26},"end":{"line":345,"column":null}},"104":{"start":{"line":346,"column":28},"end":{"line":346,"column":null}},"105":{"start":{"line":349,"column":34},"end":{"line":349,"column":null}},"106":{"start":{"line":350,"column":19},"end":{"line":350,"column":null}},"107":{"start":{"line":352,"column":4},"end":{"line":375,"column":null}},"108":{"start":{"line":378,"column":2},"end":{"line":378,"column":null}}},"fnMap":{"0":{"name":"generateDeterministicComplexVector","decl":{"start":{"line":18,"column":16},"end":{"line":18,"column":51}},"loc":{"start":{"line":18,"column":87},"end":{"line":31,"column":null}},"line":18},"1":{"name":"(anonymous_1)","decl":{"start":{"line":23,"column":35},"end":{"line":23,"column":39}},"loc":{"start":{"line":23,"column":52},"end":{"line":30,"column":3}},"line":23},"2":{"name":"normalize","decl":{"start":{"line":36,"column":16},"end":{"line":36,"column":26}},"loc":{"start":{"line":36,"column":56},"end":{"line":40,"column":null}},"line":36},"3":{"name":"(anonymous_3)","decl":{"start":{"line":37,"column":24},"end":{"line":37,"column":32}},"loc":{"start":{"line":37,"column":45},"end":{"line":37,"column":84}},"line":37},"4":{"name":"(anonymous_4)","decl":{"start":{"line":39,"column":16},"end":{"line":39,"column":21}},"loc":{"start":{"line":39,"column":30},"end":{"line":39,"column":67}},"line":39},"5":{"name":"calculateEntropy","decl":{"start":{"line":45,"column":16},"end":{"line":45,"column":33}},"loc":{"start":{"line":45,"column":60},"end":{"line":53,"column":null}},"line":45},"6":{"name":"(anonymous_6)","decl":{"start":{"line":46,"column":22},"end":{"line":46,"column":30}},"loc":{"start":{"line":46,"column":43},"end":{"line":50,"column":5}},"line":46},"7":{"name":"getDodecahedralVertices","decl":{"start":{"line":58,"column":16},"end":{"line":58,"column":40}},"loc":{"start":{"line":58,"column":76},"end":{"line":77,"column":null}},"line":58},"8":{"name":"(anonymous_8)","decl":{"start":{"line":65,"column":62},"end":{"line":65,"column":67}},"loc":{"start":{"line":65,"column":79},"end":{"line":73,"column":5}},"line":65},"9":{"name":"computeQuantumGrover","decl":{"start":{"line":83,"column":16},"end":{"line":83,"column":null}},"loc":{"start":{"line":87,"column":20},"end":{"line":139,"column":null}},"line":87},"10":{"name":"(anonymous_10)","decl":{"start":{"line":91,"column":58},"end":{"line":91,"column":69}},"loc":{"start":{"line":91,"column":69},"end":{"line":94,"column":4}},"line":91},"11":{"name":"(anonymous_11)","decl":{"start":{"line":103,"column":22},"end":{"line":103,"column":27}},"loc":{"start":{"line":103,"column":35},"end":{"line":103,"column":75}},"line":103},"12":{"name":"(anonymous_12)","decl":{"start":{"line":112,"column":34},"end":{"line":112,"column":39}},"loc":{"start":{"line":112,"column":47},"end":{"line":112,"column":87}},"line":112},"13":{"name":"(anonymous_13)","decl":{"start":{"line":116,"column":27},"end":{"line":116,"column":35}},"loc":{"start":{"line":116,"column":48},"end":{"line":116,"column":61}},"line":116},"14":{"name":"(anonymous_14)","decl":{"start":{"line":117,"column":27},"end":{"line":117,"column":35}},"loc":{"start":{"line":117,"column":48},"end":{"line":117,"column":61}},"line":117},"15":{"name":"(anonymous_15)","decl":{"start":{"line":119,"column":18},"end":{"line":119,"column":23}},"loc":{"start":{"line":119,"column":32},"end":{"line":122,"column":6}},"line":119},"16":{"name":"(anonymous_16)","decl":{"start":{"line":134,"column":24},"end":{"line":134,"column":29}},"loc":{"start":{"line":134,"column":37},"end":{"line":134,"column":77}},"line":134},"17":{"name":"runVerificationTests","decl":{"start":{"line":144,"column":16},"end":{"line":144,"column":57}},"loc":{"start":{"line":144,"column":57},"end":{"line":379,"column":null}},"line":144},"18":{"name":"(anonymous_18)","decl":{"start":{"line":156,"column":38},"end":{"line":156,"column":null}},"loc":{"start":{"line":157,"column":20},"end":{"line":157,"column":null}},"line":157},"19":{"name":"(anonymous_19)","decl":{"start":{"line":177,"column":65},"end":{"line":177,"column":73}},"loc":{"start":{"line":177,"column":82},"end":{"line":177,"column":111}},"line":177},"20":{"name":"(anonymous_20)","decl":{"start":{"line":191,"column":57},"end":{"line":191,"column":68}},"loc":{"start":{"line":191,"column":68},"end":{"line":191,"column":83}},"line":191},"21":{"name":"(anonymous_21)","decl":{"start":{"line":197,"column":63},"end":{"line":197,"column":74}},"loc":{"start":{"line":197,"column":74},"end":{"line":200,"column":6}},"line":197},"22":{"name":"(anonymous_22)","decl":{"start":{"line":241,"column":13},"end":{"line":241,"column":22}},"loc":{"start":{"line":241,"column":35},"end":{"line":259,"column":5}},"line":241},"23":{"name":"(anonymous_23)","decl":{"start":{"line":323,"column":20},"end":{"line":323,"column":null}},"loc":{"start":{"line":325,"column":12},"end":{"line":325,"column":null}},"line":325}},"branchMap":{"0":{"loc":{"start":{"line":18,"column":65},"end":{"line":18,"column":87}},"type":"default-arg","locations":[{"start":{"line":18,"column":73},"end":{"line":18,"column":87}}],"line":18},"1":{"loc":{"start":{"line":19,"column":2},"end":{"line":21,"column":null}},"type":"if","locations":[{"start":{"line":19,"column":2},"end":{"line":21,"column":null}},{"start":{},"end":{}}],"line":19},"2":{"loc":{"start":{"line":19,"column":6},"end":{"line":19,"column":44}},"type":"binary-expr","locations":[{"start":{"line":19,"column":6},"end":{"line":19,"column":33}},{"start":{"line":19,"column":33},"end":{"line":19,"column":44}}],"line":19},"3":{"loc":{"start":{"line":38,"column":25},"end":{"line":38,"column":38}},"type":"binary-expr","locations":[{"start":{"line":38,"column":25},"end":{"line":38,"column":35}},{"start":{"line":38,"column":35},"end":{"line":38,"column":38}}],"line":38},"4":{"loc":{"start":{"line":48,"column":4},"end":{"line":48,"column":null}},"type":"if","locations":[{"start":{"line":48,"column":4},"end":{"line":48,"column":null}},{"start":{},"end":{}}],"line":48},"5":{"loc":{"start":{"line":256,"column":6},"end":{"line":258,"column":null}},"type":"if","locations":[{"start":{"line":256,"column":6},"end":{"line":258,"column":null}},{"start":{},"end":{}}],"line":256},"6":{"loc":{"start":{"line":256,"column":10},"end":{"line":256,"column":64}},"type":"binary-expr","locations":[{"start":{"line":256,"column":10},"end":{"line":256,"column":26}},{"start":{"line":256,"column":26},"end":{"line":256,"column":64}}],"line":256},"7":{"loc":{"start":{"line":350,"column":19},"end":{"line":350,"column":null}},"type":"binary-expr","locations":[{"start":{"line":350,"column":19},"end":{"line":350,"column":54}},{"start":{"line":350,"column":54},"end":{"line":350,"column":null}}],"line":350}},"s":{"0":1,"1":1,"2":1,"3":252,"4":52,"5":200,"6":16860,"7":16860,"8":16860,"9":2527,"10":136804,"11":2527,"12":2527,"13":136804,"14":1326,"15":79837,"16":79837,"17":1498,"18":78339,"19":1326,"20":60,"21":60,"22":60,"23":60,"24":1200,"25":1200,"26":69260,"27":69260,"28":69260,"29":1200,"30":1200,"31":210,"32":210,"33":13134,"34":210,"35":13134,"36":210,"37":210,"38":876,"39":876,"40":876,"41":63138,"42":876,"43":63138,"44":876,"45":63138,"46":876,"47":63138,"48":876,"49":876,"50":63138,"51":876,"52":0,"53":0,"54":0,"55":0,"56":0,"57":0,"58":0,"59":0,"60":0,"61":0,"62":0,"63":0,"64":0,"65":0,"66":0,"67":0,"68":0,"69":0,"70":0,"71":0,"72":0,"73":0,"74":0,"75":0,"76":0,"77":0,"78":0,"79":0,"80":0,"81":0,"82":0,"83":0,"84":0,"85":0,"86":0,"87":0,"88":0,"89":0,"90":0,"91":0,"92":0,"93":0,"94":0,"95":0,"96":0,"97":0,"98":0,"99":0,"100":0,"101":0,"102":0,"103":0,"104":0,"105":0,"106":0,"107":0,"108":0},"f":{"0":252,"1":16860,"2":2527,"3":136804,"4":136804,"5":1326,"6":79837,"7":60,"8":69260,"9":210,"10":13134,"11":13134,"12":63138,"13":63138,"14":63138,"15":63138,"16":63138,"17":0,"18":0,"19":0,"20":0,"21":0,"22":0,"23":0},"b":{"0":[252],"1":[52,200],"2":[252,250],"3":[2527,1],"4":[1498,78339],"5":[0,0],"6":[0,0],"7":[0,0]},"meta":{"lastBranch":8,"lastFunction":24,"lastStatement":109,"seen":{"s:9:13:9:Infinity":0,"s:10:22:10:Infinity":1,"s:11:37:11:Infinity":2,"f:18:16:18:51":0,"b:18:73:18:87":0,"b:19:2:21:Infinity:undefined:undefined:undefined:undefined":1,"s:19:2:21:Infinity":3,"b:19:6:19:33:19:33:19:44":2,"s:20:4:20:Infinity":4,"s:23:2:30:Infinity":5,"f:23:35:23:39":1,"s:24:10:24:Infinity":6,"s:25:10:25:Infinity":7,"s:26:4:29:Infinity":8,"f:36:16:36:26":2,"s:37:17:37:Infinity":9,"f:37:24:37:32":3,"s:37:45:37:84":10,"s:38:15:38:Infinity":11,"b:38:25:38:35:38:35:38:38":3,"s:39:2:39:Infinity":12,"f:39:16:39:21":4,"s:39:30:39:67":13,"f:45:16:45:33":5,"s:46:14:50:Infinity":14,"f:46:22:46:30":6,"s:47:17:47:Infinity":15,"b:48:4:48:Infinity:undefined:undefined:undefined:undefined":4,"s:48:4:48:Infinity":16,"s:48:22:48:Infinity":17,"s:49:4:49:Infinity":18,"s:52:2:52:Infinity":19,"f:58:16:58:40":7,"s:59:32:59:Infinity":20,"s:60:14:60:Infinity":21,"s:63:2:75:Infinity":22,"s:63:17:63:20":23,"s:64:19:64:Infinity":24,"s:65:29:73:Infinity":25,"f:65:62:65:67":8,"s:67:26:67:Infinity":26,"s:68:21:68:Infinity":27,"s:69:6:72:Infinity":28,"s:74:4:74:Infinity":29,"s:76:2:76:Infinity":30,"f:83:16:83:Infinity":9,"s:88:34:88:Infinity":31,"s:91:25:94:Infinity":32,"f:91:58:91:69":10,"s:91:69:94:4":33,"s:96:2:104:Infinity":34,"f:103:22:103:27":11,"s:103:35:103:75":35,"s:106:2:136:Infinity":36,"s:106:18:106:21":37,"s:109:4:109:Infinity":38,"s:110:4:110:Infinity":39,"s:112:28:112:Infinity":40,"f:112:34:112:39":12,"s:112:47:112:87":41,"s:116:21:116:Infinity":42,"f:116:27:116:35":13,"s:116:48:116:61":43,"s:117:21:117:Infinity":44,"f:117:27:117:35":14,"s:117:48:117:61":45,"s:119:4:122:Infinity":46,"f:119:18:119:23":15,"s:119:32:122:6":47,"s:125:4:125:Infinity":48,"s:127:4:135:Infinity":49,"f:134:24:134:29":16,"s:134:37:134:77":50,"s:138:2:138:Infinity":51,"f:144:16:144:57":17,"s:145:34:145:Infinity":52,"s:151:22:151:Infinity":53,"s:152:17:152:Infinity":54,"s:153:33:153:Infinity":55,"s:155:29:155:Infinity":56,"s:156:21:159:Infinity":57,"f:156:38:156:Infinity":18,"s:157:20:157:Infinity":58,"s:160:19:160:Infinity":59,"s:162:4:182:Infinity":60,"f:177:65:177:73":19,"s:177:82:177:111":61,"s:189:22:189:Infinity":62,"s:190:17:190:Infinity":63,"s:191:33:191:Infinity":64,"f:191:57:191:68":20,"s:191:68:191:83":65,"s:192:4:192:Infinity":66,"s:194:24:194:Infinity":67,"s:197:39:200:Infinity":68,"f:197:63:197:74":21,"s:197:74:200:6":69,"s:202:25:202:Infinity":70,"s:203:28:203:Infinity":71,"s:204:19:204:Infinity":72,"s:206:4:226:Infinity":73,"s:233:22:233:Infinity":74,"s:234:17:234:Infinity":75,"s:235:21:235:Infinity":76,"s:238:27:238:Infinity":77,"s:239:32:239:Infinity":78,"s:241:4:259:Infinity":79,"f:241:13:241:22":22,"s:243:20:243:Infinity":80,"s:244:38:244:Infinity":81,"s:247:20:249:Infinity":82,"s:251:6:253:Infinity":83,"b:256:6:258:Infinity:undefined:undefined:undefined:undefined":5,"s:256:6:258:Infinity":84,"b:256:10:256:26:256:26:256:64":6,"s:257:8:257:Infinity":85,"s:261:4:281:Infinity":86,"s:288:22:288:Infinity":87,"s:289:22:289:Infinity":88,"s:290:22:290:Infinity":89,"s:294:21:294:Infinity":90,"s:295:21:295:Infinity":91,"s:297:22:297:Infinity":92,"s:298:25:298:Infinity":93,"s:299:22:299:Infinity":94,"s:302:27:302:Infinity":95,"s:303:19:303:Infinity":96,"s:305:4:329:Infinity":97,"f:323:20:323:Infinity":23,"s:325:12:325:Infinity":98,"s:336:22:336:Infinity":99,"s:341:26:341:Infinity":100,"s:342:44:342:Infinity":101,"s:343:31:343:Infinity":102,"s:345:26:345:Infinity":103,"s:346:28:346:Infinity":104,"s:349:34:349:Infinity":105,"s:350:19:350:Infinity":106,"b:350:19:350:54:350:54:350:Infinity":7,"s:352:4:375:Infinity":107,"s:378:2:378:Infinity":108},"fnNames":{}}}
}
